[2025-04-16 11:02:45] [0;34mℹ Starting backup consolidation[0m
[2025-04-16 11:02:45] [0;34mℹ Vault root: /Users/patricksmith/obsidian/acupcakeshop[0m
[2025-04-16 11:02:45] [0;34mℹ Archive root: /Users/patricksmith/obsidian/acupcakeshop/../acupcakeshop_archives[0m
[2025-04-16 11:02:45] [0;34mℹ Log file: /Users/patricksmith/obsidian/acupcakeshop/_utilities/logs/consolidate_backups_20250416_110245.log[0m
[2025-04-16 11:02:45] [0;34mℹ Moving backup directories to archive[0m
[2025-04-16 11:02:45] [0;34mℹ Created archive directory: /Users/patricksmith/obsidian/acupcakeshop/../acupcakeshop_archives/backups/consolidated_20250416_110245[0m
[2025-04-16 11:02:45] [0;34mℹ Processing pattern: *pre_migration*[0m
[2025-04-16 11:02:45] [0;34mℹ Moving /Users/patricksmith/obsidian/acupcakeshop/System/Backups/pre_cleanup_20250409_213646/System/Backups/pre_migration_20250409_132806 to /Users/patricksmith/obsidian/acupcakeshop/../acupcakeshop_archives/backups/consolidated_20250416_110245/Backups_pre_migration_20250409_132806[0m
[2025-04-16 11:02:45] [0;32m✓ Moved /Users/patricksmith/obsidian/acupcakeshop/System/Backups/pre_cleanup_20250409_213646/System/Backups/pre_migration_20250409_132806 to archive and created placeholder[0m
[2025-04-16 11:02:45] [0;34mℹ Moving /Users/patricksmith/obsidian/acupcakeshop/System/Backups/pre_cleanup_20250409_213646/System/Backups/bak_files/System/Backups/pre_migration_20250409_181514 to /Users/patricksmith/obsidian/acupcakeshop/../acupcakeshop_archives/backups/consolidated_20250416_110245/Backups_pre_migration_20250409_181514[0m
[2025-04-16 11:02:46] [0;32m✓ Moved /Users/patricksmith/obsidian/acupcakeshop/System/Backups/pre_cleanup_20250409_213646/System/Backups/bak_files/System/Backups/pre_migration_20250409_181514 to archive and created placeholder[0m
[2025-04-16 11:02:46] [0;34mℹ Moving /Users/patricksmith/obsidian/acupcakeshop/System/Backups/pre_cleanup_20250409_213646/System/Backups/pre_migration_20250409_181514 to /Users/patricksmith/obsidian/acupcakeshop/../acupcakeshop_archives/backups/consolidated_20250416_110245/Backups_pre_migration_20250409_181514[0m
[2025-04-16 11:02:46] [0;32m✓ Moved /Users/patricksmith/obsidian/acupcakeshop/System/Backups/pre_cleanup_20250409_213646/System/Backups/pre_migration_20250409_181514 to archive and created placeholder[0m
[2025-04-16 11:02:46] [0;34mℹ Moving /Users/patricksmith/obsidian/acupcakeshop/System/Backups/pre_migration_20250409_132806 to /Users/patricksmith/obsidian/acupcakeshop/../acupcakeshop_archives/backups/consolidated_20250416_110245/Backups_pre_migration_20250409_132806[0m
[2025-04-16 11:02:46] [0;32m✓ Moved /Users/patricksmith/obsidian/acupcakeshop/System/Backups/pre_migration_20250409_132806 to archive and created placeholder[0m
[2025-04-16 11:02:46] [0;34mℹ Moving /Users/patricksmith/obsidian/acupcakeshop/System/Backups/bak_files/System/Backups/pre_migration_20250409_181514 to /Users/patricksmith/obsidian/acupcakeshop/../acupcakeshop_archives/backups/consolidated_20250416_110245/Backups_pre_migration_20250409_181514[0m
[2025-04-16 11:02:46] [0;32m✓ Moved /Users/patricksmith/obsidian/acupcakeshop/System/Backups/bak_files/System/Backups/pre_migration_20250409_181514 to archive and created placeholder[0m
[2025-04-16 11:02:46] [0;34mℹ Moving /Users/patricksmith/obsidian/acupcakeshop/System/Backups/pre_migration_20250409_181514 to /Users/patricksmith/obsidian/acupcakeshop/../acupcakeshop_archives/backups/consolidated_20250416_110245/Backups_pre_migration_20250409_181514[0m
[2025-04-16 11:02:46] [0;32m✓ Moved /Users/patricksmith/obsidian/acupcakeshop/System/Backups/pre_migration_20250409_181514 to archive and created placeholder[0m
[2025-04-16 11:02:46] [0;34mℹ Processing pattern: *backup_*[0m
[2025-04-16 11:02:46] [0;34mℹ Moving /Users/patricksmith/obsidian/acupcakeshop/backup_20250410_075058 to /Users/patricksmith/obsidian/acupcakeshop/../acupcakeshop_archives/backups/consolidated_20250416_110245/acupcakeshop_backup_20250410_075058[0m
[2025-04-16 11:02:46] [0;32m✓ Moved /Users/patricksmith/obsidian/acupcakeshop/backup_20250410_075058 to archive and created placeholder[0m
[2025-04-16 11:02:46] [0;34mℹ Processing pattern: *pre_cleanup*[0m
[2025-04-16 11:02:46] [0;34mℹ Moving /Users/patricksmith/obsidian/acupcakeshop/System/Backups/pre_cleanup_20250409_213646 to /Users/patricksmith/obsidian/acupcakeshop/../acupcakeshop_archives/backups/consolidated_20250416_110245/Backups_pre_cleanup_20250409_213646[0m
[2025-04-16 11:02:46] [0;32m✓ Moved /Users/patricksmith/obsidian/acupcakeshop/System/Backups/pre_cleanup_20250409_213646 to archive and created placeholder[0m
[2025-04-16 11:02:46] [0;34mℹ Processing pattern: *before_fix*[0m
[2025-04-16 11:02:46] [0;34mℹ Moving /Users/patricksmith/obsidian/acupcakeshop/System/Backups/before_fix_20250409_205126 to /Users/patricksmith/obsidian/acupcakeshop/../acupcakeshop_archives/backups/consolidated_20250416_110245/Backups_before_fix_20250409_205126[0m
[2025-04-16 11:02:46] [0;32m✓ Moved /Users/patricksmith/obsidian/acupcakeshop/System/Backups/before_fix_20250409_205126 to archive and created placeholder[0m
[2025-04-16 11:02:46] [0;34mℹ Processing pattern: *script_fixes*[0m
[2025-04-16 11:02:46] [0;34mℹ Moving /Users/patricksmith/obsidian/acupcakeshop/System/Backups/script_fixes_20250409_182001 to /Users/patricksmith/obsidian/acupcakeshop/../acupcakeshop_archives/backups/consolidated_20250416_110245/Backups_script_fixes_20250409_182001[0m
[2025-04-16 11:02:46] [0;32m✓ Moved /Users/patricksmith/obsidian/acupcakeshop/System/Backups/script_fixes_20250409_182001 to archive and created placeholder[0m
[2025-04-16 11:02:46] [0;34mℹ Moving log files to archive[0m
[2025-04-16 11:02:46] [0;34mℹ Created logs archive directory: /Users/patricksmith/obsidian/acupcakeshop/../acupcakeshop_archives/logs/consolidated_20250416_110245[0m
[2025-04-16 11:02:46] [0;34mℹ Moving /Users/patricksmith/obsidian/acupcakeshop/Maps/map-competitor-landscape.md.bak to /Users/patricksmith/obsidian/acupcakeshop/../acupcakeshop_archives/logs/consolidated_20250416_110245/Maps_map-competitor-landscape.md.bak[0m
[2025-04-16 11:02:46] [0;32m✓ Moved /Users/patricksmith/obsidian/acupcakeshop/Maps/map-competitor-landscape.md.bak to archive[0m
[2025-04-16 11:02:46] [0;34mℹ Moving /Users/patricksmith/obsidian/acupcakeshop/Maps/map-athlete-interviews.md.bak to /Users/patricksmith/obsidian/acupcakeshop/../acupcakeshop_archives/logs/consolidated_20250416_110245/Maps_map-athlete-interviews.md.bak[0m
[2025-04-16 11:02:46] [0;32m✓ Moved /Users/patricksmith/obsidian/acupcakeshop/Maps/map-athlete-interviews.md.bak to archive[0m
[2025-04-16 11:02:46] [0;34mℹ Moving /Users/patricksmith/obsidian/acupcakeshop/Maps/map-strategic-planning.md.bak to /Users/patricksmith/obsidian/acupcakeshop/../acupcakeshop_archives/logs/consolidated_20250416_110245/Maps_map-strategic-planning.md.bak[0m
[2025-04-16 11:02:46] [0;32m✓ Moved /Users/patricksmith/obsidian/acupcakeshop/Maps/map-strategic-planning.md.bak to archive[0m
[2025-04-16 11:02:46] [0;34mℹ Moving /Users/patricksmith/obsidian/acupcakeshop/Maps/map-service-models.md.bak to /Users/patricksmith/obsidian/acupcakeshop/../acupcakeshop_archives/logs/consolidated_20250416_110245/Maps_map-service-models.md.bak[0m
[2025-04-16 11:02:46] [0;32m✓ Moved /Users/patricksmith/obsidian/acupcakeshop/Maps/map-service-models.md.bak to archive[0m
[2025-04-16 11:02:46] [0;34mℹ Moving /Users/patricksmith/obsidian/acupcakeshop/Documentation/knowledge_graph_enhancement_guide.md.bak to /Users/patricksmith/obsidian/acupcakeshop/../acupcakeshop_archives/logs/consolidated_20250416_110245/Documentation_knowledge_graph_enhancement_guide.md.bak[0m
[2025-04-16 11:02:46] [0;32m✓ Moved /Users/patricksmith/obsidian/acupcakeshop/Documentation/knowledge_graph_enhancement_guide.md.bak to archive[0m
[2025-04-16 11:02:46] [0;34mℹ Moving /Users/patricksmith/obsidian/acupcakeshop/Documentation/template_implementation_guide.md.bak to /Users/patricksmith/obsidian/acupcakeshop/../acupcakeshop_archives/logs/consolidated_20250416_110245/Documentation_template_implementation_guide.md.bak[0m
[2025-04-16 11:02:46] [0;32m✓ Moved /Users/patricksmith/obsidian/acupcakeshop/Documentation/template_implementation_guide.md.bak to archive[0m
[2025-04-16 11:02:46] [0;34mℹ Moving /Users/patricksmith/obsidian/acupcakeshop/Documentation/yaml_frontmatter_standardization.md.bak to /Users/patricksmith/obsidian/acupcakeshop/../acupcakeshop_archives/logs/consolidated_20250416_110245/Documentation_yaml_frontmatter_standardization.md.bak[0m
[2025-04-16 11:02:46] [0;32m✓ Moved /Users/patricksmith/obsidian/acupcakeshop/Documentation/yaml_frontmatter_standardization.md.bak to archive[0m
[2025-04-16 11:02:46] [0;34mℹ Moving /Users/patricksmith/obsidian/acupcakeshop/Documentation/tagging_implementation_guide.md.bak to /Users/patricksmith/obsidian/acupcakeshop/../acupcakeshop_archives/logs/consolidated_20250416_110245/Documentation_tagging_implementation_guide.md.bak[0m
[2025-04-16 11:02:46] [0;32m✓ Moved /Users/patricksmith/obsidian/acupcakeshop/Documentation/tagging_implementation_guide.md.bak to archive[0m
[2025-04-16 11:02:46] [0;34mℹ Moving /Users/patricksmith/obsidian/acupcakeshop/Documentation/enhanced_implementation_plan.md.bak to /Users/patricksmith/obsidian/acupcakeshop/../acupcakeshop_archives/logs/consolidated_20250416_110245/Documentation_enhanced_implementation_plan.md.bak[0m
[2025-04-16 11:02:46] [0;32m✓ Moved /Users/patricksmith/obsidian/acupcakeshop/Documentation/enhanced_implementation_plan.md.bak to archive[0m
[2025-04-16 11:02:46] [0;34mℹ Moving /Users/patricksmith/obsidian/acupcakeshop/Documentation/yaml_frontmatter_guide.md.bak to /Users/patricksmith/obsidian/acupcakeshop/../acupcakeshop_archives/logs/consolidated_20250416_110245/Documentation_yaml_frontmatter_guide.md.bak[0m
[2025-04-16 11:02:46] [0;32m✓ Moved /Users/patricksmith/obsidian/acupcakeshop/Documentation/yaml_frontmatter_guide.md.bak to archive[0m
[2025-04-16 11:02:46] [0;34mℹ Moving /Users/patricksmith/obsidian/acupcakeshop/Documentation/dataview_implementation_guide.md.bak to /Users/patricksmith/obsidian/acupcakeshop/../acupcakeshop_archives/logs/consolidated_20250416_110245/Documentation_dataview_implementation_guide.md.bak[0m
[2025-04-16 11:02:46] [0;32m✓ Moved /Users/patricksmith/obsidian/acupcakeshop/Documentation/dataview_implementation_guide.md.bak to archive[0m
[2025-04-16 11:02:46] [0;34mℹ Moving /Users/patricksmith/obsidian/acupcakeshop/_utilities/scripts/migration_log_20250415_142725.log to /Users/patricksmith/obsidian/acupcakeshop/../acupcakeshop_archives/logs/consolidated_20250416_110245/scripts_migration_log_20250415_142725.log[0m
[2025-04-16 11:02:46] [0;32m✓ Moved /Users/patricksmith/obsidian/acupcakeshop/_utilities/scripts/migration_log_20250415_142725.log to archive[0m
[2025-04-16 11:02:46] [0;34mℹ Moving /Users/patricksmith/obsidian/acupcakeshop/_utilities/scripts/migration_log_20250415_142707.log to /Users/patricksmith/obsidian/acupcakeshop/../acupcakeshop_archives/logs/consolidated_20250416_110245/scripts_migration_log_20250415_142707.log[0m
[2025-04-16 11:02:46] [0;32m✓ Moved /Users/patricksmith/obsidian/acupcakeshop/_utilities/scripts/migration_log_20250415_142707.log to archive[0m
[2025-04-16 11:02:46] [0;34mℹ Moving /Users/patricksmith/obsidian/acupcakeshop/System/link_update_log_20250409_132809.log to /Users/patricksmith/obsidian/acupcakeshop/../acupcakeshop_archives/logs/consolidated_20250416_110245/System_link_update_log_20250409_132809.log[0m
[2025-04-16 11:02:46] [0;32m✓ Moved /Users/patricksmith/obsidian/acupcakeshop/System/link_update_log_20250409_132809.log to archive[0m
[2025-04-16 11:02:46] [0;34mℹ Moving /Users/patricksmith/obsidian/acupcakeshop/System/Logs/consolidate_scripts_20250415_113229.log to /Users/patricksmith/obsidian/acupcakeshop/../acupcakeshop_archives/logs/consolidated_20250416_110245/Logs_consolidate_scripts_20250415_113229.log[0m
[2025-04-16 11:02:46] [0;32m✓ Moved /Users/patricksmith/obsidian/acupcakeshop/System/Logs/consolidate_scripts_20250415_113229.log to archive[0m
[2025-04-16 11:02:46] [0;34mℹ Moving /Users/patricksmith/obsidian/acupcakeshop/System/Logs/fix_player_interviews_20250409_213524.log to /Users/patricksmith/obsidian/acupcakeshop/../acupcakeshop_archives/logs/consolidated_20250416_110245/Logs_fix_player_interviews_20250409_213524.log[0m
[2025-04-16 11:02:46] [0;32m✓ Moved /Users/patricksmith/obsidian/acupcakeshop/System/Logs/fix_player_interviews_20250409_213524.log to archive[0m
[2025-04-16 11:02:46] [0;34mℹ Moving /Users/patricksmith/obsidian/acupcakeshop/System/Logs/consolidate_scripts_20250415_113202.log to /Users/patricksmith/obsidian/acupcakeshop/../acupcakeshop_archives/logs/consolidated_20250416_110245/Logs_consolidate_scripts_20250415_113202.log[0m
[2025-04-16 11:02:46] [0;32m✓ Moved /Users/patricksmith/obsidian/acupcakeshop/System/Logs/consolidate_scripts_20250415_113202.log to archive[0m
[2025-04-16 11:02:46] [0;34mℹ Moving /Users/patricksmith/obsidian/acupcakeshop/System/Logs/consolidate_scripts_20250415_113216.log to /Users/patricksmith/obsidian/acupcakeshop/../acupcakeshop_archives/logs/consolidated_20250416_110245/Logs_consolidate_scripts_20250415_113216.log[0m
[2025-04-16 11:02:46] [0;32m✓ Moved /Users/patricksmith/obsidian/acupcakeshop/System/Logs/consolidate_scripts_20250415_113216.log to archive[0m
[2025-04-16 11:02:46] [0;34mℹ Moving /Users/patricksmith/obsidian/acupcakeshop/System/Logs/consolidate_scripts_20250415_113013.log to /Users/patricksmith/obsidian/acupcakeshop/../acupcakeshop_archives/logs/consolidated_20250416_110245/Logs_consolidate_scripts_20250415_113013.log[0m
[2025-04-16 11:02:46] [0;32m✓ Moved /Users/patricksmith/obsidian/acupcakeshop/System/Logs/consolidate_scripts_20250415_113013.log to archive[0m
[2025-04-16 11:02:46] [0;34mℹ Moving /Users/patricksmith/obsidian/acupcakeshop/System/Logs/file_utils_20250415_113013.log to /Users/patricksmith/obsidian/acupcakeshop/../acupcakeshop_archives/logs/consolidated_20250416_110245/Logs_file_utils_20250415_113013.log[0m
[2025-04-16 11:02:46] [0;32m✓ Moved /Users/patricksmith/obsidian/acupcakeshop/System/Logs/file_utils_20250415_113013.log to archive[0m
[2025-04-16 11:02:46] [0;34mℹ Moving /Users/patricksmith/obsidian/acupcakeshop/System/Logs/config_manager_20250415_131920.log to /Users/patricksmith/obsidian/acupcakeshop/../acupcakeshop_archives/logs/consolidated_20250416_110245/Logs_config_manager_20250415_131920.log[0m
[2025-04-16 11:02:46] [0;32m✓ Moved /Users/patricksmith/obsidian/acupcakeshop/System/Logs/config_manager_20250415_131920.log to archive[0m
[2025-04-16 11:02:46] [0;34mℹ Moving /Users/patricksmith/obsidian/acupcakeshop/System/Logs/config_manager_20250415_113202.log to /Users/patricksmith/obsidian/acupcakeshop/../acupcakeshop_archives/logs/consolidated_20250416_110245/Logs_config_manager_20250415_113202.log[0m
[2025-04-16 11:02:46] [0;32m✓ Moved /Users/patricksmith/obsidian/acupcakeshop/System/Logs/config_manager_20250415_113202.log to archive[0m
[2025-04-16 11:02:46] [0;34mℹ Moving /Users/patricksmith/obsidian/acupcakeshop/System/Logs/config_manager_20250415_113216.log to /Users/patricksmith/obsidian/acupcakeshop/../acupcakeshop_archives/logs/consolidated_20250416_110245/Logs_config_manager_20250415_113216.log[0m
[2025-04-16 11:02:46] [0;32m✓ Moved /Users/patricksmith/obsidian/acupcakeshop/System/Logs/config_manager_20250415_113216.log to archive[0m
[2025-04-16 11:02:46] [0;34mℹ Moving /Users/patricksmith/obsidian/acupcakeshop/System/Logs/error_handler_20250415_113202.log to /Users/patricksmith/obsidian/acupcakeshop/../acupcakeshop_archives/logs/consolidated_20250416_110245/Logs_error_handler_20250415_113202.log[0m
[2025-04-16 11:02:46] [0;32m✓ Moved /Users/patricksmith/obsidian/acupcakeshop/System/Logs/error_handler_20250415_113202.log to archive[0m
[2025-04-16 11:02:46] [0;34mℹ Moving /Users/patricksmith/obsidian/acupcakeshop/System/Logs/error_handler_20250415_113216.log to /Users/patricksmith/obsidian/acupcakeshop/../acupcakeshop_archives/logs/consolidated_20250416_110245/Logs_error_handler_20250415_113216.log[0m
[2025-04-16 11:02:46] [0;32m✓ Moved /Users/patricksmith/obsidian/acupcakeshop/System/Logs/error_handler_20250415_113216.log to archive[0m
[2025-04-16 11:02:46] [0;34mℹ Moving /Users/patricksmith/obsidian/acupcakeshop/System/Logs/config_manager_20250415_113229.log to /Users/patricksmith/obsidian/acupcakeshop/../acupcakeshop_archives/logs/consolidated_20250416_110245/Logs_config_manager_20250415_113229.log[0m
[2025-04-16 11:02:46] [0;32m✓ Moved /Users/patricksmith/obsidian/acupcakeshop/System/Logs/config_manager_20250415_113229.log to archive[0m
[2025-04-16 11:02:46] [0;34mℹ Moving /Users/patricksmith/obsidian/acupcakeshop/System/Logs/error_handler_20250415_113229.log to /Users/patricksmith/obsidian/acupcakeshop/../acupcakeshop_archives/logs/consolidated_20250416_110245/Logs_error_handler_20250415_113229.log[0m
[2025-04-16 11:02:46] [0;32m✓ Moved /Users/patricksmith/obsidian/acupcakeshop/System/Logs/error_handler_20250415_113229.log to archive[0m
[2025-04-16 11:02:46] [0;34mℹ Moving /Users/patricksmith/obsidian/acupcakeshop/System/Logs/error_handler_20250415_113013.log to /Users/patricksmith/obsidian/acupcakeshop/../acupcakeshop_archives/logs/consolidated_20250416_110245/Logs_error_handler_20250415_113013.log[0m
[2025-04-16 11:02:46] [0;32m✓ Moved /Users/patricksmith/obsidian/acupcakeshop/System/Logs/error_handler_20250415_113013.log to archive[0m
[2025-04-16 11:02:46] [0;34mℹ Moving /Users/patricksmith/obsidian/acupcakeshop/System/Logs/file_utils_20250415_131920.log to /Users/patricksmith/obsidian/acupcakeshop/../acupcakeshop_archives/logs/consolidated_20250416_110245/Logs_file_utils_20250415_131920.log[0m
[2025-04-16 11:02:46] [0;32m✓ Moved /Users/patricksmith/obsidian/acupcakeshop/System/Logs/file_utils_20250415_131920.log to archive[0m
[2025-04-16 11:02:46] [0;34mℹ Moving /Users/patricksmith/obsidian/acupcakeshop/System/Logs/config_manager_20250415_113013.log to /Users/patricksmith/obsidian/acupcakeshop/../acupcakeshop_archives/logs/consolidated_20250416_110245/Logs_config_manager_20250415_113013.log[0m
[2025-04-16 11:02:46] [0;32m✓ Moved /Users/patricksmith/obsidian/acupcakeshop/System/Logs/config_manager_20250415_113013.log to archive[0m
[2025-04-16 11:02:47] [0;34mℹ Moving /Users/patricksmith/obsidian/acupcakeshop/System/Logs/file_utils_20250415_113202.log to /Users/patricksmith/obsidian/acupcakeshop/../acupcakeshop_archives/logs/consolidated_20250416_110245/Logs_file_utils_20250415_113202.log[0m
[2025-04-16 11:02:47] [0;32m✓ Moved /Users/patricksmith/obsidian/acupcakeshop/System/Logs/file_utils_20250415_113202.log to archive[0m
[2025-04-16 11:02:47] [0;34mℹ Moving /Users/patricksmith/obsidian/acupcakeshop/System/Logs/file_utils_20250415_113216.log to /Users/patricksmith/obsidian/acupcakeshop/../acupcakeshop_archives/logs/consolidated_20250416_110245/Logs_file_utils_20250415_113216.log[0m
[2025-04-16 11:02:47] [0;32m✓ Moved /Users/patricksmith/obsidian/acupcakeshop/System/Logs/file_utils_20250415_113216.log to archive[0m
[2025-04-16 11:02:47] [0;34mℹ Moving /Users/patricksmith/obsidian/acupcakeshop/System/Logs/file_utils_20250415_113229.log to /Users/patricksmith/obsidian/acupcakeshop/../acupcakeshop_archives/logs/consolidated_20250416_110245/Logs_file_utils_20250415_113229.log[0m
[2025-04-16 11:02:47] [0;32m✓ Moved /Users/patricksmith/obsidian/acupcakeshop/System/Logs/file_utils_20250415_113229.log to archive[0m
[2025-04-16 11:02:47] [0;34mℹ Moving /Users/patricksmith/obsidian/acupcakeshop/System/Logs/consolidate_scripts_20250415_113647.log to /Users/patricksmith/obsidian/acupcakeshop/../acupcakeshop_archives/logs/consolidated_20250416_110245/Logs_consolidate_scripts_20250415_113647.log[0m
[2025-04-16 11:02:47] [0;32m✓ Moved /Users/patricksmith/obsidian/acupcakeshop/System/Logs/consolidate_scripts_20250415_113647.log to archive[0m
[2025-04-16 11:02:47] [0;34mℹ Moving /Users/patricksmith/obsidian/acupcakeshop/System/Logs/consolidate_scripts_20250415_113135.log to /Users/patricksmith/obsidian/acupcakeshop/../acupcakeshop_archives/logs/consolidated_20250416_110245/Logs_consolidate_scripts_20250415_113135.log[0m
[2025-04-16 11:02:47] [0;32m✓ Moved /Users/patricksmith/obsidian/acupcakeshop/System/Logs/consolidate_scripts_20250415_113135.log to archive[0m
[2025-04-16 11:02:47] [0;34mℹ Moving /Users/patricksmith/obsidian/acupcakeshop/System/Logs/error_handler_20250415_113425.log to /Users/patricksmith/obsidian/acupcakeshop/../acupcakeshop_archives/logs/consolidated_20250416_110245/Logs_error_handler_20250415_113425.log[0m
[2025-04-16 11:02:47] [0;32m✓ Moved /Users/patricksmith/obsidian/acupcakeshop/System/Logs/error_handler_20250415_113425.log to archive[0m
[2025-04-16 11:02:47] [0;34mℹ Moving /Users/patricksmith/obsidian/acupcakeshop/System/Logs/config_manager_20250415_113425.log to /Users/patricksmith/obsidian/acupcakeshop/../acupcakeshop_archives/logs/consolidated_20250416_110245/Logs_config_manager_20250415_113425.log[0m
[2025-04-16 11:02:47] [0;32m✓ Moved /Users/patricksmith/obsidian/acupcakeshop/System/Logs/config_manager_20250415_113425.log to archive[0m
[2025-04-16 11:02:47] [0;34mℹ Moving /Users/patricksmith/obsidian/acupcakeshop/System/Logs/final_cleanup_20250409_213712.log to /Users/patricksmith/obsidian/acupcakeshop/../acupcakeshop_archives/logs/consolidated_20250416_110245/Logs_final_cleanup_20250409_213712.log[0m
[2025-04-16 11:02:47] [0;32m✓ Moved /Users/patricksmith/obsidian/acupcakeshop/System/Logs/final_cleanup_20250409_213712.log to archive[0m
[2025-04-16 11:02:47] [0;34mℹ Moving /Users/patricksmith/obsidian/acupcakeshop/System/Logs/file_utils_20250415_113145.log to /Users/patricksmith/obsidian/acupcakeshop/../acupcakeshop_archives/logs/consolidated_20250416_110245/Logs_file_utils_20250415_113145.log[0m
[2025-04-16 11:02:47] [0;32m✓ Moved /Users/patricksmith/obsidian/acupcakeshop/System/Logs/file_utils_20250415_113145.log to archive[0m
[2025-04-16 11:02:47] [0;34mℹ Moving /Users/patricksmith/obsidian/acupcakeshop/System/Logs/comprehensive_recovery_20250409_212840.log to /Users/patricksmith/obsidian/acupcakeshop/../acupcakeshop_archives/logs/consolidated_20250416_110245/Logs_comprehensive_recovery_20250409_212840.log[0m
[2025-04-16 11:02:47] [0;32m✓ Moved /Users/patricksmith/obsidian/acupcakeshop/System/Logs/comprehensive_recovery_20250409_212840.log to archive[0m
[2025-04-16 11:02:47] [0;34mℹ Moving /Users/patricksmith/obsidian/acupcakeshop/System/Logs/file_utils_20250415_113425.log to /Users/patricksmith/obsidian/acupcakeshop/../acupcakeshop_archives/logs/consolidated_20250416_110245/Logs_file_utils_20250415_113425.log[0m
[2025-04-16 11:02:47] [0;32m✓ Moved /Users/patricksmith/obsidian/acupcakeshop/System/Logs/file_utils_20250415_113425.log to archive[0m
[2025-04-16 11:02:47] [0;34mℹ Moving /Users/patricksmith/obsidian/acupcakeshop/System/Logs/vault_fix_20250410_075058.log to /Users/patricksmith/obsidian/acupcakeshop/../acupcakeshop_archives/logs/consolidated_20250416_110245/Logs_vault_fix_20250410_075058.log[0m
[2025-04-16 11:02:47] [0;32m✓ Moved /Users/patricksmith/obsidian/acupcakeshop/System/Logs/vault_fix_20250410_075058.log to archive[0m
[2025-04-16 11:02:47] [0;34mℹ Moving /Users/patricksmith/obsidian/acupcakeshop/System/Logs/config_manager_20250415_113145.log to /Users/patricksmith/obsidian/acupcakeshop/../acupcakeshop_archives/logs/consolidated_20250416_110245/Logs_config_manager_20250415_113145.log[0m
[2025-04-16 11:02:47] [0;32m✓ Moved /Users/patricksmith/obsidian/acupcakeshop/System/Logs/config_manager_20250415_113145.log to archive[0m
[2025-04-16 11:02:47] [0;34mℹ Moving /Users/patricksmith/obsidian/acupcakeshop/System/Logs/error_handler_20250415_113145.log to /Users/patricksmith/obsidian/acupcakeshop/../acupcakeshop_archives/logs/consolidated_20250416_110245/Logs_error_handler_20250415_113145.log[0m
[2025-04-16 11:02:47] [0;32m✓ Moved /Users/patricksmith/obsidian/acupcakeshop/System/Logs/error_handler_20250415_113145.log to archive[0m
[2025-04-16 11:02:47] [0;34mℹ Moving /Users/patricksmith/obsidian/acupcakeshop/System/Logs/consolidate_scripts_20250415_113509.log to /Users/patricksmith/obsidian/acupcakeshop/../acupcakeshop_archives/logs/consolidated_20250416_110245/Logs_consolidate_scripts_20250415_113509.log[0m
[2025-04-16 11:02:47] [0;32m✓ Moved /Users/patricksmith/obsidian/acupcakeshop/System/Logs/consolidate_scripts_20250415_113509.log to archive[0m
[2025-04-16 11:02:47] [0;34mℹ Moving /Users/patricksmith/obsidian/acupcakeshop/System/Logs/file_utils_20250415_113509.log to /Users/patricksmith/obsidian/acupcakeshop/../acupcakeshop_archives/logs/consolidated_20250416_110245/Logs_file_utils_20250415_113509.log[0m
[2025-04-16 11:02:47] [0;32m✓ Moved /Users/patricksmith/obsidian/acupcakeshop/System/Logs/file_utils_20250415_113509.log to archive[0m
[2025-04-16 11:02:47] [0;34mℹ Moving /Users/patricksmith/obsidian/acupcakeshop/System/Logs/consolidate_scripts_20250415_113425.log to /Users/patricksmith/obsidian/acupcakeshop/../acupcakeshop_archives/logs/consolidated_20250416_110245/Logs_consolidate_scripts_20250415_113425.log[0m
[2025-04-16 11:02:47] [0;32m✓ Moved /Users/patricksmith/obsidian/acupcakeshop/System/Logs/consolidate_scripts_20250415_113425.log to archive[0m
[2025-04-16 11:02:47] [0;34mℹ Moving /Users/patricksmith/obsidian/acupcakeshop/System/Logs/error_handler_20250415_113647.log to /Users/patricksmith/obsidian/acupcakeshop/../acupcakeshop_archives/logs/consolidated_20250416_110245/Logs_error_handler_20250415_113647.log[0m
[2025-04-16 11:02:47] [0;32m✓ Moved /Users/patricksmith/obsidian/acupcakeshop/System/Logs/error_handler_20250415_113647.log to archive[0m
[2025-04-16 11:02:47] [0;34mℹ Moving /Users/patricksmith/obsidian/acupcakeshop/System/Logs/error_handler_20250415_113135.log to /Users/patricksmith/obsidian/acupcakeshop/../acupcakeshop_archives/logs/consolidated_20250416_110245/Logs_error_handler_20250415_113135.log[0m
[2025-04-16 11:02:47] [0;32m✓ Moved /Users/patricksmith/obsidian/acupcakeshop/System/Logs/error_handler_20250415_113135.log to archive[0m
[2025-04-16 11:02:47] [0;34mℹ Moving /Users/patricksmith/obsidian/acupcakeshop/System/Logs/config_manager_20250415_113647.log to /Users/patricksmith/obsidian/acupcakeshop/../acupcakeshop_archives/logs/consolidated_20250416_110245/Logs_config_manager_20250415_113647.log[0m
[2025-04-16 11:02:47] [0;32m✓ Moved /Users/patricksmith/obsidian/acupcakeshop/System/Logs/config_manager_20250415_113647.log to archive[0m
[2025-04-16 11:02:47] [0;34mℹ Moving /Users/patricksmith/obsidian/acupcakeshop/System/Logs/config_manager_20250415_113135.log to /Users/patricksmith/obsidian/acupcakeshop/../acupcakeshop_archives/logs/consolidated_20250416_110245/Logs_config_manager_20250415_113135.log[0m
[2025-04-16 11:02:47] [0;32m✓ Moved /Users/patricksmith/obsidian/acupcakeshop/System/Logs/config_manager_20250415_113135.log to archive[0m
[2025-04-16 11:02:47] [0;34mℹ Moving /Users/patricksmith/obsidian/acupcakeshop/System/Logs/error_handler_20250415_113509.log to /Users/patricksmith/obsidian/acupcakeshop/../acupcakeshop_archives/logs/consolidated_20250416_110245/Logs_error_handler_20250415_113509.log[0m
[2025-04-16 11:02:47] [0;32m✓ Moved /Users/patricksmith/obsidian/acupcakeshop/System/Logs/error_handler_20250415_113509.log to archive[0m
[2025-04-16 11:02:47] [0;34mℹ Moving /Users/patricksmith/obsidian/acupcakeshop/System/Logs/config_manager_20250415_113509.log to /Users/patricksmith/obsidian/acupcakeshop/../acupcakeshop_archives/logs/consolidated_20250416_110245/Logs_config_manager_20250415_113509.log[0m
[2025-04-16 11:02:47] [0;32m✓ Moved /Users/patricksmith/obsidian/acupcakeshop/System/Logs/config_manager_20250415_113509.log to archive[0m
[2025-04-16 11:02:47] [0;34mℹ Moving /Users/patricksmith/obsidian/acupcakeshop/System/Logs/consolidate_scripts_20250415_113145.log to /Users/patricksmith/obsidian/acupcakeshop/../acupcakeshop_archives/logs/consolidated_20250416_110245/Logs_consolidate_scripts_20250415_113145.log[0m
[2025-04-16 11:02:47] [0;32m✓ Moved /Users/patricksmith/obsidian/acupcakeshop/System/Logs/consolidate_scripts_20250415_113145.log to archive[0m
[2025-04-16 11:02:47] [0;34mℹ Moving /Users/patricksmith/obsidian/acupcakeshop/System/Logs/file_utils_20250415_113647.log to /Users/patricksmith/obsidian/acupcakeshop/../acupcakeshop_archives/logs/consolidated_20250416_110245/Logs_file_utils_20250415_113647.log[0m
[2025-04-16 11:02:47] [0;32m✓ Moved /Users/patricksmith/obsidian/acupcakeshop/System/Logs/file_utils_20250415_113647.log to archive[0m
[2025-04-16 11:02:47] [0;34mℹ Moving /Users/patricksmith/obsidian/acupcakeshop/System/Logs/file_utils_20250415_113135.log to /Users/patricksmith/obsidian/acupcakeshop/../acupcakeshop_archives/logs/consolidated_20250416_110245/Logs_file_utils_20250415_113135.log[0m
[2025-04-16 11:02:47] [0;32m✓ Moved /Users/patricksmith/obsidian/acupcakeshop/System/Logs/file_utils_20250415_113135.log to archive[0m
[2025-04-16 11:02:47] [0;34mℹ Moving /Users/patricksmith/obsidian/acupcakeshop/System/Backups/bak_files/System/Backups/bak_files/Maps/map-competitor-landscape.md.bak to /Users/patricksmith/obsidian/acupcakeshop/../acupcakeshop_archives/logs/consolidated_20250416_110245/Maps_map-competitor-landscape.md.bak[0m
[2025-04-16 11:02:47] [0;32m✓ Moved /Users/patricksmith/obsidian/acupcakeshop/System/Backups/bak_files/System/Backups/bak_files/Maps/map-competitor-landscape.md.bak to archive[0m
[2025-04-16 11:02:47] [0;34mℹ Moving /Users/patricksmith/obsidian/acupcakeshop/System/Backups/bak_files/System/Backups/bak_files/Maps/map-athlete-interviews.md.bak to /Users/patricksmith/obsidian/acupcakeshop/../acupcakeshop_archives/logs/consolidated_20250416_110245/Maps_map-athlete-interviews.md.bak[0m
[2025-04-16 11:02:47] [0;32m✓ Moved /Users/patricksmith/obsidian/acupcakeshop/System/Backups/bak_files/System/Backups/bak_files/Maps/map-athlete-interviews.md.bak to archive[0m
[2025-04-16 11:02:47] [0;34mℹ Moving /Users/patricksmith/obsidian/acupcakeshop/System/Backups/bak_files/System/Backups/bak_files/Maps/map-strategic-planning.md.bak to /Users/patricksmith/obsidian/acupcakeshop/../acupcakeshop_archives/logs/consolidated_20250416_110245/Maps_map-strategic-planning.md.bak[0m
[2025-04-16 11:02:47] [0;32m✓ Moved /Users/patricksmith/obsidian/acupcakeshop/System/Backups/bak_files/System/Backups/bak_files/Maps/map-strategic-planning.md.bak to archive[0m
[2025-04-16 11:02:47] [0;34mℹ Moving /Users/patricksmith/obsidian/acupcakeshop/System/Backups/bak_files/System/Backups/bak_files/Maps/map-service-models.md.bak to /Users/patricksmith/obsidian/acupcakeshop/../acupcakeshop_archives/logs/consolidated_20250416_110245/Maps_map-service-models.md.bak[0m
[2025-04-16 11:02:47] [0;32m✓ Moved /Users/patricksmith/obsidian/acupcakeshop/System/Backups/bak_files/System/Backups/bak_files/Maps/map-service-models.md.bak to archive[0m
[2025-04-16 11:02:47] [0;34mℹ Moving /Users/patricksmith/obsidian/acupcakeshop/System/Backups/bak_files/System/Backups/bak_files/Documentation/template_implementation_guide.md.bak to /Users/patricksmith/obsidian/acupcakeshop/../acupcakeshop_archives/logs/consolidated_20250416_110245/Documentation_template_implementation_guide.md.bak[0m
[2025-04-16 11:02:47] [0;32m✓ Moved /Users/patricksmith/obsidian/acupcakeshop/System/Backups/bak_files/System/Backups/bak_files/Documentation/template_implementation_guide.md.bak to archive[0m
[2025-04-16 11:02:47] [0;34mℹ Moving /Users/patricksmith/obsidian/acupcakeshop/System/Backups/bak_files/System/Backups/bak_files/Documentation/yaml_frontmatter_standardization.md.bak to /Users/patricksmith/obsidian/acupcakeshop/../acupcakeshop_archives/logs/consolidated_20250416_110245/Documentation_yaml_frontmatter_standardization.md.bak[0m
[2025-04-16 11:02:47] [0;32m✓ Moved /Users/patricksmith/obsidian/acupcakeshop/System/Backups/bak_files/System/Backups/bak_files/Documentation/yaml_frontmatter_standardization.md.bak to archive[0m
[2025-04-16 11:02:47] [0;34mℹ Moving /Users/patricksmith/obsidian/acupcakeshop/System/Backups/bak_files/System/Backups/bak_files/Documentation/tagging_implementation_guide.md.bak to /Users/patricksmith/obsidian/acupcakeshop/../acupcakeshop_archives/logs/consolidated_20250416_110245/Documentation_tagging_implementation_guide.md.bak[0m
[2025-04-16 11:02:47] [0;32m✓ Moved /Users/patricksmith/obsidian/acupcakeshop/System/Backups/bak_files/System/Backups/bak_files/Documentation/tagging_implementation_guide.md.bak to archive[0m
[2025-04-16 11:02:47] [0;34mℹ Moving /Users/patricksmith/obsidian/acupcakeshop/System/Backups/bak_files/System/Backups/bak_files/Documentation/yaml_frontmatter_guide.md.bak to /Users/patricksmith/obsidian/acupcakeshop/../acupcakeshop_archives/logs/consolidated_20250416_110245/Documentation_yaml_frontmatter_guide.md.bak[0m
[2025-04-16 11:02:47] [0;32m✓ Moved /Users/patricksmith/obsidian/acupcakeshop/System/Backups/bak_files/System/Backups/bak_files/Documentation/yaml_frontmatter_guide.md.bak to archive[0m
[2025-04-16 11:02:47] [0;34mℹ Moving /Users/patricksmith/obsidian/acupcakeshop/System/Backups/bak_files/System/Backups/bak_files/Documentation/dataview_implementation_guide.md.bak to /Users/patricksmith/obsidian/acupcakeshop/../acupcakeshop_archives/logs/consolidated_20250416_110245/Documentation_dataview_implementation_guide.md.bak[0m
[2025-04-16 11:02:47] [0;32m✓ Moved /Users/patricksmith/obsidian/acupcakeshop/System/Backups/bak_files/System/Backups/bak_files/Documentation/dataview_implementation_guide.md.bak to archive[0m
[2025-04-16 11:02:47] [0;34mℹ Moving /Users/patricksmith/obsidian/acupcakeshop/System/Backups/bak_files/System/Backups/bak_files/Athlete Financial Empowerment/03-strategy/_index.md.bak to /Users/patricksmith/obsidian/acupcakeshop/../acupcakeshop_archives/logs/consolidated_20250416_110245/03-strategy__index.md.bak[0m
[2025-04-16 11:02:47] [0;32m✓ Moved /Users/patricksmith/obsidian/acupcakeshop/System/Backups/bak_files/System/Backups/bak_files/Athlete Financial Empowerment/03-strategy/_index.md.bak to archive[0m
[2025-04-16 11:02:47] [0;34mℹ Moving /Users/patricksmith/obsidian/acupcakeshop/System/Backups/bak_files/System/Backups/bak_files/Athlete Financial Empowerment/_templates/interview-summary-template.md.bak to /Users/patricksmith/obsidian/acupcakeshop/../acupcakeshop_archives/logs/consolidated_20250416_110245/_templates_interview-summary-template.md.bak[0m
[2025-04-16 11:02:47] [0;32m✓ Moved /Users/patricksmith/obsidian/acupcakeshop/System/Backups/bak_files/System/Backups/bak_files/Athlete Financial Empowerment/_templates/interview-summary-template.md.bak to archive[0m
[2025-04-16 11:02:47] [0;34mℹ Moving /Users/patricksmith/obsidian/acupcakeshop/System/Backups/bak_files/System/Backups/bak_files/Athlete Financial Empowerment/_templates/interview-templates/interview-summary-template.md.bak to /Users/patricksmith/obsidian/acupcakeshop/../acupcakeshop_archives/logs/consolidated_20250416_110245/interview-templates_interview-summary-template.md.bak[0m
[2025-04-16 11:02:47] [0;32m✓ Moved /Users/patricksmith/obsidian/acupcakeshop/System/Backups/bak_files/System/Backups/bak_files/Athlete Financial Empowerment/_templates/interview-templates/interview-summary-template.md.bak to archive[0m
[2025-04-16 11:02:47] [0;34mℹ Moving /Users/patricksmith/obsidian/acupcakeshop/System/Backups/bak_files/System/Backups/bak_files/Athlete Financial Empowerment/_templates/interview-templates/former-player-interview-template.md.bak to /Users/patricksmith/obsidian/acupcakeshop/../acupcakeshop_archives/logs/consolidated_20250416_110245/interview-templates_former-player-interview-template.md.bak[0m
[2025-04-16 11:02:47] [0;32m✓ Moved /Users/patricksmith/obsidian/acupcakeshop/System/Backups/bak_files/System/Backups/bak_files/Athlete Financial Empowerment/_templates/interview-templates/former-player-interview-template.md.bak to archive[0m
[2025-04-16 11:02:47] [0;34mℹ Moving /Users/patricksmith/obsidian/acupcakeshop/System/Backups/bak_files/System/Backups/bak_files/Athlete Financial Empowerment/_templates/interview-templates/_index.md.bak to /Users/patricksmith/obsidian/acupcakeshop/../acupcakeshop_archives/logs/consolidated_20250416_110245/interview-templates__index.md.bak[0m
[2025-04-16 11:02:47] [0;32m✓ Moved /Users/patricksmith/obsidian/acupcakeshop/System/Backups/bak_files/System/Backups/bak_files/Athlete Financial Empowerment/_templates/interview-templates/_index.md.bak to archive[0m
[2025-04-16 11:02:47] [0;34mℹ Moving /Users/patricksmith/obsidian/acupcakeshop/System/Backups/bak_files/System/Backups/bak_files/Athlete Financial Empowerment/_templates/interview-templates/cap-strategist-interview-template.md.bak to /Users/patricksmith/obsidian/acupcakeshop/../acupcakeshop_archives/logs/consolidated_20250416_110245/interview-templates_cap-strategist-interview-template.md.bak[0m
[2025-04-16 11:02:47] [0;32m✓ Moved /Users/patricksmith/obsidian/acupcakeshop/System/Backups/bak_files/System/Backups/bak_files/Athlete Financial Empowerment/_templates/interview-templates/cap-strategist-interview-template.md.bak to archive[0m
[2025-04-16 11:02:47] [0;34mℹ Moving /Users/patricksmith/obsidian/acupcakeshop/System/Backups/bak_files/System/Backups/bak_files/Athlete Financial Empowerment/_templates/interview-templates/player-interview-template.md.bak to /Users/patricksmith/obsidian/acupcakeshop/../acupcakeshop_archives/logs/consolidated_20250416_110245/interview-templates_player-interview-template.md.bak[0m
[2025-04-16 11:02:47] [0;32m✓ Moved /Users/patricksmith/obsidian/acupcakeshop/System/Backups/bak_files/System/Backups/bak_files/Athlete Financial Empowerment/_templates/interview-templates/player-interview-template.md.bak to archive[0m
[2025-04-16 11:02:47] [0;34mℹ Moving /Users/patricksmith/obsidian/acupcakeshop/System/Backups/bak_files/System/Backups/bak_files/Athlete Financial Empowerment/_templates/interview-templates/agent-interview-template.md.bak to /Users/patricksmith/obsidian/acupcakeshop/../acupcakeshop_archives/logs/consolidated_20250416_110245/interview-templates_agent-interview-template.md.bak[0m
[2025-04-16 11:02:47] [0;32m✓ Moved /Users/patricksmith/obsidian/acupcakeshop/System/Backups/bak_files/System/Backups/bak_files/Athlete Financial Empowerment/_templates/interview-templates/agent-interview-template.md.bak to archive[0m
[2025-04-16 11:02:47] [0;34mℹ Moving /Users/patricksmith/obsidian/acupcakeshop/System/Backups/bak_files/System/Backups/bak_files/Athlete Financial Empowerment/_templates/competitor-templates/competitor-profile-template.md.bak to /Users/patricksmith/obsidian/acupcakeshop/../acupcakeshop_archives/logs/consolidated_20250416_110245/competitor-templates_competitor-profile-template.md.bak[0m
[2025-04-16 11:02:47] [0;32m✓ Moved /Users/patricksmith/obsidian/acupcakeshop/System/Backups/bak_files/System/Backups/bak_files/Athlete Financial Empowerment/_templates/competitor-templates/competitor-profile-template.md.bak to archive[0m
[2025-04-16 11:02:47] [0;34mℹ Moving /Users/patricksmith/obsidian/acupcakeshop/System/Backups/bak_files/System/Backups/bak_files/Athlete Financial Empowerment/_templates/_index.md.bak to /Users/patricksmith/obsidian/acupcakeshop/../acupcakeshop_archives/logs/consolidated_20250416_110245/_templates__index.md.bak[0m
[2025-04-16 11:02:47] [0;32m✓ Moved /Users/patricksmith/obsidian/acupcakeshop/System/Backups/bak_files/System/Backups/bak_files/Athlete Financial Empowerment/_templates/_index.md.bak to archive[0m
[2025-04-16 11:02:47] [0;34mℹ Moving /Users/patricksmith/obsidian/acupcakeshop/System/Backups/bak_files/System/Backups/bak_files/Athlete Financial Empowerment/_templates/audio-transcript-template.md.bak to /Users/patricksmith/obsidian/acupcakeshop/../acupcakeshop_archives/logs/consolidated_20250416_110245/_templates_audio-transcript-template.md.bak[0m
[2025-04-16 11:02:47] [0;32m✓ Moved /Users/patricksmith/obsidian/acupcakeshop/System/Backups/bak_files/System/Backups/bak_files/Athlete Financial Empowerment/_templates/audio-transcript-template.md.bak to archive[0m
[2025-04-16 11:02:47] [0;34mℹ Moving /Users/patricksmith/obsidian/acupcakeshop/System/Backups/bak_files/System/Backups/bak_files/Athlete Financial Empowerment/_templates/analysis-templates/_index.md.bak to /Users/patricksmith/obsidian/acupcakeshop/../acupcakeshop_archives/logs/consolidated_20250416_110245/analysis-templates__index.md.bak[0m
[2025-04-16 11:02:47] [0;32m✓ Moved /Users/patricksmith/obsidian/acupcakeshop/System/Backups/bak_files/System/Backups/bak_files/Athlete Financial Empowerment/_templates/analysis-templates/_index.md.bak to archive[0m
[2025-04-16 11:02:47] [0;34mℹ Moving /Users/patricksmith/obsidian/acupcakeshop/System/Backups/bak_files/System/Backups/bak_files/Athlete Financial Empowerment/_templates/index-template.md.bak to /Users/patricksmith/obsidian/acupcakeshop/../acupcakeshop_archives/logs/consolidated_20250416_110245/_templates_index-template.md.bak[0m
[2025-04-16 11:02:47] [0;32m✓ Moved /Users/patricksmith/obsidian/acupcakeshop/System/Backups/bak_files/System/Backups/bak_files/Athlete Financial Empowerment/_templates/index-template.md.bak to archive[0m
[2025-04-16 11:02:47] [0;34mℹ Moving /Users/patricksmith/obsidian/acupcakeshop/System/Backups/bak_files/System/Backups/bak_files/Athlete Financial Empowerment/_templates/task-templates/_index.md.bak to /Users/patricksmith/obsidian/acupcakeshop/../acupcakeshop_archives/logs/consolidated_20250416_110245/task-templates__index.md.bak[0m
[2025-04-16 11:02:47] [0;32m✓ Moved /Users/patricksmith/obsidian/acupcakeshop/System/Backups/bak_files/System/Backups/bak_files/Athlete Financial Empowerment/_templates/task-templates/_index.md.bak to archive[0m
[2025-04-16 11:02:47] [0;34mℹ Moving /Users/patricksmith/obsidian/acupcakeshop/System/Backups/bak_files/System/Backups/bak_files/Athlete Financial Empowerment/_templates/task-templates/task-template.md.bak to /Users/patricksmith/obsidian/acupcakeshop/../acupcakeshop_archives/logs/consolidated_20250416_110245/task-templates_task-template.md.bak[0m
[2025-04-16 11:02:47] [0;32m✓ Moved /Users/patricksmith/obsidian/acupcakeshop/System/Backups/bak_files/System/Backups/bak_files/Athlete Financial Empowerment/_templates/task-templates/task-template.md.bak to archive[0m
[2025-04-16 11:02:47] [0;34mℹ Moving /Users/patricksmith/obsidian/acupcakeshop/System/Backups/bak_files/System/Backups/bak_files/Athlete Financial Empowerment/06-planning/_index.md.bak to /Users/patricksmith/obsidian/acupcakeshop/../acupcakeshop_archives/logs/consolidated_20250416_110245/06-planning__index.md.bak[0m
[2025-04-16 11:02:47] [0;32m✓ Moved /Users/patricksmith/obsidian/acupcakeshop/System/Backups/bak_files/System/Backups/bak_files/Athlete Financial Empowerment/06-planning/_index.md.bak to archive[0m
[2025-04-16 11:02:47] [0;34mℹ Moving /Users/patricksmith/obsidian/acupcakeshop/System/Backups/bak_files/System/Backups/bak_files/Athlete Financial Empowerment/06-planning/key-hypotheses.md.bak to /Users/patricksmith/obsidian/acupcakeshop/../acupcakeshop_archives/logs/consolidated_20250416_110245/06-planning_key-hypotheses.md.bak[0m
[2025-04-16 11:02:47] [0;32m✓ Moved /Users/patricksmith/obsidian/acupcakeshop/System/Backups/bak_files/System/Backups/bak_files/Athlete Financial Empowerment/06-planning/key-hypotheses.md.bak to archive[0m
[2025-04-16 11:02:47] [0;34mℹ Moving /Users/patricksmith/obsidian/acupcakeshop/System/Backups/bak_files/System/Backups/bak_files/Athlete Financial Empowerment/_index.md.bak to /Users/patricksmith/obsidian/acupcakeshop/../acupcakeshop_archives/logs/consolidated_20250416_110245/Athlete Financial Empowerment__index.md.bak[0m
[2025-04-16 11:02:47] [0;32m✓ Moved /Users/patricksmith/obsidian/acupcakeshop/System/Backups/bak_files/System/Backups/bak_files/Athlete Financial Empowerment/_index.md.bak to archive[0m
[2025-04-16 11:02:47] [0;34mℹ Moving /Users/patricksmith/obsidian/acupcakeshop/System/Backups/bak_files/System/Backups/bak_files/Athlete Financial Empowerment/00-project-overview/_index.md.bak to /Users/patricksmith/obsidian/acupcakeshop/../acupcakeshop_archives/logs/consolidated_20250416_110245/00-project-overview__index.md.bak[0m
[2025-04-16 11:02:47] [0;32m✓ Moved /Users/patricksmith/obsidian/acupcakeshop/System/Backups/bak_files/System/Backups/bak_files/Athlete Financial Empowerment/00-project-overview/_index.md.bak to archive[0m
[2025-04-16 11:02:47] [0;34mℹ Moving /Users/patricksmith/obsidian/acupcakeshop/System/Backups/bak_files/System/Backups/bak_files/Athlete Financial Empowerment/00-project-overview/current-status.md.bak to /Users/patricksmith/obsidian/acupcakeshop/../acupcakeshop_archives/logs/consolidated_20250416_110245/00-project-overview_current-status.md.bak[0m
[2025-04-16 11:02:47] [0;32m✓ Moved /Users/patricksmith/obsidian/acupcakeshop/System/Backups/bak_files/System/Backups/bak_files/Athlete Financial Empowerment/00-project-overview/current-status.md.bak to archive[0m
[2025-04-16 11:02:47] [0;34mℹ Moving /Users/patricksmith/obsidian/acupcakeshop/System/Backups/bak_files/System/Backups/bak_files/Athlete Financial Empowerment/00-project-overview/project-vision.md.bak to /Users/patricksmith/obsidian/acupcakeshop/../acupcakeshop_archives/logs/consolidated_20250416_110245/00-project-overview_project-vision.md.bak[0m
[2025-04-16 11:02:47] [0;32m✓ Moved /Users/patricksmith/obsidian/acupcakeshop/System/Backups/bak_files/System/Backups/bak_files/Athlete Financial Empowerment/00-project-overview/project-vision.md.bak to archive[0m
[2025-04-16 11:02:47] [0;34mℹ Moving /Users/patricksmith/obsidian/acupcakeshop/System/Backups/bak_files/System/Backups/bak_files/Athlete Financial Empowerment/00-project-overview/key-project-areas.md.bak to /Users/patricksmith/obsidian/acupcakeshop/../acupcakeshop_archives/logs/consolidated_20250416_110245/00-project-overview_key-project-areas.md.bak[0m
[2025-04-16 11:02:47] [0;32m✓ Moved /Users/patricksmith/obsidian/acupcakeshop/System/Backups/bak_files/System/Backups/bak_files/Athlete Financial Empowerment/00-project-overview/key-project-areas.md.bak to archive[0m
[2025-04-16 11:02:47] [0;34mℹ Moving /Users/patricksmith/obsidian/acupcakeshop/System/Backups/bak_files/System/Backups/bak_files/Athlete Financial Empowerment/07-team/calls/conversation-guide.md.bak to /Users/patricksmith/obsidian/acupcakeshop/../acupcakeshop_archives/logs/consolidated_20250416_110245/calls_conversation-guide.md.bak[0m
[2025-04-16 11:02:47] [0;32m✓ Moved /Users/patricksmith/obsidian/acupcakeshop/System/Backups/bak_files/System/Backups/bak_files/Athlete Financial Empowerment/07-team/calls/conversation-guide.md.bak to archive[0m
[2025-04-16 11:02:47] [0;34mℹ Moving /Users/patricksmith/obsidian/acupcakeshop/System/Backups/bak_files/System/Backups/bak_files/Athlete Financial Empowerment/07-team/calls/call-list.md.bak to /Users/patricksmith/obsidian/acupcakeshop/../acupcakeshop_archives/logs/consolidated_20250416_110245/calls_call-list.md.bak[0m
[2025-04-16 11:02:47] [0;32m✓ Moved /Users/patricksmith/obsidian/acupcakeshop/System/Backups/bak_files/System/Backups/bak_files/Athlete Financial Empowerment/07-team/calls/call-list.md.bak to archive[0m
[2025-04-16 11:02:47] [0;34mℹ Moving /Users/patricksmith/obsidian/acupcakeshop/System/Backups/bak_files/System/Backups/bak_files/Athlete Financial Empowerment/07-team/calls/_index.md.bak to /Users/patricksmith/obsidian/acupcakeshop/../acupcakeshop_archives/logs/consolidated_20250416_110245/calls__index.md.bak[0m
[2025-04-16 11:02:47] [0;32m✓ Moved /Users/patricksmith/obsidian/acupcakeshop/System/Backups/bak_files/System/Backups/bak_files/Athlete Financial Empowerment/07-team/calls/_index.md.bak to archive[0m
[2025-04-16 11:02:47] [0;34mℹ Moving /Users/patricksmith/obsidian/acupcakeshop/System/Backups/bak_files/System/Backups/bak_files/Athlete Financial Empowerment/07-team/calls/tonight-guide.md.bak to /Users/patricksmith/obsidian/acupcakeshop/../acupcakeshop_archives/logs/consolidated_20250416_110245/calls_tonight-guide.md.bak[0m
[2025-04-16 11:02:47] [0;32m✓ Moved /Users/patricksmith/obsidian/acupcakeshop/System/Backups/bak_files/System/Backups/bak_files/Athlete Financial Empowerment/07-team/calls/tonight-guide.md.bak to archive[0m
[2025-04-16 11:02:47] [0;34mℹ Moving /Users/patricksmith/obsidian/acupcakeshop/System/Backups/bak_files/System/Backups/bak_files/Athlete Financial Empowerment/07-team/kanban/service-development.md.bak to /Users/patricksmith/obsidian/acupcakeshop/../acupcakeshop_archives/logs/consolidated_20250416_110245/kanban_service-development.md.bak[0m
[2025-04-16 11:02:47] [0;32m✓ Moved /Users/patricksmith/obsidian/acupcakeshop/System/Backups/bak_files/System/Backups/bak_files/Athlete Financial Empowerment/07-team/kanban/service-development.md.bak to archive[0m
[2025-04-16 11:02:48] [0;34mℹ Moving /Users/patricksmith/obsidian/acupcakeshop/System/Backups/bak_files/System/Backups/bak_files/Athlete Financial Empowerment/07-team/kanban/competitor-research.md.bak to /Users/patricksmith/obsidian/acupcakeshop/../acupcakeshop_archives/logs/consolidated_20250416_110245/kanban_competitor-research.md.bak[0m
[2025-04-16 11:02:48] [0;32m✓ Moved /Users/patricksmith/obsidian/acupcakeshop/System/Backups/bak_files/System/Backups/bak_files/Athlete Financial Empowerment/07-team/kanban/competitor-research.md.bak to archive[0m
[2025-04-16 11:02:48] [0;34mℹ Moving /Users/patricksmith/obsidian/acupcakeshop/System/Backups/bak_files/System/Backups/bak_files/Athlete Financial Empowerment/07-team/kanban/README.md.bak to /Users/patricksmith/obsidian/acupcakeshop/../acupcakeshop_archives/logs/consolidated_20250416_110245/kanban_README.md.bak[0m
[2025-04-16 11:02:48] [0;32m✓ Moved /Users/patricksmith/obsidian/acupcakeshop/System/Backups/bak_files/System/Backups/bak_files/Athlete Financial Empowerment/07-team/kanban/README.md.bak to archive[0m
[2025-04-16 11:02:48] [0;34mℹ Moving /Users/patricksmith/obsidian/acupcakeshop/System/Backups/bak_files/System/Backups/bak_files/Athlete Financial Empowerment/07-team/kanban/interview-pipeline.md.bak to /Users/patricksmith/obsidian/acupcakeshop/../acupcakeshop_archives/logs/consolidated_20250416_110245/kanban_interview-pipeline.md.bak[0m
[2025-04-16 11:02:48] [0;32m✓ Moved /Users/patricksmith/obsidian/acupcakeshop/System/Backups/bak_files/System/Backups/bak_files/Athlete Financial Empowerment/07-team/kanban/interview-pipeline.md.bak to archive[0m
[2025-04-16 11:02:48] [0;34mℹ Moving /Users/patricksmith/obsidian/acupcakeshop/System/Backups/bak_files/System/Backups/bak_files/Athlete Financial Empowerment/04-analysis/_index.md.bak to /Users/patricksmith/obsidian/acupcakeshop/../acupcakeshop_archives/logs/consolidated_20250416_110245/04-analysis__index.md.bak[0m
[2025-04-16 11:02:48] [0;32m✓ Moved /Users/patricksmith/obsidian/acupcakeshop/System/Backups/bak_files/System/Backups/bak_files/Athlete Financial Empowerment/04-analysis/_index.md.bak to archive[0m
[2025-04-16 11:02:48] [0;34mℹ Moving /Users/patricksmith/obsidian/acupcakeshop/System/Backups/bak_files/System/Backups/bak_files/Athlete Financial Empowerment/04-analysis/service-model-diagram.md.bak to /Users/patricksmith/obsidian/acupcakeshop/../acupcakeshop_archives/logs/consolidated_20250416_110245/04-analysis_service-model-diagram.md.bak[0m
[2025-04-16 11:02:48] [0;32m✓ Moved /Users/patricksmith/obsidian/acupcakeshop/System/Backups/bak_files/System/Backups/bak_files/Athlete Financial Empowerment/04-analysis/service-model-diagram.md.bak to archive[0m
[2025-04-16 11:02:48] [0;34mℹ Moving /Users/patricksmith/obsidian/acupcakeshop/System/Backups/bak_files/System/Backups/bak_files/Athlete Financial Empowerment/04-analysis/competitor-analysis/_index.md.bak to /Users/patricksmith/obsidian/acupcakeshop/../acupcakeshop_archives/logs/consolidated_20250416_110245/competitor-analysis__index.md.bak[0m
[2025-04-16 11:02:48] [0;32m✓ Moved /Users/patricksmith/obsidian/acupcakeshop/System/Backups/bak_files/System/Backups/bak_files/Athlete Financial Empowerment/04-analysis/competitor-analysis/_index.md.bak to archive[0m
[2025-04-16 11:02:48] [0;34mℹ Moving /Users/patricksmith/obsidian/acupcakeshop/System/Backups/bak_files/System/Backups/bak_files/Athlete Financial Empowerment/04-analysis/competitor-analysis/institutional-firms/_index.md.bak to /Users/patricksmith/obsidian/acupcakeshop/../acupcakeshop_archives/logs/consolidated_20250416_110245/institutional-firms__index.md.bak[0m
[2025-04-16 11:02:48] [0;32m✓ Moved /Users/patricksmith/obsidian/acupcakeshop/System/Backups/bak_files/System/Backups/bak_files/Athlete Financial Empowerment/04-analysis/competitor-analysis/institutional-firms/_index.md.bak to archive[0m
[2025-04-16 11:02:48] [0;34mℹ Moving /Users/patricksmith/obsidian/acupcakeshop/System/Backups/bak_files/System/Backups/bak_files/Athlete Financial Empowerment/04-analysis/competitor-analysis/agent-advisor-models.md.bak to /Users/patricksmith/obsidian/acupcakeshop/../acupcakeshop_archives/logs/consolidated_20250416_110245/competitor-analysis_agent-advisor-models.md.bak[0m
[2025-04-16 11:02:48] [0;32m✓ Moved /Users/patricksmith/obsidian/acupcakeshop/System/Backups/bak_files/System/Backups/bak_files/Athlete Financial Empowerment/04-analysis/competitor-analysis/agent-advisor-models.md.bak to archive[0m
[2025-04-16 11:02:48] [0;34mℹ Moving /Users/patricksmith/obsidian/acupcakeshop/System/Backups/bak_files/System/Backups/bak_files/Athlete Financial Empowerment/04-analysis/competitor-analysis/boutique-firms/_index.md.bak to /Users/patricksmith/obsidian/acupcakeshop/../acupcakeshop_archives/logs/consolidated_20250416_110245/boutique-firms__index.md.bak[0m
[2025-04-16 11:02:48] [0;32m✓ Moved /Users/patricksmith/obsidian/acupcakeshop/System/Backups/bak_files/System/Backups/bak_files/Athlete Financial Empowerment/04-analysis/competitor-analysis/boutique-firms/_index.md.bak to archive[0m
[2025-04-16 11:02:48] [0;34mℹ Moving /Users/patricksmith/obsidian/acupcakeshop/System/Backups/bak_files/System/Backups/bak_files/Athlete Financial Empowerment/04-analysis/competitor-positioning-diagram.md.bak to /Users/patricksmith/obsidian/acupcakeshop/../acupcakeshop_archives/logs/consolidated_20250416_110245/04-analysis_competitor-positioning-diagram.md.bak[0m
[2025-04-16 11:02:48] [0;32m✓ Moved /Users/patricksmith/obsidian/acupcakeshop/System/Backups/bak_files/System/Backups/bak_files/Athlete Financial Empowerment/04-analysis/competitor-positioning-diagram.md.bak to archive[0m
[2025-04-16 11:02:48] [0;34mℹ Moving /Users/patricksmith/obsidian/acupcakeshop/System/Backups/bak_files/System/Backups/bak_files/Athlete Financial Empowerment/04-analysis/market-trends/_index.md.bak to /Users/patricksmith/obsidian/acupcakeshop/../acupcakeshop_archives/logs/consolidated_20250416_110245/market-trends__index.md.bak[0m
[2025-04-16 11:02:48] [0;32m✓ Moved /Users/patricksmith/obsidian/acupcakeshop/System/Backups/bak_files/System/Backups/bak_files/Athlete Financial Empowerment/04-analysis/market-trends/_index.md.bak to archive[0m
[2025-04-16 11:02:48] [0;34mℹ Moving /Users/patricksmith/obsidian/acupcakeshop/System/Backups/bak_files/System/Backups/bak_files/Athlete Financial Empowerment/02-interviews/players/active/2025/04_april/2025-04-06_smith-roquan_ravens_linebacker.md.bak to /Users/patricksmith/obsidian/acupcakeshop/../acupcakeshop_archives/logs/consolidated_20250416_110245/04_april_2025-04-06_smith-roquan_ravens_linebacker.md.bak[0m
[2025-04-16 11:02:48] [0;32m✓ Moved /Users/patricksmith/obsidian/acupcakeshop/System/Backups/bak_files/System/Backups/bak_files/Athlete Financial Empowerment/02-interviews/players/active/2025/04_april/2025-04-06_smith-roquan_ravens_linebacker.md.bak to archive[0m
[2025-04-16 11:02:48] [0;34mℹ Moving /Users/patricksmith/obsidian/acupcakeshop/System/Backups/bak_files/System/Backups/bak_files/Athlete Financial Empowerment/02-interviews/industry-professionals/2025/04_april/2025-04-06_cabott-chris_steinberg_agent.md.bak to /Users/patricksmith/obsidian/acupcakeshop/../acupcakeshop_archives/logs/consolidated_20250416_110245/04_april_2025-04-06_cabott-chris_steinberg_agent.md.bak[0m
[2025-04-16 11:02:48] [0;32m✓ Moved /Users/patricksmith/obsidian/acupcakeshop/System/Backups/bak_files/System/Backups/bak_files/Athlete Financial Empowerment/02-interviews/industry-professionals/2025/04_april/2025-04-06_cabott-chris_steinberg_agent.md.bak to archive[0m
[2025-04-16 11:02:48] [0;34mℹ Moving /Users/patricksmith/obsidian/acupcakeshop/System/Backups/bak_files/System/Backups/bak_files/Athlete Financial Empowerment/02-interviews/industry-professionals/2025/04_april/2025-04-06_-__.md.bak to /Users/patricksmith/obsidian/acupcakeshop/../acupcakeshop_archives/logs/consolidated_20250416_110245/04_april_2025-04-06_-__.md.bak[0m
[2025-04-16 11:02:48] [0;32m✓ Moved /Users/patricksmith/obsidian/acupcakeshop/System/Backups/bak_files/System/Backups/bak_files/Athlete Financial Empowerment/02-interviews/industry-professionals/2025/04_april/2025-04-06_-__.md.bak to archive[0m
[2025-04-16 11:02:48] [0;34mℹ Moving /Users/patricksmith/obsidian/acupcakeshop/System/Backups/bak_files/System/Backups/bak_files/Athlete Financial Empowerment/01-market-research/competitor-profiles/advisors/wme-joel-segal.md.bak to /Users/patricksmith/obsidian/acupcakeshop/../acupcakeshop_archives/logs/consolidated_20250416_110245/advisors_wme-joel-segal.md.bak[0m
[2025-04-16 11:02:48] [0;32m✓ Moved /Users/patricksmith/obsidian/acupcakeshop/System/Backups/bak_files/System/Backups/bak_files/Athlete Financial Empowerment/01-market-research/competitor-profiles/advisors/wme-joel-segal.md.bak to archive[0m
[2025-04-16 11:02:48] [0;34mℹ Moving /Users/patricksmith/obsidian/acupcakeshop/System/Backups/bak_files/System/Backups/bak_files/Athlete Financial Empowerment/01-market-research/competitor-profiles/advisors/_index.md.bak to /Users/patricksmith/obsidian/acupcakeshop/../acupcakeshop_archives/logs/consolidated_20250416_110245/advisors__index.md.bak[0m
[2025-04-16 11:02:48] [0;32m✓ Moved /Users/patricksmith/obsidian/acupcakeshop/System/Backups/bak_files/System/Backups/bak_files/Athlete Financial Empowerment/01-market-research/competitor-profiles/advisors/_index.md.bak to archive[0m
[2025-04-16 11:02:48] [0;34mℹ Moving /Users/patricksmith/obsidian/acupcakeshop/System/Backups/bak_files/System/Backups/bak_files/Athlete Financial Empowerment/01-market-research/competitor-profiles/advisors/km-capital-management.md.bak to /Users/patricksmith/obsidian/acupcakeshop/../acupcakeshop_archives/logs/consolidated_20250416_110245/advisors_km-capital-management.md.bak[0m
[2025-04-16 11:02:48] [0;32m✓ Moved /Users/patricksmith/obsidian/acupcakeshop/System/Backups/bak_files/System/Backups/bak_files/Athlete Financial Empowerment/01-market-research/competitor-profiles/advisors/km-capital-management.md.bak to archive[0m
[2025-04-16 11:02:48] [0;34mℹ Moving /Users/patricksmith/obsidian/acupcakeshop/System/Backups/bak_files/System/Backups/bak_files/Athlete Financial Empowerment/01-market-research/competitor-profiles/advisors/ubs-mainsail.md.bak to /Users/patricksmith/obsidian/acupcakeshop/../acupcakeshop_archives/logs/consolidated_20250416_110245/advisors_ubs-mainsail.md.bak[0m
[2025-04-16 11:02:48] [0;32m✓ Moved /Users/patricksmith/obsidian/acupcakeshop/System/Backups/bak_files/System/Backups/bak_files/Athlete Financial Empowerment/01-market-research/competitor-profiles/advisors/ubs-mainsail.md.bak to archive[0m
[2025-04-16 11:02:48] [0;34mℹ Moving /Users/patricksmith/obsidian/acupcakeshop/System/Backups/bak_files/System/Backups/bak_files/Athlete Financial Empowerment/01-market-research/competitor-profiles/advisors/integra-wealth-management.md.bak to /Users/patricksmith/obsidian/acupcakeshop/../acupcakeshop_archives/logs/consolidated_20250416_110245/advisors_integra-wealth-management.md.bak[0m
[2025-04-16 11:02:48] [0;32m✓ Moved /Users/patricksmith/obsidian/acupcakeshop/System/Backups/bak_files/System/Backups/bak_files/Athlete Financial Empowerment/01-market-research/competitor-profiles/advisors/integra-wealth-management.md.bak to archive[0m
[2025-04-16 11:02:48] [0;34mℹ Moving /Users/patricksmith/obsidian/acupcakeshop/System/Backups/bak_files/System/Backups/bak_files/welcome.md.bak to /Users/patricksmith/obsidian/acupcakeshop/../acupcakeshop_archives/logs/consolidated_20250416_110245/bak_files_welcome.md.bak[0m
[2025-04-16 11:02:48] [0;32m✓ Moved /Users/patricksmith/obsidian/acupcakeshop/System/Backups/bak_files/System/Backups/bak_files/welcome.md.bak to archive[0m
[2025-04-16 11:02:48] [0;34mℹ Moving /Users/patricksmith/obsidian/acupcakeshop/System/Backups/bak_files/System/Backups/bak_files/Dashboards/project-status.md.bak to /Users/patricksmith/obsidian/acupcakeshop/../acupcakeshop_archives/logs/consolidated_20250416_110245/Dashboards_project-status.md.bak[0m
[2025-04-16 11:02:48] [0;32m✓ Moved /Users/patricksmith/obsidian/acupcakeshop/System/Backups/bak_files/System/Backups/bak_files/Dashboards/project-status.md.bak to archive[0m
[2025-04-16 11:02:48] [0;34mℹ Moving /Users/patricksmith/obsidian/acupcakeshop/System/Backups/bak_files/System/Backups/bak_files/Dashboards/advanced-service-model-analysis.md.bak to /Users/patricksmith/obsidian/acupcakeshop/../acupcakeshop_archives/logs/consolidated_20250416_110245/Dashboards_advanced-service-model-analysis.md.bak[0m
[2025-04-16 11:02:48] [0;32m✓ Moved /Users/patricksmith/obsidian/acupcakeshop/System/Backups/bak_files/System/Backups/bak_files/Dashboards/advanced-service-model-analysis.md.bak to archive[0m
[2025-04-16 11:02:48] [0;34mℹ Moving /Users/patricksmith/obsidian/acupcakeshop/System/Backups/bak_files/System/Backups/bak_files/Dashboards/athlete-financial-needs.md.bak to /Users/patricksmith/obsidian/acupcakeshop/../acupcakeshop_archives/logs/consolidated_20250416_110245/Dashboards_athlete-financial-needs.md.bak[0m
[2025-04-16 11:02:48] [0;32m✓ Moved /Users/patricksmith/obsidian/acupcakeshop/System/Backups/bak_files/System/Backups/bak_files/Dashboards/athlete-financial-needs.md.bak to archive[0m
[2025-04-16 11:02:48] [0;34mℹ Moving /Users/patricksmith/obsidian/acupcakeshop/System/Backups/bak_files/System/Backups/bak_files/Dashboards/interview-insights.md.bak to /Users/patricksmith/obsidian/acupcakeshop/../acupcakeshop_archives/logs/consolidated_20250416_110245/Dashboards_interview-insights.md.bak[0m
[2025-04-16 11:02:48] [0;32m✓ Moved /Users/patricksmith/obsidian/acupcakeshop/System/Backups/bak_files/System/Backups/bak_files/Dashboards/interview-insights.md.bak to archive[0m
[2025-04-16 11:02:48] [0;34mℹ Moving /Users/patricksmith/obsidian/acupcakeshop/System/Backups/bak_files/System/Backups/bak_files/Dashboards/content-status.md.bak to /Users/patricksmith/obsidian/acupcakeshop/../acupcakeshop_archives/logs/consolidated_20250416_110245/Dashboards_content-status.md.bak[0m
[2025-04-16 11:02:48] [0;32m✓ Moved /Users/patricksmith/obsidian/acupcakeshop/System/Backups/bak_files/System/Backups/bak_files/Dashboards/content-status.md.bak to archive[0m
[2025-04-16 11:02:48] [0;34mℹ Moving /Users/patricksmith/obsidian/acupcakeshop/System/Backups/bak_files/System/Backups/bak_files/Dashboards/project-progress.md.bak to /Users/patricksmith/obsidian/acupcakeshop/../acupcakeshop_archives/logs/consolidated_20250416_110245/Dashboards_project-progress.md.bak[0m
[2025-04-16 11:02:48] [0;32m✓ Moved /Users/patricksmith/obsidian/acupcakeshop/System/Backups/bak_files/System/Backups/bak_files/Dashboards/project-progress.md.bak to archive[0m
[2025-04-16 11:02:48] [0;34mℹ Moving /Users/patricksmith/obsidian/acupcakeshop/System/Backups/bak_files/System/Backups/bak_files/Dashboards/competitor-analysis.md.bak to /Users/patricksmith/obsidian/acupcakeshop/../acupcakeshop_archives/logs/consolidated_20250416_110245/Dashboards_competitor-analysis.md.bak[0m
[2025-04-16 11:02:48] [0;32m✓ Moved /Users/patricksmith/obsidian/acupcakeshop/System/Backups/bak_files/System/Backups/bak_files/Dashboards/competitor-analysis.md.bak to archive[0m
[2025-04-16 11:02:48] [0;34mℹ Moving /Users/patricksmith/obsidian/acupcakeshop/System/Backups/bak_files/System/Backups/bak_files/Templates/project/kanban-card.md.bak to /Users/patricksmith/obsidian/acupcakeshop/../acupcakeshop_archives/logs/consolidated_20250416_110245/project_kanban-card.md.bak[0m
[2025-04-16 11:02:48] [0;32m✓ Moved /Users/patricksmith/obsidian/acupcakeshop/System/Backups/bak_files/System/Backups/bak_files/Templates/project/kanban-card.md.bak to archive[0m
[2025-04-16 11:02:48] [0;32m✓ Backup consolidation completed successfully[0m
[2025-04-16 11:02:48] [0;34mℹ Archived directories to: /Users/patricksmith/obsidian/acupcakeshop/../acupcakeshop_archives/backups/consolidated_20250416_110245[0m
[2025-04-16 11:02:48] [0;34mℹ Archived logs to: /Users/patricksmith/obsidian/acupcakeshop/../acupcakeshop_archives/logs/consolidated_20250416_110245[0m
