========================================
Enhanced Link Repair Log
Started: Tue Apr 15 15:20:29 MDT 2025
========================================
Generating complete path mapping...
Generated path mapping with      362 entries
Adding manual path mappings...
Adding special mappings for atlas content...
Added manual mappings (total:      428 entries)
Found existing broken links inventory, processing...
Processing broken links from inventory...
Checking file: /Users/patricksmith/obsidian/acupcakeshop/resources/misc/knowledge-graph-enhancement-guide.md
  Updated: [[Fee-Only Advisory Model]] -> [[Fee-Only Advisory Model|Fee Only Advisory Model]]
  Updated: [[AUM-Based Model]] -> [[AUM-Based Model|AUM Based Model]]
  Updated: [[Hybrid Service Model]] -> [[Hybrid Service Model|Hybrid Service Model]]
  Updated: [[Competitor Analysis: Integra Wealth]] -> [[Competitor Analysis: Integra Wealth|Competitor Analysis: Integra Wealth]]
  Updated: [[Competitor Analysis: UBS Mainsail]] -> [[Competitor Analysis: UBS Mainsail|Competitor Analysis: UBS Mainsail]]
  Updated: [[Service Model Comparison Matrix]] -> [[Service Model Comparison Matrix|Service Model Comparison Matrix]]
  Updated: [[Interview: Roquan Smith - Advisory Preferences]] -> [[Interview: Roquan Smith - Advisory Preferences|Interview: Roquan Smith   Advisory Preferences]]
  Updated: [[Interview: Chris Harris - Post-Career Advisory Needs]] -> [[Interview: Chris Harris - Post-Career Advisory Needs|Interview: Chris Harris   Post Career Advisory Needs]]
  Updated: [[Athlete Risk Factors]] -> [[Athlete Risk Factors|Athlete Risk Factors]]
  Updated: [[Risk Assessment Framework]] -> [[Risk Assessment Framework|Risk Assessment Framework]]
  Updated: [[Career Stage Risk Variables]] -> [[Career Stage Risk Variables|Career Stage Risk Variables]]
  Updated: [[Case Study: NFL Rookie Risk Profile]] -> [[Case Study: NFL Rookie Risk Profile|Case Study: NFL Rookie Risk Profile]]
  Updated: [[Interview: Financial Risk Perceptions]] -> [[Interview: Financial Risk Perceptions|Interview: Financial Risk Perceptions]]
  Updated: [[Interview: Roquan Smith]] -> [[Interview: Roquan Smith|Interview: Roquan Smith]]
  Updated: [[Interview: Roquan Smith#Advisor Selection Criteria]] -> [[Interview: Roquan Smith#Advisor Selection Criteria|Interview: Roquan Smith#Advisor Selection Criteria]]
  Updated: [[Trust Framework in Advisory Relationships]] -> [[Trust Framework in Advisory Relationships|Trust Framework in Advisory Relationships]]
  Updated: [[Background Verification Methods]] -> [[Background Verification Methods|Background Verification Methods]]
  Updated: [[Advisor Selection Checklist]] -> [[Advisor Selection Checklist|Advisor Selection Checklist]]
  Updated: [[Red Flags in Advisory Relationships]] -> [[Red Flags in Advisory Relationships|Red Flags in Advisory Relationships]]
  Updated: [[Interview: Roquan Smith#Trust Factors]] -> [[Interview: Roquan Smith#Trust Factors|Interview: Roquan Smith#Trust Factors]]
  Updated: [[Interview: Chris Harris#Advisor Selection]] -> [[Interview: Chris Harris#Advisor Selection|Interview: Chris Harris#Advisor Selection]]
  No links needed updating in /Users/patricksmith/obsidian/acupcakeshop/resources/misc/knowledge-graph-enhancement-guide.md
Checking file: /Users/patricksmith/obsidian/acupcakeshop/resources/misc/template-implementation-guide.md
  Updated: [[AnotherNote]] -> [[AnotherNote|AnotherNote]]
  No links needed updating in /Users/patricksmith/obsidian/acupcakeshop/resources/misc/template-implementation-guide.md
Checking file: /Users/patricksmith/obsidian/acupcakeshop/resources/Templates/Project/task-template.md
  Updated: [[{{RELATED_TASK_1}}]] -> [[{{RELATED_TASK_1}}|{{RELATED_TASK_1}}]]
  Updated: [[{{RELATED_TASK_2}}]] -> [[{{RELATED_TASK_2}}|{{RELATED_TASK_2}}]]
  Updated: [[{{DEPENDENCY_1}}]] -> [[{{DEPENDENCY_1}}|{{DEPENDENCY_1}}]]
  Updated: [[{{DEPENDENCY_2}}]] -> [[{{DEPENDENCY_2}}|{{DEPENDENCY_2}}]]
  No links needed updating in /Users/patricksmith/obsidian/acupcakeshop/resources/Templates/Project/task-template.md
Checking file: /Users/patricksmith/obsidian/acupcakeshop/resources/Templates/System/task-template.md
  Updated: [[{{RELATED_TASK_1}}]] -> [[{{RELATED_TASK_1}}|{{RELATED_TASK_1}}]]
  Updated: [[{{RELATED_TASK_2}}]] -> [[{{RELATED_TASK_2}}|{{RELATED_TASK_2}}]]
  Updated: [[{{DEPENDENCY_1}}]] -> [[{{DEPENDENCY_1}}|{{DEPENDENCY_1}}]]
  Updated: [[{{DEPENDENCY_2}}]] -> [[{{DEPENDENCY_2}}|{{DEPENDENCY_2}}]]
  No links needed updating in /Users/patricksmith/obsidian/acupcakeshop/resources/Templates/System/task-template.md
Checking file: /Users/patricksmith/obsidian/acupcakeshop/atlas/compliance-map.md
  Updated: [[/content/compliance/registration/requirements|Registration Requirements]] -> [[/content/compliance/registration/requirements|Registration Requirements]]
  Updated: [[/content/compliance/registration/application-process|Application Process]] -> [[/content/compliance/registration/application-process|Application Process]]
  Updated: [[/content/compliance/registration/maintenance-requirements|Maintenance Requirements]] -> [[/content/compliance/registration/maintenance-requirements|Maintenance Requirements]]
  Updated: [[/content/compliance/advisory-board/board-requirements|Board Requirements]] -> [[/content/compliance/advisory-board/board-requirements|Board Requirements]]
  Updated: [[/content/compliance/advisory-board/candidate-research|Candidate Research]] -> [[/content/compliance/advisory-board/candidate-research|Candidate Research]]
  Updated: [[/content/compliance/advisory-board/governance-structure|Governance Structure]] -> [[/content/compliance/advisory-board/governance-structure|Governance Structure]]
  Updated: [[/content/compliance/standards/fiduciary-requirements|Fiduciary Requirements]] -> [[/content/compliance/standards/fiduciary-requirements|Fiduciary Requirements]]
  Updated: [[/content/compliance/standards/disclosure-requirements|Disclosure Requirements]] -> [[/content/compliance/standards/disclosure-requirements|Disclosure Requirements]]
  Updated: [[/content/compliance/standards/recordkeeping-requirements|Recordkeeping Requirements]] -> [[/content/compliance/standards/recordkeeping-requirements|Recordkeeping Requirements]]
  No links needed updating in /Users/patricksmith/obsidian/acupcakeshop/atlas/compliance-map.md
Checking file: /Users/patricksmith/obsidian/acupcakeshop/atlas/interview-map.md
  Updated: [[/content/interviews/players/john-jenkins-raiders-defensive-tackle|John Jenkins (Raiders)]] -> [[/content/interviews/players/active/2025/04_april/jenkins-john-raiders-defensive-tackle|John Jenkins (Raiders)]]
  Updated: [[/content/interviews/players/jaylen-johnson-bears-safety|Jaylen Johnson (Bears)]] -> [[/content/interviews/players/active/2025/04_april/johnson-jaylen-bears-safety|Jaylen Johnson (Bears)]]
  Updated: [[/content/interviews/players/aidan-oconnell-raiders-quarterback|Aidan O'Connell (Raiders)]] -> [[/content/interviews/players/active/2025/04_april/oconnell-aidan-raiders-quarterback|Aidan O'Connell (Raiders)]]
  Updated: [[/content/interviews/players/roquan-smith-ravens-linebacker|Roquan Smith (Ravens)]] -> [[/content/interviews/players/active/2025/04_april/smith-roquan-ravens-linebacker|Roquan Smith (Ravens)]]
  Updated: [[/content/interviews/agents/kevin-conner|Kevin Conner]] -> [[/content/interviews/agents/2025/04_april/conner-kevin-universal-agent|Kevin Conner]]
  Updated: [[/content/interviews/agents/nicole-lynn|Nicole Lynn]] -> [[/content/interviews/agents/2025/04_april/lynn-nicole-klutch-agent|Nicole Lynn]]
  Updated: [[/content/interviews/industry-professionals/lamar-campbell|Lamar Campbell]] -> [[/content/interviews/industry-professionals/2025/04_april/campbell-lamar-financial-advisor|Lamar Campbell]]
  Updated: [[/content/interviews/industry-professionals/daryl-nelson|Daryl Nelson]] -> [[/content/interviews/industry-professionals/2025/04_april/nelson-daryl-financial-advisor|Daryl Nelson]]
  No links needed updating in /Users/patricksmith/obsidian/acupcakeshop/atlas/interview-map.md
Checking file: /Users/patricksmith/obsidian/acupcakeshop/atlas/research-map.md
  Updated: [[/content/research/market-analysis/athlete-financial-needs|Athlete Financial Needs]] -> [[/content/research/market-analysis/athlete-financial-needs|Athlete Financial Needs]]
  Updated: [[/content/research/market-analysis/existing-service-gaps|Existing Service Gaps]] -> [[/content/research/market-analysis/service-gaps|Existing Service Gaps]]
  Updated: [[/content/research/market-analysis/market-size-analysis|Market Size Analysis]] -> [[/content/research/market-analysis/market-size|Market Size Analysis]]
  Updated: [[/content/research/competitor-profiles/integra-wealth-management|Integra Wealth Management]] -> [[/content/research/competitor-profiles/integra-wealth|Integra Wealth Management]]
  Updated: [[/content/research/competitor-profiles/athlete-wealth-partners|Athlete Wealth Partners]] -> [[/content/research/competitor-profiles/athlete-wealth-partners|Athlete Wealth Partners]]
  Updated: [[/content/research/competitor-profiles/agent-advisor-models|Agent-Advisor Models]] -> [[/content/research/competitor-profiles/agent-advisor-models|Agent-Advisor Models]]
  Updated: [[/content/research/industry-analysis/fee-structure-comparison|Fee Structure Comparison]] -> [[/content/research/industry-analysis/fee-structures|Fee Structure Comparison]]
  Updated: [[/content/research/industry-analysis/service-model-comparison|Service Model Comparison]] -> [[/content/research/industry-analysis/service-models|Service Model Comparison]]
  No links needed updating in /Users/patricksmith/obsidian/acupcakeshop/atlas/research-map.md
Checking file: /Users/patricksmith/obsidian/acupcakeshop/atlas/strategy-map.md
  Updated: [[/content/strategy/mission-statement|Mission Statement]] -> [[/content/strategy/mission-statement|Mission Statement]]
  Updated: [[/content/strategy/business-model/service-offerings|Service Offerings]] -> [[/content/strategy/business-model/service-offerings|Service Offerings]]
  Updated: [[/content/strategy/business-model/revenue-model|Revenue Model]] -> [[/content/strategy/business-model/revenue-model|Revenue Model]]
  Updated: [[/content/strategy/business-model/competitive-positioning|Competitive Positioning]] -> [[/content/strategy/business-model/competitive-positioning|Competitive Positioning]]
  Updated: [[/content/strategy/implementation/phase-one|Phase One: Validation]] -> [[/content/strategy/implementation/phase-one|Phase One: Validation]]
  Updated: [[/content/strategy/implementation/phase-two|Phase Two: Launch]] -> [[/content/strategy/implementation/phase-two|Phase Two: Launch]]
  Updated: [[/content/strategy/implementation/phase-three|Phase Three: Expansion]] -> [[/content/strategy/implementation/phase-three|Phase Three: Expansion]]
  No links needed updating in /Users/patricksmith/obsidian/acupcakeshop/atlas/strategy-map.md
Checking file: /Users/patricksmith/obsidian/acupcakeshop/atlas/map-competitor-landscape.md
  No wiki links found, skipping
Checking file: /Users/patricksmith/obsidian/acupcakeshop/docs/vault-guide.md
  Updated: [[template-guide]] -> [[/resources/templates/template-guide|template guide]]
  Updated: [[utilities-guide]] -> [[utilities-guide|utilities guide]]
  No links needed updating in /Users/patricksmith/obsidian/acupcakeshop/docs/vault-guide.md
Checking file: /Users/patricksmith/obsidian/acupcakeshop/docs/README.md
  Updated: [[utilities-guide]] -> [[utilities-guide|utilities guide]]
  No links needed updating in /Users/patricksmith/obsidian/acupcakeshop/docs/README.md
Checking file: /Users/patricksmith/obsidian/acupcakeshop/docs/detailed-migration-implementation-plan.md
  Updated: [[ "$source_path" == *"/players/"* ]] -> [[ "$source_path" == *"/players/"* |"* ]]
  Updated: [[ "$source_path" == *"/agents/"* ]] -> [[ "$source_path" == *"/agents/"* |"* ]]
  Updated: [[ "$source_path" == *"/industry-professionals/"* ]] -> [[ "$source_path" == *"/industry-professionals/"* |"* ]]
  Updated: [[ "$filename" == "_index.md" || "$filename" == "README.md" ]] -> [[ "$filename" == "_index.md" || "$filename" == "README.md" ]]
  Updated: [[ -n "$creation_date" ]] -> [[ -n "$creation_date" |  n "$creation_date" ]]
  Updated: [[ -n "$modified_date" ]] -> [[ -n "$modified_date" |  n "$modified_date" ]]
  Updated: [[ -d "$SOURCE_DIR" ]] -> [[ -d "$SOURCE_DIR" |  d "$SOURCE_DIR" ]]
  Updated: [[ "$source_path" == *"/competitor-profiles/"* ]] -> [[ "$source_path" == *"/competitor-profiles/"* |"* ]]
  Updated: [[ "$source_path" == *"/industry-analysis/"* ]] -> [[ "$source_path" == *"/industry-analysis/"* |"* ]]
  Updated: [[ "$filename" == "_index.md" || "$filename" == "README.md" ]] -> [[ "$filename" == "_index.md" || "$filename" == "README.md" ]]
  Updated: [[ -n "$creation_date" ]] -> [[ -n "$creation_date" |  n "$creation_date" ]]
  Updated: [[ -n "$modified_date" ]] -> [[ -n "$modified_date" |  n "$modified_date" ]]
  Updated: [[ -d "$SOURCE_DIR" ]] -> [[ -d "$SOURCE_DIR" |  d "$SOURCE_DIR" ]]
  Updated: [[ ! -d "$source_dir" ]] -> [[ ! -d "$source_dir" | !  d "$source_dir" ]]
  Updated: [[ "$filename" == "_index.md" || "$filename" == "README.md" ]] -> [[ "$filename" == "_index.md" || "$filename" == "README.md" ]]
  Updated: [[ -n "$creation_date" ]] -> [[ -n "$creation_date" |  n "$creation_date" ]]
  Updated: [[ -n "$modified_date" ]] -> [[ -n "$modified_date" |  n "$modified_date" ]]
  Updated: [[ ! -d "$SOURCE_DIR" ]] -> [[ ! -d "$SOURCE_DIR" | !  d "$SOURCE_DIR" ]]
  Updated: [[ "$filename" == "_index.md" || "$filename" == "README.md" ]] -> [[ "$filename" == "_index.md" || "$filename" == "README.md" ]]
  Updated: [[ "$filename" == *"registration"* ]] -> [[ "$filename" == *"registration"* | "$filename" == *"registration"* ]]
  Updated: [[ "$filename" == *"advisory"* || "$filename" == *"board"* ]] -> [[ "$filename" == *"advisory"* || "$filename" == *"board"* ]]
  Updated: [[ -n "$creation_date" ]] -> [[ -n "$creation_date" |  n "$creation_date" ]]
  Updated: [[ -n "$modified_date" ]] -> [[ -n "$modified_date" |  n "$modified_date" ]]
  Updated: [[ "$filename" == *"interview"* || "$source_path" == *"/interview"* ]] -> [[/content/interviews/misc/ "$filename" == *"interview"* || "$source_path" == *"/interview"* ]]
  Updated: [[ "$filename" == *"competitor"* || "$source_path" == *"/analysis"* ]] -> [[/content/research/misc/ "$filename" == *"competitor"* || "$source_path" == *"/analysis"* ]]
  Updated: [[ "$filename" == *"task"* || "$source_path" == *"/task"* ]] -> [[ "$filename" == *"task"* || "$source_path" == *"/task"* ]]
  Updated: [[ "$filename" == *"project"* || "$source_path" == *"/project"* ]] -> [[ "$filename" == *"project"* || "$source_path" == *"/project"* ]]
  Updated: [[ "$filename" == "_index.md" || "$filename" == "README.md" ]] -> [[ "$filename" == "_index.md" || "$filename" == "README.md" ]]
  Updated: [[ -f "$target_file" ]] -> [[ -f "$target_file" |  f "$target_file" ]]
  Updated: [[ -z "$creation_date" ]] -> [[ -z "$creation_date" |  z "$creation_date" ]]
  Updated: [[ -z "$modified_date" ]] -> [[ -z "$modified_date" |  z "$modified_date" ]]
  Updated: [[ -d "$source_dir" ]] -> [[ -d "$source_dir" |  d "$source_dir" ]]
  Updated: [[ -d "$source_dir" ]] -> [[ -d "$source_dir" |  d "$source_dir" ]]
  Updated: [[ "$filename" == "README.md" ]] -> [[ "$filename" == "README.md" | "$filename" == "README.md" ]]
  Updated: [[ "$filename" == *"competitor"* ]] -> [[/content/research/misc/ "$filename" == *"competitor"* | "$filename" == *"competitor"* ]]
  Updated: [[ "$filename" == *"interview"* ]] -> [[/content/interviews/misc/ "$filename" == *"interview"* | "$filename" == *"interview"* ]]
  Updated: [[ "$filename" == *"financial"* ]] -> [[ "$filename" == *"financial"* | "$filename" == *"financial"* ]]
  Updated: [[ -f "$target_file" ]] -> [[ -f "$target_file" |  f "$target_file" ]]
  Updated: [[ -n "$creation_date" ]] -> [[ -n "$creation_date" |  n "$creation_date" ]]
  Updated: [[ -n "$modified_date" ]] -> [[ -n "$modified_date" |  n "$modified_date" ]]
  Updated: [[ -d "$source_dir" ]] -> [[ -d "$source_dir" |  d "$source_dir" ]]
  Updated: [[ "$filename" == "README.md" ]] -> [[ "$filename" == "README.md" | "$filename" == "README.md" ]]
  Updated: [[ -f "$target_file" ]] -> [[ -f "$target_file" |  f "$target_file" ]]
  Updated: [[ -n "$creation_date" ]] -> [[ -n "$creation_date" |  n "$creation_date" ]]
  Updated: [[ -n "$modified_date" ]] -> [[ -n "$modified_date" |  n "$modified_date" ]]
  Updated: [[ "$ext" == "png" || "$ext" == "jpg" || "$ext" == "jpeg" || "$ext" == "gif" || "$ext" == "svg" ]] -> [[ "$ext" == "png" || "$ext" == "jpg" || "$ext" == "jpeg" || "$ext" == "gif" || "$ext" == "svg" ]]
  Updated: [[ "$ext" == "pdf" || "$ext" == "docx" || "$ext" == "xlsx" || "$ext" == "pptx" || "$ext" == "txt" ]] -> [[ "$ext" == "pdf" || "$ext" == "docx" || "$ext" == "xlsx" || "$ext" == "pptx" || "$ext" == "txt" ]]
  Updated: [[ "$ext" == "excalidraw" || "$filename" == *"diagram"* || "$filename" == *"chart"* ]] -> [[ "$ext" == "excalidraw" || "$filename" == *"diagram"* || "$filename" == *"chart"* ]]
  Updated: [[ -d "$source_dir" ]] -> [[ -d "$source_dir" |  d "$source_dir" ]]
  Updated: [[ "$filename" == .* || "$filename" == *~ ]] -> [[ "$filename" == .* || "$filename" == *~ ]]
  Updated: [[ -f "$target_file" ]] -> [[ -f "$target_file" |  f "$target_file" ]]
  Updated: [[ -z "$old_path" || -z "$new_path" ]] -> [[ -z "$old_path" || -z "$new_path" ]]
  Updated: [[old_file]] -> [[old_file|old_file]]
  Updated: [[new_file]] -> [[new_file|new_file]]
  Updated: [[ "$content" == *"[[$old_basename]] -> [[ "$content" == *"[[$old_basename| "$content" == *"[[$old_basename]]
  Updated: [[$old_basename]] -> [[$old_basename|$old_basename]]
  Updated: [[$new_basename]] -> [[$new_basename|$new_basename]]
  Updated: [[old_file|text]] -> [[old_file|text]]
  Updated: [[new_file|text]] -> [[new_file|text]]
  Updated: [[ "$content" == *"[[$old_basename|"* ]] -> [[ "$content" == *"[[$old_basename|"* ]]
  Updated: [[$old_basename|...]] -> [[$old_basename|...]]
  Updated: [[$new_basename|...]] -> [[$new_basename|...]]
  Updated: [[old/path/file]] -> [[old/path/file|file]]
  Updated: [[new/path/file]] -> [[new/path/file|file]]
  Updated: [[ "$content" == *"[[$old_rel_path_no_ext]] -> [[ "$content" == *"[[$old_rel_path_no_ext| "$content" == *"[[$old_rel_path_no_ext]]
  Updated: [[$old_rel_path_no_ext]] -> [[$old_rel_path_no_ext|$old_rel_path_no_ext]]
  Updated: [[$new_rel_path_no_ext]] -> [[$new_rel_path_no_ext|$new_rel_path_no_ext]]
  Updated: [[old/path/file|text]] -> [[old/path/file|text]]
  Updated: [[new/path/file|text]] -> [[new/path/file|text]]
  Updated: [[ "$content" == *"[[$old_rel_path_no_ext|"* ]] -> [[ "$content" == *"[[$old_rel_path_no_ext|"* ]]
  Updated: [[$old_rel_path_no_ext|...]] -> [[$old_rel_path_no_ext|...]]
  Updated: [[$new_rel_path_no_ext|...]] -> [[$new_rel_path_no_ext|...]]
  Updated: [[ "$content" != "$original_content" ]] -> [[ "$content" != "$original_content" | "$content" != "$original_content" ]]
  Updated: [[ $unmigrated_count -gt 0 ]] -> [[ $unmigrated_count -gt 0 | $unmigrated_count  gt 0 ]]
  Updated: [[^]] -> [[^|^]]
  Updated: [[ "$link" == *"|"* ]] -> [[ "$link" == *"|"* ]]
  Updated: [[ "$link" != *".md" && "$link" != *"http"* ]] -> [[ "$link" != *".md" && "$link" != *"http"* | "$link" != *".md" && "$link" != *"http"* ]]
  Updated: [[ "$link" == /* ]] -> [[ "$link" == /* |* ]]
  Updated: [[ ! -f "$target" && "$link" != *"http"* ]] -> [[ ! -f "$target" && "$link" != *"http"* | !  f "$target" && "$link" != *"http"* ]]
  Updated: [[ $broken_count -gt 0 ]] -> [[ $broken_count -gt 0 | $broken_count  gt 0 ]]
  Updated: [[ $has_title -eq 0 || $has_date_created -eq 0 || $has_date_modified -eq 0 || $has_status -eq 0 || $has_tags -eq 0 ]] -> [[ $has_title -eq 0 || $has_date_created -eq 0 || $has_date_modified -eq 0 || $has_status -eq 0 || $has_tags -eq 0 ]]
  Updated: [[ $has_title -eq 0 ]] -> [[ $has_title -eq 0 | $has_title  eq 0 ]]
  Updated: [[ $has_date_created -eq 0 ]] -> [[ $has_date_created -eq 0 | $has_date_created  eq 0 ]]
  Updated: [[ $has_date_modified -eq 0 ]] -> [[ $has_date_modified -eq 0 | $has_date_modified  eq 0 ]]
  Updated: [[ $has_status -eq 0 ]] -> [[ $has_status -eq 0 | $has_status  eq 0 ]]
  Updated: [[ $has_tags -eq 0 ]] -> [[ $has_tags -eq 0 | $has_tags  eq 0 ]]
  Updated: [[ $issues_count -gt 0 ]] -> [[ $issues_count -gt 0 | $issues_count  gt 0 ]]
  Updated: [[ $unmigrated_count -gt 0 ]] -> [[ $unmigrated_count -gt 0 | $unmigrated_count  gt 0 ]]
  Updated: [[ $unmigrated_count -gt 20 ]] -> [[ $unmigrated_count -gt 20 | $unmigrated_count  gt 20 ]]
  Updated: [[ $broken_links_count -gt 0 ]] -> [[ $broken_links_count -gt 0 | $broken_links_count  gt 0 ]]
  Updated: [[ $broken_links_count -gt 20 ]] -> [[ $broken_links_count -gt 20 | $broken_links_count  gt 20 ]]
  Updated: [[ $frontmatter_issues_count -gt 0 ]] -> [[ $frontmatter_issues_count -gt 0 | $frontmatter_issues_count  gt 0 ]]
  Updated: [[ $frontmatter_issues_count -gt 10 ]] -> [[ $frontmatter_issues_count -gt 10 | $frontmatter_issues_count  gt 10 ]]
  Updated: [[ $unmigrated_count -gt 0 || $broken_links_count -gt 0 || $frontmatter_issues_count -gt 0 ]] -> [[ $unmigrated_count -gt 0 || $broken_links_count -gt 0 || $frontmatter_issues_count -gt 0 ]]
  Updated: [[ $unmigrated_count -gt 0 ]] -> [[ $unmigrated_count -gt 0 | $unmigrated_count  gt 0 ]]
  Updated: [[ $broken_links_count -gt 0 ]] -> [[ $broken_links_count -gt 0 | $broken_links_count  gt 0 ]]
  Updated: [[ $frontmatter_issues_count -gt 0 ]] -> [[ $frontmatter_issues_count -gt 0 | $frontmatter_issues_count  gt 0 ]]
  Updated: [[ $unmigrated_count -gt 0 || $broken_links_count -gt 0 || $frontmatter_issues_count -gt 0 ]] -> [[ $unmigrated_count -gt 0 || $broken_links_count -gt 0 || $frontmatter_issues_count -gt 0 ]]
  No links needed updating in /Users/patricksmith/obsidian/acupcakeshop/docs/detailed-migration-implementation-plan.md
Checking file: /Users/patricksmith/obsidian/acupcakeshop/docs/organization-standards.md
  Updated: [[file-name]] -> [[file-name|file name]]
  Updated: [[file-name|Descriptive Text]] -> [[file-name|Descriptive Text]]
  Updated: [[template-guide]] -> [[/resources/templates/template-guide|template guide]]
  Updated: [[frontmatter-standards]] -> [[frontmatter-standards|frontmatter standards]]
  No links needed updating in /Users/patricksmith/obsidian/acupcakeshop/docs/organization-standards.md
Processed 182 broken links in 13 files
========================================
Link fixing completed: Tue Apr 15 15:20:33 MDT 2025
========================================
