========================================
Enhanced Direct Migration Log
Started: Tue Apr 15 15:20:09 MDT 2025
========================================
Using existing unmigrated files list: /Users/patricksmith/obsidian/acupcakeshop/_utilities/inventory/unmigrated_files.txt
Found      283 files to process
Ensuring all target directories exist...
Ensured directory exists: /Users/patricksmith/obsidian/acupcakeshop/atlas
Ensured directory exists: /Users/patricksmith/obsidian/acupcakeshop/content/research
Ensured directory exists: /Users/patricksmith/obsidian/acupcakeshop/content/research/education
Ensured directory exists: /Users/patricksmith/obsidian/acupcakeshop/resources/assets/diagrams
Ensured directory exists: /Users/patricksmith/obsidian/acupcakeshop/resources/templates
Ensured directory exists: /Users/patricksmith/obsidian/acupcakeshop/resources/assets
Ensured directory exists: /Users/patricksmith/obsidian/acupcakeshop/docs/system
Ensured directory exists: /Users/patricksmith/obsidian/acupcakeshop/content/interviews
Ensured directory exists: /Users/patricksmith/obsidian/acupcakeshop/content/strategy
Ensured directory exists: /Users/patricksmith/obsidian/acupcakeshop/content/strategy/planning
Ensured directory exists: /Users/patricksmith/obsidian/acupcakeshop/content/research
Ensured directory exists: /Users/patricksmith/obsidian/acupcakeshop/resources/visualizations
Ensured directory exists: /Users/patricksmith/obsidian/acupcakeshop/docs/implementation
Ensured directory exists: /Users/patricksmith/obsidian/acupcakeshop/resources/misc
Ensured directory exists: /Users/patricksmith/obsidian/acupcakeshop/content/compliance
Ensured directory exists: /Users/patricksmith/obsidian/acupcakeshop/docs/guides
Ensured directory exists: /Users/patricksmith/obsidian/acupcakeshop/resources/assets/images
Ensured directory exists: /Users/patricksmith/obsidian/acupcakeshop/resources/templates/task
Ensured directory exists: /Users/patricksmith/obsidian/acupcakeshop/resources/templates/analysis
Ensured directory exists: /Users/patricksmith/obsidian/acupcakeshop/docs/reference
Ensured directory exists: /Users/patricksmith/obsidian/acupcakeshop/docs/system/scripts
Ensured directory exists: /Users/patricksmith/obsidian/acupcakeshop/docs
Ensured directory exists: /Users/patricksmith/obsidian/acupcakeshop/resources/dashboards
Ensured directory exists: /Users/patricksmith/obsidian/acupcakeshop/resources/scripts
Ensured directory exists: /Users/patricksmith/obsidian/acupcakeshop/resources/templates/interview
Ensured directory exists: /Users/patricksmith/obsidian/acupcakeshop/resources/templates
Ensured directory exists: /Users/patricksmith/obsidian/acupcakeshop/content/strategy
Ensured directory exists: /Users/patricksmith/obsidian/acupcakeshop/docs/system/performance
Ensured directory exists: /Users/patricksmith/obsidian/acupcakeshop/content/strategy/team
Ensured directory exists: /Users/patricksmith/obsidian/acupcakeshop/docs/system
Ensured directory exists: /Users/patricksmith/obsidian/acupcakeshop/resources/templates/analysis
Ensured directory exists: /Users/patricksmith/obsidian/acupcakeshop/atlas
Ensured directory exists: /Users/patricksmith/obsidian/acupcakeshop/resources/dashboards
Ensured directory exists: /Users/patricksmith/obsidian/acupcakeshop/resources/assets/documents
Processing unmigrated files from: /Users/patricksmith/obsidian/acupcakeshop/_utilities/inventory/unmigrated_files.txt
Processing file 1: /Users/patricksmith/obsidian/acupcakeshop/Athlete Financial Empowerment/03-strategy/business-model.md
  Migrating: /Users/patricksmith/obsidian/acupcakeshop/Athlete Financial Empowerment/03-strategy/business-model.md -> /Users/patricksmith/obsidian/acupcakeshop/content/strategy/business-model.md
Processing file 2: /Users/patricksmith/obsidian/acupcakeshop/Dashboards/System/consolidation_success.md
  Migrating: /Users/patricksmith/obsidian/acupcakeshop/Dashboards/System/consolidation_success.md -> /Users/patricksmith/obsidian/acupcakeshop/docs/system/consolidation-success.md
Processing file 3: /Users/patricksmith/obsidian/acupcakeshop/Dashboards/System/obsidian_compatibility_summary.md
  Migrating: /Users/patricksmith/obsidian/acupcakeshop/Dashboards/System/obsidian_compatibility_summary.md -> /Users/patricksmith/obsidian/acupcakeshop/docs/system/obsidian-compatibility-summary.md
Processing file 4: /Users/patricksmith/obsidian/acupcakeshop/Dashboards/System/optimization_table_link.md
  Migrating: /Users/patricksmith/obsidian/acupcakeshop/Dashboards/System/optimization_table_link.md -> /Users/patricksmith/obsidian/acupcakeshop/docs/system/optimization-table-link.md
Processing file 5: /Users/patricksmith/obsidian/acupcakeshop/Dashboards/System/script_consolidation_report.md
  Migrating: /Users/patricksmith/obsidian/acupcakeshop/Dashboards/System/script_consolidation_report.md -> /Users/patricksmith/obsidian/acupcakeshop/docs/system/script-consolidation-report.md
Processing file 6: /Users/patricksmith/obsidian/acupcakeshop/Dashboards/System/script_consolidation_summary.md
  Migrating: /Users/patricksmith/obsidian/acupcakeshop/Dashboards/System/script_consolidation_summary.md -> /Users/patricksmith/obsidian/acupcakeshop/docs/system/script-consolidation-summary.md
Processing file 7: /Users/patricksmith/obsidian/acupcakeshop/Documentation/dataview_implementation_guide.md
  Migrating: /Users/patricksmith/obsidian/acupcakeshop/Documentation/dataview_implementation_guide.md -> /Users/patricksmith/obsidian/acupcakeshop/docs/dataview-implementation-guide.md
Processing file 8: /Users/patricksmith/obsidian/acupcakeshop/Documentation/enhanced_implementation_plan.md
  Migrating: /Users/patricksmith/obsidian/acupcakeshop/Documentation/enhanced_implementation_plan.md -> /Users/patricksmith/obsidian/acupcakeshop/docs/enhanced-implementation-plan.md
Processing file 9: /Users/patricksmith/obsidian/acupcakeshop/Documentation/Guides/first_phase_plugin_guide.md
  Migrating: /Users/patricksmith/obsidian/acupcakeshop/Documentation/Guides/first_phase_plugin_guide.md -> /Users/patricksmith/obsidian/acupcakeshop/docs/guides/first-phase-plugin-guide.md
Processing file 10: /Users/patricksmith/obsidian/acupcakeshop/Documentation/Guides/graph_view_optimization.md
  Migrating: /Users/patricksmith/obsidian/acupcakeshop/Documentation/Guides/graph_view_optimization.md -> /Users/patricksmith/obsidian/acupcakeshop/docs/guides/graph-view-optimization.md
Processing file 11: /Users/patricksmith/obsidian/acupcakeshop/Documentation/Guides/knowledge_graph_enhancement_guide.md
  Migrating: /Users/patricksmith/obsidian/acupcakeshop/Documentation/Guides/knowledge_graph_enhancement_guide.md -> /Users/patricksmith/obsidian/acupcakeshop/docs/guides/knowledge-graph-enhancement-guide.md
Processing file 12: /Users/patricksmith/obsidian/acupcakeshop/Documentation/Guides/plugin_installation_guide.md
  Migrating: /Users/patricksmith/obsidian/acupcakeshop/Documentation/Guides/plugin_installation_guide.md -> /Users/patricksmith/obsidian/acupcakeshop/docs/guides/plugin-installation-guide.md
Processing file 13: /Users/patricksmith/obsidian/acupcakeshop/Documentation/Guides/strategic_linking_guide.md
  Migrating: /Users/patricksmith/obsidian/acupcakeshop/Documentation/Guides/strategic_linking_guide.md -> /Users/patricksmith/obsidian/acupcakeshop/docs/guides/strategic-linking-guide.md
Processing file 14: /Users/patricksmith/obsidian/acupcakeshop/Documentation/Implementation/advanced_enhancement_recommendations.md
  Migrating: /Users/patricksmith/obsidian/acupcakeshop/Documentation/Implementation/advanced_enhancement_recommendations.md -> /Users/patricksmith/obsidian/acupcakeshop/docs/implementation/advanced-enhancement-recommendations.md
Processing file 15: /Users/patricksmith/obsidian/acupcakeshop/Documentation/Implementation/cleanup_summary.md
  Migrating: /Users/patricksmith/obsidian/acupcakeshop/Documentation/Implementation/cleanup_summary.md -> /Users/patricksmith/obsidian/acupcakeshop/docs/implementation/cleanup-summary.md
Processing file 16: /Users/patricksmith/obsidian/acupcakeshop/Documentation/Implementation/dataview_implementation_guide.md
  Migrating: /Users/patricksmith/obsidian/acupcakeshop/Documentation/Implementation/dataview_implementation_guide.md -> /Users/patricksmith/obsidian/acupcakeshop/docs/implementation/dataview-implementation-guide.md
Processing file 17: /Users/patricksmith/obsidian/acupcakeshop/Documentation/Implementation/deployment_package.md
  Migrating: /Users/patricksmith/obsidian/acupcakeshop/Documentation/Implementation/deployment_package.md -> /Users/patricksmith/obsidian/acupcakeshop/docs/implementation/deployment-package.md
Processing file 18: /Users/patricksmith/obsidian/acupcakeshop/Documentation/Implementation/documentation_dashboard.md
  Migrating: /Users/patricksmith/obsidian/acupcakeshop/Documentation/Implementation/documentation_dashboard.md -> /Users/patricksmith/obsidian/acupcakeshop/docs/implementation/documentation-dashboard.md
Processing file 19: /Users/patricksmith/obsidian/acupcakeshop/Documentation/Implementation/enhanced_implementation_plan.md
  Migrating: /Users/patricksmith/obsidian/acupcakeshop/Documentation/Implementation/enhanced_implementation_plan.md -> /Users/patricksmith/obsidian/acupcakeshop/docs/implementation/enhanced-implementation-plan.md
Processing file 20: /Users/patricksmith/obsidian/acupcakeshop/Documentation/Implementation/enhancement_summary.md
  Migrating: /Users/patricksmith/obsidian/acupcakeshop/Documentation/Implementation/enhancement_summary.md -> /Users/patricksmith/obsidian/acupcakeshop/docs/implementation/enhancement-summary.md
Processing file 21: /Users/patricksmith/obsidian/acupcakeshop/Documentation/Implementation/final_recovery_report.md
  Migrating: /Users/patricksmith/obsidian/acupcakeshop/Documentation/Implementation/final_recovery_report.md -> /Users/patricksmith/obsidian/acupcakeshop/docs/implementation/final-recovery-report.md
Processing file 22: /Users/patricksmith/obsidian/acupcakeshop/Documentation/Implementation/fix_next_steps.md
  Migrating: /Users/patricksmith/obsidian/acupcakeshop/Documentation/Implementation/fix_next_steps.md -> /Users/patricksmith/obsidian/acupcakeshop/docs/implementation/fix-next-steps.md
Processing file 23: /Users/patricksmith/obsidian/acupcakeshop/Documentation/Implementation/implementation_roadmap.md
  Migrating: /Users/patricksmith/obsidian/acupcakeshop/Documentation/Implementation/implementation_roadmap.md -> /Users/patricksmith/obsidian/acupcakeshop/docs/implementation/implementation-roadmap.md
Processing file 24: /Users/patricksmith/obsidian/acupcakeshop/Documentation/Implementation/implementation_status.md
  Migrating: /Users/patricksmith/obsidian/acupcakeshop/Documentation/Implementation/implementation_status.md -> /Users/patricksmith/obsidian/acupcakeshop/docs/implementation/implementation-status.md
Processing file 25: /Users/patricksmith/obsidian/acupcakeshop/Documentation/Implementation/implementation-plan.md
  Migrating: /Users/patricksmith/obsidian/acupcakeshop/Documentation/Implementation/implementation-plan.md -> /Users/patricksmith/obsidian/acupcakeshop/docs/implementation/implementation-plan.md
Processing file 26: /Users/patricksmith/obsidian/acupcakeshop/Documentation/Implementation/mermaid_implementation_guide.md
  Migrating: /Users/patricksmith/obsidian/acupcakeshop/Documentation/Implementation/mermaid_implementation_guide.md -> /Users/patricksmith/obsidian/acupcakeshop/docs/implementation/mermaid-implementation-guide.md
Processing file 27: /Users/patricksmith/obsidian/acupcakeshop/Documentation/Implementation/migration_completion_report.md
  Migrating: /Users/patricksmith/obsidian/acupcakeshop/Documentation/Implementation/migration_completion_report.md -> /Users/patricksmith/obsidian/acupcakeshop/docs/implementation/migration-completion-report.md
Processing file 28: /Users/patricksmith/obsidian/acupcakeshop/Documentation/Implementation/migration_dashboard.md
  Migrating: /Users/patricksmith/obsidian/acupcakeshop/Documentation/Implementation/migration_dashboard.md -> /Users/patricksmith/obsidian/acupcakeshop/docs/implementation/migration-dashboard.md
Processing file 29: /Users/patricksmith/obsidian/acupcakeshop/Documentation/Implementation/migration_report.md
  Migrating: /Users/patricksmith/obsidian/acupcakeshop/Documentation/Implementation/migration_report.md -> /Users/patricksmith/obsidian/acupcakeshop/docs/implementation/migration-report.md
Processing file 30: /Users/patricksmith/obsidian/acupcakeshop/Documentation/Implementation/migration_verification_report.md
  Migrating: /Users/patricksmith/obsidian/acupcakeshop/Documentation/Implementation/migration_verification_report.md -> /Users/patricksmith/obsidian/acupcakeshop/docs/implementation/migration-verification-report.md
Processing file 31: /Users/patricksmith/obsidian/acupcakeshop/Documentation/Implementation/migration_verification_status.md
  Migrating: /Users/patricksmith/obsidian/acupcakeshop/Documentation/Implementation/migration_verification_status.md -> /Users/patricksmith/obsidian/acupcakeshop/docs/implementation/migration-verification-status.md
Processing file 32: /Users/patricksmith/obsidian/acupcakeshop/Documentation/Implementation/obsidian_enhancement_summary.md
  Migrating: /Users/patricksmith/obsidian/acupcakeshop/Documentation/Implementation/obsidian_enhancement_summary.md -> /Users/patricksmith/obsidian/acupcakeshop/docs/implementation/obsidian-enhancement-summary.md
Processing file 33: /Users/patricksmith/obsidian/acupcakeshop/Documentation/Implementation/redirection_fix_report.md
  Migrating: /Users/patricksmith/obsidian/acupcakeshop/Documentation/Implementation/redirection_fix_report.md -> /Users/patricksmith/obsidian/acupcakeshop/docs/implementation/redirection-fix-report.md
Processing file 34: /Users/patricksmith/obsidian/acupcakeshop/Documentation/Implementation/strategic_linking_summary.md
  Migrating: /Users/patricksmith/obsidian/acupcakeshop/Documentation/Implementation/strategic_linking_summary.md -> /Users/patricksmith/obsidian/acupcakeshop/docs/implementation/strategic-linking-summary.md
Processing file 35: /Users/patricksmith/obsidian/acupcakeshop/Documentation/Implementation/tagging_implementation_guide.md
  Migrating: /Users/patricksmith/obsidian/acupcakeshop/Documentation/Implementation/tagging_implementation_guide.md -> /Users/patricksmith/obsidian/acupcakeshop/docs/implementation/tagging-implementation-guide.md
Processing file 36: /Users/patricksmith/obsidian/acupcakeshop/Documentation/Implementation/template_implementation_guide.md
  Migrating: /Users/patricksmith/obsidian/acupcakeshop/Documentation/Implementation/template_implementation_guide.md -> /Users/patricksmith/obsidian/acupcakeshop/docs/implementation/template-implementation-guide.md
Processing file 37: /Users/patricksmith/obsidian/acupcakeshop/Documentation/Implementation/vault_fix_report_20250410_075058.md
  Migrating: /Users/patricksmith/obsidian/acupcakeshop/Documentation/Implementation/vault_fix_report_20250410_075058.md -> /Users/patricksmith/obsidian/acupcakeshop/docs/implementation/vault-fix-report-20250410-075058.md
Processing file 38: /Users/patricksmith/obsidian/acupcakeshop/Documentation/Implementation/vault_fix_report.md
  Migrating: /Users/patricksmith/obsidian/acupcakeshop/Documentation/Implementation/vault_fix_report.md -> /Users/patricksmith/obsidian/acupcakeshop/docs/implementation/vault-fix-report.md
Processing file 39: /Users/patricksmith/obsidian/acupcakeshop/Documentation/Implementation/vault_migration_plan.md
  Migrating: /Users/patricksmith/obsidian/acupcakeshop/Documentation/Implementation/vault_migration_plan.md -> /Users/patricksmith/obsidian/acupcakeshop/docs/implementation/vault-migration-plan.md
Processing file 40: /Users/patricksmith/obsidian/acupcakeshop/Documentation/knowledge_graph_enhancement_guide.md
  Migrating: /Users/patricksmith/obsidian/acupcakeshop/Documentation/knowledge_graph_enhancement_guide.md -> /Users/patricksmith/obsidian/acupcakeshop/docs/knowledge-graph-enhancement-guide.md
Processing file 41: /Users/patricksmith/obsidian/acupcakeshop/Documentation/Reference/automation_scripts_guide.md
  Migrating: /Users/patricksmith/obsidian/acupcakeshop/Documentation/Reference/automation_scripts_guide.md -> /Users/patricksmith/obsidian/acupcakeshop/docs/reference/automation-scripts-guide.md
Processing file 42: /Users/patricksmith/obsidian/acupcakeshop/Documentation/Reference/tag_system.md
  Migrating: /Users/patricksmith/obsidian/acupcakeshop/Documentation/Reference/tag_system.md -> /Users/patricksmith/obsidian/acupcakeshop/docs/reference/tag-system.md
Processing file 43: /Users/patricksmith/obsidian/acupcakeshop/Documentation/Reference/yaml_frontmatter_guide.md
  Migrating: /Users/patricksmith/obsidian/acupcakeshop/Documentation/Reference/yaml_frontmatter_guide.md -> /Users/patricksmith/obsidian/acupcakeshop/docs/reference/yaml-frontmatter-guide.md
Processing file 44: /Users/patricksmith/obsidian/acupcakeshop/Documentation/System/consolidation_next_steps.md
  Migrating: /Users/patricksmith/obsidian/acupcakeshop/Documentation/System/consolidation_next_steps.md -> /Users/patricksmith/obsidian/acupcakeshop/docs/system/consolidation-next-steps.md
Processing file 45: /Users/patricksmith/obsidian/acupcakeshop/Documentation/System/obsidian_performance_guide.md
  Migrating: /Users/patricksmith/obsidian/acupcakeshop/Documentation/System/obsidian_performance_guide.md -> /Users/patricksmith/obsidian/acupcakeshop/docs/system/obsidian-performance-guide.md
Processing file 46: /Users/patricksmith/obsidian/acupcakeshop/Documentation/System/obsidian_sync_compatibility.md
  Migrating: /Users/patricksmith/obsidian/acupcakeshop/Documentation/System/obsidian_sync_compatibility.md -> /Users/patricksmith/obsidian/acupcakeshop/docs/system/obsidian-sync-compatibility.md
Processing file 47: /Users/patricksmith/obsidian/acupcakeshop/Documentation/System/script_consolidation_README.md
  Migrating: /Users/patricksmith/obsidian/acupcakeshop/Documentation/System/script_consolidation_README.md -> /Users/patricksmith/obsidian/acupcakeshop/docs/system/script-consolidation-README.md
Processing file 48: /Users/patricksmith/obsidian/acupcakeshop/Documentation/System/yaml_audit_results.md
  Migrating: /Users/patricksmith/obsidian/acupcakeshop/Documentation/System/yaml_audit_results.md -> /Users/patricksmith/obsidian/acupcakeshop/docs/system/yaml-audit-results.md
Processing file 49: /Users/patricksmith/obsidian/acupcakeshop/Documentation/System/yaml_frontmatter_standardization.md
  Migrating: /Users/patricksmith/obsidian/acupcakeshop/Documentation/System/yaml_frontmatter_standardization.md -> /Users/patricksmith/obsidian/acupcakeshop/docs/system/yaml-frontmatter-standardization.md
Processing file 50: /Users/patricksmith/obsidian/acupcakeshop/Documentation/tagging_implementation_guide.md
  Migrating: /Users/patricksmith/obsidian/acupcakeshop/Documentation/tagging_implementation_guide.md -> /Users/patricksmith/obsidian/acupcakeshop/docs/tagging-implementation-guide.md
Processing file 51: /Users/patricksmith/obsidian/acupcakeshop/Documentation/template_implementation_guide.md
  Migrating: /Users/patricksmith/obsidian/acupcakeshop/Documentation/template_implementation_guide.md -> /Users/patricksmith/obsidian/acupcakeshop/docs/template-implementation-guide.md
Processing file 52: /Users/patricksmith/obsidian/acupcakeshop/Documentation/vault_reorganization_plan.md
  Migrating: /Users/patricksmith/obsidian/acupcakeshop/Documentation/vault_reorganization_plan.md -> /Users/patricksmith/obsidian/acupcakeshop/docs/vault-reorganization-plan.md
Processing file 53: /Users/patricksmith/obsidian/acupcakeshop/Documentation/yaml_frontmatter_guide.md
  Migrating: /Users/patricksmith/obsidian/acupcakeshop/Documentation/yaml_frontmatter_guide.md -> /Users/patricksmith/obsidian/acupcakeshop/docs/yaml-frontmatter-guide.md
Processing file 54: /Users/patricksmith/obsidian/acupcakeshop/Documentation/yaml_frontmatter_standardization.md
  Migrating: /Users/patricksmith/obsidian/acupcakeshop/Documentation/yaml_frontmatter_standardization.md -> /Users/patricksmith/obsidian/acupcakeshop/docs/yaml-frontmatter-standardization.md
Processing file 55: /Users/patricksmith/obsidian/acupcakeshop/index.md
  Migrating: /Users/patricksmith/obsidian/acupcakeshop/index.md -> /Users/patricksmith/obsidian/acupcakeshop/docs/index.md
Processing file 56: /Users/patricksmith/obsidian/acupcakeshop/Maps/map-athlete-interviews.md
  Migrating: /Users/patricksmith/obsidian/acupcakeshop/Maps/map-athlete-interviews.md -> /Users/patricksmith/obsidian/acupcakeshop/atlas/map-athlete-interviews.md
Processing file 57: /Users/patricksmith/obsidian/acupcakeshop/Maps/map-competitor-landscape.md
  Migrating: /Users/patricksmith/obsidian/acupcakeshop/Maps/map-competitor-landscape.md -> /Users/patricksmith/obsidian/acupcakeshop/atlas/map-competitor-landscape.md
Processing file 58: /Users/patricksmith/obsidian/acupcakeshop/Maps/map-service-models.md
  Migrating: /Users/patricksmith/obsidian/acupcakeshop/Maps/map-service-models.md -> /Users/patricksmith/obsidian/acupcakeshop/atlas/map-service-models.md
Processing file 59: /Users/patricksmith/obsidian/acupcakeshop/Maps/map-strategic-planning.md
  Migrating: /Users/patricksmith/obsidian/acupcakeshop/Maps/map-strategic-planning.md -> /Users/patricksmith/obsidian/acupcakeshop/atlas/map-strategic-planning.md
Processing file 60: /Users/patricksmith/obsidian/acupcakeshop/PERFORMANCE_README.md
  Migrating: /Users/patricksmith/obsidian/acupcakeshop/PERFORMANCE_README.md -> /Users/patricksmith/obsidian/acupcakeshop/docs/PERFORMANCE-README.md
Processing file 61: /Users/patricksmith/obsidian/acupcakeshop/phased_migration_plan.md
  Migrating: /Users/patricksmith/obsidian/acupcakeshop/phased_migration_plan.md -> /Users/patricksmith/obsidian/acupcakeshop/docs/phased-migration-plan.md
Processing file 62: /Users/patricksmith/obsidian/acupcakeshop/recovery_complete.md
  Migrating: /Users/patricksmith/obsidian/acupcakeshop/recovery_complete.md -> /Users/patricksmith/obsidian/acupcakeshop/docs/recovery-complete.md
Processing file 63: /Users/patricksmith/obsidian/acupcakeshop/recovery_successful.md
  Migrating: /Users/patricksmith/obsidian/acupcakeshop/recovery_successful.md -> /Users/patricksmith/obsidian/acupcakeshop/docs/recovery-successful.md
Processing file 64: /Users/patricksmith/obsidian/acupcakeshop/Resources/assets/diagrams/README.md
  Migrating: /Users/patricksmith/obsidian/acupcakeshop/Resources/assets/diagrams/README.md -> /Users/patricksmith/obsidian/acupcakeshop/resources/assets/diagrams/README.md
Processing file 65: /Users/patricksmith/obsidian/acupcakeshop/Resources/assets/documents/README.md
  Migrating: /Users/patricksmith/obsidian/acupcakeshop/Resources/assets/documents/README.md -> /Users/patricksmith/obsidian/acupcakeshop/resources/assets/documents/README.md
Processing file 66: /Users/patricksmith/obsidian/acupcakeshop/Resources/assets/images/README.md
  Migrating: /Users/patricksmith/obsidian/acupcakeshop/Resources/assets/images/README.md -> /Users/patricksmith/obsidian/acupcakeshop/resources/assets/images/README.md
Processing file 67: /Users/patricksmith/obsidian/acupcakeshop/Resources/assets/README.md
  Migrating: /Users/patricksmith/obsidian/acupcakeshop/Resources/assets/README.md -> /Users/patricksmith/obsidian/acupcakeshop/resources/assets/README.md
Processing file 68: /Users/patricksmith/obsidian/acupcakeshop/Resources/Dashboards/advanced-queries-dashboard.md
  Migrating: /Users/patricksmith/obsidian/acupcakeshop/Resources/Dashboards/advanced-queries-dashboard.md -> /Users/patricksmith/obsidian/acupcakeshop/resources/dashboards/advanced-queries-dashboard.md
Processing file 69: /Users/patricksmith/obsidian/acupcakeshop/Resources/Dashboards/advanced-service-model-analysis.md
  Migrating: /Users/patricksmith/obsidian/acupcakeshop/Resources/Dashboards/advanced-service-model-analysis.md -> /Users/patricksmith/obsidian/acupcakeshop/resources/dashboards/advanced-service-model-analysis.md
Processing file 70: /Users/patricksmith/obsidian/acupcakeshop/Resources/Dashboards/athlete-financial-needs.md
  Migrating: /Users/patricksmith/obsidian/acupcakeshop/Resources/Dashboards/athlete-financial-needs.md -> /Users/patricksmith/obsidian/acupcakeshop/resources/dashboards/athlete-financial-needs.md
Processing file 71: /Users/patricksmith/obsidian/acupcakeshop/Resources/Dashboards/competitor-analysis.md
  Migrating: /Users/patricksmith/obsidian/acupcakeshop/Resources/Dashboards/competitor-analysis.md -> /Users/patricksmith/obsidian/acupcakeshop/resources/dashboards/competitor-analysis.md
Processing file 72: /Users/patricksmith/obsidian/acupcakeshop/Resources/Dashboards/competitor/README.md
  Migrating: /Users/patricksmith/obsidian/acupcakeshop/Resources/Dashboards/competitor/README.md -> /Users/patricksmith/obsidian/acupcakeshop/resources/dashboards/competitor/README.md
Processing file 73: /Users/patricksmith/obsidian/acupcakeshop/Resources/Dashboards/content-status.md
  Migrating: /Users/patricksmith/obsidian/acupcakeshop/Resources/Dashboards/content-status.md -> /Users/patricksmith/obsidian/acupcakeshop/resources/dashboards/content-status.md
Processing file 74: /Users/patricksmith/obsidian/acupcakeshop/Resources/Dashboards/financial/README.md
  Migrating: /Users/patricksmith/obsidian/acupcakeshop/Resources/Dashboards/financial/README.md -> /Users/patricksmith/obsidian/acupcakeshop/resources/dashboards/financial/README.md
Processing file 75: /Users/patricksmith/obsidian/acupcakeshop/Resources/Dashboards/index.md
  Migrating: /Users/patricksmith/obsidian/acupcakeshop/Resources/Dashboards/index.md -> /Users/patricksmith/obsidian/acupcakeshop/resources/dashboards/index.md
Processing file 76: /Users/patricksmith/obsidian/acupcakeshop/Resources/Dashboards/interview-insights.md
  Migrating: /Users/patricksmith/obsidian/acupcakeshop/Resources/Dashboards/interview-insights.md -> /Users/patricksmith/obsidian/acupcakeshop/resources/dashboards/interview-insights.md
Processing file 77: /Users/patricksmith/obsidian/acupcakeshop/Resources/Dashboards/interview/README.md
  Migrating: /Users/patricksmith/obsidian/acupcakeshop/Resources/Dashboards/interview/README.md -> /Users/patricksmith/obsidian/acupcakeshop/resources/dashboards/interview/README.md
Processing file 78: /Users/patricksmith/obsidian/acupcakeshop/Resources/Dashboards/project-progress.md
  Migrating: /Users/patricksmith/obsidian/acupcakeshop/Resources/Dashboards/project-progress.md -> /Users/patricksmith/obsidian/acupcakeshop/resources/dashboards/project-progress.md
Processing file 79: /Users/patricksmith/obsidian/acupcakeshop/Resources/Dashboards/project-status.md
  Migrating: /Users/patricksmith/obsidian/acupcakeshop/Resources/Dashboards/project-status.md -> /Users/patricksmith/obsidian/acupcakeshop/resources/dashboards/project-status.md
Processing file 80: /Users/patricksmith/obsidian/acupcakeshop/Resources/Dashboards/project/advanced-queries-dashboard.md
  Migrating: /Users/patricksmith/obsidian/acupcakeshop/Resources/Dashboards/project/advanced-queries-dashboard.md -> /Users/patricksmith/obsidian/acupcakeshop/resources/dashboards/project/advanced-queries-dashboard.md
Processing file 81: /Users/patricksmith/obsidian/acupcakeshop/Resources/Dashboards/project/advanced-service-model-analysis.md
  Migrating: /Users/patricksmith/obsidian/acupcakeshop/Resources/Dashboards/project/advanced-service-model-analysis.md -> /Users/patricksmith/obsidian/acupcakeshop/resources/dashboards/project/advanced-service-model-analysis.md
Processing file 82: /Users/patricksmith/obsidian/acupcakeshop/Resources/Dashboards/project/athlete-financial-needs.md
  Migrating: /Users/patricksmith/obsidian/acupcakeshop/Resources/Dashboards/project/athlete-financial-needs.md -> /Users/patricksmith/obsidian/acupcakeshop/resources/dashboards/project/athlete-financial-needs.md
Processing file 83: /Users/patricksmith/obsidian/acupcakeshop/Resources/Dashboards/project/competitor-analysis.md
  Migrating: /Users/patricksmith/obsidian/acupcakeshop/Resources/Dashboards/project/competitor-analysis.md -> /Users/patricksmith/obsidian/acupcakeshop/resources/dashboards/project/competitor-analysis.md
Processing file 84: /Users/patricksmith/obsidian/acupcakeshop/Resources/Dashboards/project/consolidation-success.md
  Migrating: /Users/patricksmith/obsidian/acupcakeshop/Resources/Dashboards/project/consolidation-success.md -> /Users/patricksmith/obsidian/acupcakeshop/resources/dashboards/project/consolidation-success.md
Processing file 85: /Users/patricksmith/obsidian/acupcakeshop/Resources/Dashboards/project/content-status.md
  Migrating: /Users/patricksmith/obsidian/acupcakeshop/Resources/Dashboards/project/content-status.md -> /Users/patricksmith/obsidian/acupcakeshop/resources/dashboards/project/content-status.md
Processing file 86: /Users/patricksmith/obsidian/acupcakeshop/Resources/Dashboards/project/index.md
  Migrating: /Users/patricksmith/obsidian/acupcakeshop/Resources/Dashboards/project/index.md -> /Users/patricksmith/obsidian/acupcakeshop/resources/dashboards/project/index.md
Processing file 87: /Users/patricksmith/obsidian/acupcakeshop/Resources/Dashboards/project/interview-insights.md
  Migrating: /Users/patricksmith/obsidian/acupcakeshop/Resources/Dashboards/project/interview-insights.md -> /Users/patricksmith/obsidian/acupcakeshop/resources/dashboards/project/interview-insights.md
Processing file 88: /Users/patricksmith/obsidian/acupcakeshop/Resources/Dashboards/project/obsidian-compatibility-summary.md
  Migrating: /Users/patricksmith/obsidian/acupcakeshop/Resources/Dashboards/project/obsidian-compatibility-summary.md -> /Users/patricksmith/obsidian/acupcakeshop/resources/dashboards/project/obsidian-compatibility-summary.md
Processing file 89: /Users/patricksmith/obsidian/acupcakeshop/Resources/Dashboards/project/optimization-table-link.md
  Migrating: /Users/patricksmith/obsidian/acupcakeshop/Resources/Dashboards/project/optimization-table-link.md -> /Users/patricksmith/obsidian/acupcakeshop/resources/dashboards/project/optimization-table-link.md
Processing file 90: /Users/patricksmith/obsidian/acupcakeshop/Resources/Dashboards/project/project-progress.md
  Migrating: /Users/patricksmith/obsidian/acupcakeshop/Resources/Dashboards/project/project-progress.md -> /Users/patricksmith/obsidian/acupcakeshop/resources/dashboards/project/project-progress.md
Processing file 91: /Users/patricksmith/obsidian/acupcakeshop/Resources/Dashboards/project/project-status.md
  Migrating: /Users/patricksmith/obsidian/acupcakeshop/Resources/Dashboards/project/project-status.md -> /Users/patricksmith/obsidian/acupcakeshop/resources/dashboards/project/project-status.md
Processing file 92: /Users/patricksmith/obsidian/acupcakeshop/Resources/Dashboards/project/README.md
  Migrating: /Users/patricksmith/obsidian/acupcakeshop/Resources/Dashboards/project/README.md -> /Users/patricksmith/obsidian/acupcakeshop/resources/dashboards/project/README.md
Processing file 93: /Users/patricksmith/obsidian/acupcakeshop/Resources/Dashboards/project/script-consolidation-report.md
  Migrating: /Users/patricksmith/obsidian/acupcakeshop/Resources/Dashboards/project/script-consolidation-report.md -> /Users/patricksmith/obsidian/acupcakeshop/resources/dashboards/project/script-consolidation-report.md
Processing file 94: /Users/patricksmith/obsidian/acupcakeshop/Resources/Dashboards/project/script-consolidation-summary.md
  Migrating: /Users/patricksmith/obsidian/acupcakeshop/Resources/Dashboards/project/script-consolidation-summary.md -> /Users/patricksmith/obsidian/acupcakeshop/resources/dashboards/project/script-consolidation-summary.md
Processing file 95: /Users/patricksmith/obsidian/acupcakeshop/Resources/Dashboards/README.md
  Migrating: /Users/patricksmith/obsidian/acupcakeshop/Resources/Dashboards/README.md -> /Users/patricksmith/obsidian/acupcakeshop/resources/dashboards/README.md
Processing file 96: /Users/patricksmith/obsidian/acupcakeshop/Resources/Dashboards/System/consolidation-success.md
  Migrating: /Users/patricksmith/obsidian/acupcakeshop/Resources/Dashboards/System/consolidation-success.md -> /Users/patricksmith/obsidian/acupcakeshop/docs/system/consolidation-success.md
Processing file 97: /Users/patricksmith/obsidian/acupcakeshop/Resources/Dashboards/System/obsidian-compatibility-summary.md
  Migrating: /Users/patricksmith/obsidian/acupcakeshop/Resources/Dashboards/System/obsidian-compatibility-summary.md -> /Users/patricksmith/obsidian/acupcakeshop/docs/system/obsidian-compatibility-summary.md
Processing file 98: /Users/patricksmith/obsidian/acupcakeshop/Resources/Dashboards/System/optimization-table-link.md
  Migrating: /Users/patricksmith/obsidian/acupcakeshop/Resources/Dashboards/System/optimization-table-link.md -> /Users/patricksmith/obsidian/acupcakeshop/docs/system/optimization-table-link.md
Processing file 99: /Users/patricksmith/obsidian/acupcakeshop/Resources/Dashboards/System/script-consolidation-report.md
  Migrating: /Users/patricksmith/obsidian/acupcakeshop/Resources/Dashboards/System/script-consolidation-report.md -> /Users/patricksmith/obsidian/acupcakeshop/docs/system/script-consolidation-report.md
Processing file 100: /Users/patricksmith/obsidian/acupcakeshop/Resources/Dashboards/System/script-consolidation-summary.md
  Migrating: /Users/patricksmith/obsidian/acupcakeshop/Resources/Dashboards/System/script-consolidation-summary.md -> /Users/patricksmith/obsidian/acupcakeshop/docs/system/script-consolidation-summary.md
Processing file 101: /Users/patricksmith/obsidian/acupcakeshop/Resources/index.md
  Migrating: /Users/patricksmith/obsidian/acupcakeshop/Resources/index.md -> /Users/patricksmith/obsidian/acupcakeshop/resources/misc/index.md
Processing file 102: /Users/patricksmith/obsidian/acupcakeshop/Resources/Maps/map-athlete-interviews.md
  Migrating: /Users/patricksmith/obsidian/acupcakeshop/Resources/Maps/map-athlete-interviews.md -> /Users/patricksmith/obsidian/acupcakeshop/atlas/map-athlete-interviews.md
Processing file 103: /Users/patricksmith/obsidian/acupcakeshop/Resources/Maps/map-competitor-landscape.md
  Migrating: /Users/patricksmith/obsidian/acupcakeshop/Resources/Maps/map-competitor-landscape.md -> /Users/patricksmith/obsidian/acupcakeshop/atlas/map-competitor-landscape.md
Processing file 104: /Users/patricksmith/obsidian/acupcakeshop/Resources/Maps/map-service-models.md
  Migrating: /Users/patricksmith/obsidian/acupcakeshop/Resources/Maps/map-service-models.md -> /Users/patricksmith/obsidian/acupcakeshop/atlas/map-service-models.md
Processing file 105: /Users/patricksmith/obsidian/acupcakeshop/Resources/Maps/map-strategic-planning.md
  Migrating: /Users/patricksmith/obsidian/acupcakeshop/Resources/Maps/map-strategic-planning.md -> /Users/patricksmith/obsidian/acupcakeshop/atlas/map-strategic-planning.md
Processing file 106: /Users/patricksmith/obsidian/acupcakeshop/Resources/Maps/mind-map-athlete-financial-lifecycle.md
  Migrating: /Users/patricksmith/obsidian/acupcakeshop/Resources/Maps/mind-map-athlete-financial-lifecycle.md -> /Users/patricksmith/obsidian/acupcakeshop/atlas/mind-map-athlete-financial-lifecycle.md
Processing file 107: /Users/patricksmith/obsidian/acupcakeshop/Resources/Maps/mind-map-service-model.md
  Migrating: /Users/patricksmith/obsidian/acupcakeshop/Resources/Maps/mind-map-service-model.md -> /Users/patricksmith/obsidian/acupcakeshop/atlas/mind-map-service-model.md
Processing file 108: /Users/patricksmith/obsidian/acupcakeshop/Resources/Maps/README.md
  Migrating: /Users/patricksmith/obsidian/acupcakeshop/Resources/Maps/README.md -> /Users/patricksmith/obsidian/acupcakeshop/atlas/README.md
Processing file 109: /Users/patricksmith/obsidian/acupcakeshop/Resources/misc/advanced-enhancement-recommendations.md
  Migrating: /Users/patricksmith/obsidian/acupcakeshop/Resources/misc/advanced-enhancement-recommendations.md -> /Users/patricksmith/obsidian/acupcakeshop/resources/misc/advanced-enhancement-recommendations.md
Processing file 110: /Users/patricksmith/obsidian/acupcakeshop/Resources/misc/athlete-financial-lifecycle.excalidraw.md
  Migrating: /Users/patricksmith/obsidian/acupcakeshop/Resources/misc/athlete-financial-lifecycle.excalidraw.md -> /Users/patricksmith/obsidian/acupcakeshop/resources/misc/athlete-financial-lifecycle.excalidraw.md
Processing file 111: /Users/patricksmith/obsidian/acupcakeshop/Resources/misc/automation-scripts-guide.md
  Migrating: /Users/patricksmith/obsidian/acupcakeshop/Resources/misc/automation-scripts-guide.md -> /Users/patricksmith/obsidian/acupcakeshop/resources/misc/automation-scripts-guide.md
Processing file 112: /Users/patricksmith/obsidian/acupcakeshop/Resources/misc/Automation.md
  Migrating: /Users/patricksmith/obsidian/acupcakeshop/Resources/misc/Automation.md -> /Users/patricksmith/obsidian/acupcakeshop/resources/misc/Automation.md
Processing file 113: /Users/patricksmith/obsidian/acupcakeshop/Resources/misc/cleanup-summary.md
  Migrating: /Users/patricksmith/obsidian/acupcakeshop/Resources/misc/cleanup-summary.md -> /Users/patricksmith/obsidian/acupcakeshop/resources/misc/cleanup-summary.md
Processing file 114: /Users/patricksmith/obsidian/acupcakeshop/Resources/misc/consolidation-next-steps.md
  Migrating: /Users/patricksmith/obsidian/acupcakeshop/Resources/misc/consolidation-next-steps.md -> /Users/patricksmith/obsidian/acupcakeshop/resources/misc/consolidation-next-steps.md
Processing file 115: /Users/patricksmith/obsidian/acupcakeshop/Resources/misc/dataview-implementation-guide.md
  Migrating: /Users/patricksmith/obsidian/acupcakeshop/Resources/misc/dataview-implementation-guide.md -> /Users/patricksmith/obsidian/acupcakeshop/resources/misc/dataview-implementation-guide.md
Processing file 116: /Users/patricksmith/obsidian/acupcakeshop/Resources/misc/deployment-package.md
  Migrating: /Users/patricksmith/obsidian/acupcakeshop/Resources/misc/deployment-package.md -> /Users/patricksmith/obsidian/acupcakeshop/resources/misc/deployment-package.md
Processing file 117: /Users/patricksmith/obsidian/acupcakeshop/Resources/misc/directory-structure-log.md
  Migrating: /Users/patricksmith/obsidian/acupcakeshop/Resources/misc/directory-structure-log.md -> /Users/patricksmith/obsidian/acupcakeshop/resources/misc/directory-structure-log.md
Processing file 118: /Users/patricksmith/obsidian/acupcakeshop/Resources/misc/documentation-dashboard.md
  Migrating: /Users/patricksmith/obsidian/acupcakeshop/Resources/misc/documentation-dashboard.md -> /Users/patricksmith/obsidian/acupcakeshop/resources/misc/documentation-dashboard.md
Processing file 119: /Users/patricksmith/obsidian/acupcakeshop/Resources/misc/enhanced-implementation-plan.md
  Migrating: /Users/patricksmith/obsidian/acupcakeshop/Resources/misc/enhanced-implementation-plan.md -> /Users/patricksmith/obsidian/acupcakeshop/resources/misc/enhanced-implementation-plan.md
Processing file 120: /Users/patricksmith/obsidian/acupcakeshop/Resources/misc/enhancement-summary.md
  Migrating: /Users/patricksmith/obsidian/acupcakeshop/Resources/misc/enhancement-summary.md -> /Users/patricksmith/obsidian/acupcakeshop/resources/misc/enhancement-summary.md
Processing file 121: /Users/patricksmith/obsidian/acupcakeshop/Resources/misc/final-recovery-report.md
  Migrating: /Users/patricksmith/obsidian/acupcakeshop/Resources/misc/final-recovery-report.md -> /Users/patricksmith/obsidian/acupcakeshop/resources/misc/final-recovery-report.md
Processing file 122: /Users/patricksmith/obsidian/acupcakeshop/Resources/misc/first-phase-plugin-guide.md
  Migrating: /Users/patricksmith/obsidian/acupcakeshop/Resources/misc/first-phase-plugin-guide.md -> /Users/patricksmith/obsidian/acupcakeshop/resources/misc/first-phase-plugin-guide.md
Processing file 123: /Users/patricksmith/obsidian/acupcakeshop/Resources/misc/fix-next-steps.md
  Migrating: /Users/patricksmith/obsidian/acupcakeshop/Resources/misc/fix-next-steps.md -> /Users/patricksmith/obsidian/acupcakeshop/resources/misc/fix-next-steps.md
Processing file 124: /Users/patricksmith/obsidian/acupcakeshop/Resources/misc/graph-view-optimization.md
  Migrating: /Users/patricksmith/obsidian/acupcakeshop/Resources/misc/graph-view-optimization.md -> /Users/patricksmith/obsidian/acupcakeshop/resources/misc/graph-view-optimization.md
Processing file 125: /Users/patricksmith/obsidian/acupcakeshop/Resources/misc/implementation-plan.md
  Migrating: /Users/patricksmith/obsidian/acupcakeshop/Resources/misc/implementation-plan.md -> /Users/patricksmith/obsidian/acupcakeshop/resources/misc/implementation-plan.md
Processing file 126: /Users/patricksmith/obsidian/acupcakeshop/Resources/misc/implementation-roadmap.md
  Migrating: /Users/patricksmith/obsidian/acupcakeshop/Resources/misc/implementation-roadmap.md -> /Users/patricksmith/obsidian/acupcakeshop/resources/misc/implementation-roadmap.md
Processing file 127: /Users/patricksmith/obsidian/acupcakeshop/Resources/misc/implementation-status.md
  Migrating: /Users/patricksmith/obsidian/acupcakeshop/Resources/misc/implementation-status.md -> /Users/patricksmith/obsidian/acupcakeshop/resources/misc/implementation-status.md
Processing file 128: /Users/patricksmith/obsidian/acupcakeshop/Resources/misc/index.md
  Migrating: /Users/patricksmith/obsidian/acupcakeshop/Resources/misc/index.md -> /Users/patricksmith/obsidian/acupcakeshop/resources/misc/index.md
Processing file 129: /Users/patricksmith/obsidian/acupcakeshop/Resources/misc/Installation.md
  Migrating: /Users/patricksmith/obsidian/acupcakeshop/Resources/misc/Installation.md -> /Users/patricksmith/obsidian/acupcakeshop/resources/misc/Installation.md
Processing file 130: /Users/patricksmith/obsidian/acupcakeshop/Resources/misc/knowledge-graph-enhancement-guide.md
  Migrating: /Users/patricksmith/obsidian/acupcakeshop/Resources/misc/knowledge-graph-enhancement-guide.md -> /Users/patricksmith/obsidian/acupcakeshop/resources/misc/knowledge-graph-enhancement-guide.md
Processing file 131: /Users/patricksmith/obsidian/acupcakeshop/Resources/misc/Maintenance.md
  Migrating: /Users/patricksmith/obsidian/acupcakeshop/Resources/misc/Maintenance.md -> /Users/patricksmith/obsidian/acupcakeshop/resources/misc/Maintenance.md
Processing file 132: /Users/patricksmith/obsidian/acupcakeshop/Resources/misc/mermaid-implementation-guide.md
  Migrating: /Users/patricksmith/obsidian/acupcakeshop/Resources/misc/mermaid-implementation-guide.md -> /Users/patricksmith/obsidian/acupcakeshop/resources/misc/mermaid-implementation-guide.md
Processing file 133: /Users/patricksmith/obsidian/acupcakeshop/Resources/misc/migration-completion-report.md
  Migrating: /Users/patricksmith/obsidian/acupcakeshop/Resources/misc/migration-completion-report.md -> /Users/patricksmith/obsidian/acupcakeshop/resources/misc/migration-completion-report.md
Processing file 134: /Users/patricksmith/obsidian/acupcakeshop/Resources/misc/migration-dashboard.md
  Migrating: /Users/patricksmith/obsidian/acupcakeshop/Resources/misc/migration-dashboard.md -> /Users/patricksmith/obsidian/acupcakeshop/resources/misc/migration-dashboard.md
Processing file 135: /Users/patricksmith/obsidian/acupcakeshop/Resources/misc/migration-report.md
  Migrating: /Users/patricksmith/obsidian/acupcakeshop/Resources/misc/migration-report.md -> /Users/patricksmith/obsidian/acupcakeshop/resources/misc/migration-report.md
Processing file 136: /Users/patricksmith/obsidian/acupcakeshop/Resources/misc/migration-verification-report.md
  Migrating: /Users/patricksmith/obsidian/acupcakeshop/Resources/misc/migration-verification-report.md -> /Users/patricksmith/obsidian/acupcakeshop/resources/misc/migration-verification-report.md
Processing file 137: /Users/patricksmith/obsidian/acupcakeshop/Resources/misc/migration-verification-status.md
  Migrating: /Users/patricksmith/obsidian/acupcakeshop/Resources/misc/migration-verification-status.md -> /Users/patricksmith/obsidian/acupcakeshop/resources/misc/migration-verification-status.md
Processing file 138: /Users/patricksmith/obsidian/acupcakeshop/Resources/misc/obsidian-enhancement-summary.md
  Migrating: /Users/patricksmith/obsidian/acupcakeshop/Resources/misc/obsidian-enhancement-summary.md -> /Users/patricksmith/obsidian/acupcakeshop/resources/misc/obsidian-enhancement-summary.md
Processing file 139: /Users/patricksmith/obsidian/acupcakeshop/Resources/misc/obsidian-performance-guide.md
  Migrating: /Users/patricksmith/obsidian/acupcakeshop/Resources/misc/obsidian-performance-guide.md -> /Users/patricksmith/obsidian/acupcakeshop/resources/misc/obsidian-performance-guide.md
Processing file 140: /Users/patricksmith/obsidian/acupcakeshop/Resources/misc/obsidian-sync-compatibility.md
  Migrating: /Users/patricksmith/obsidian/acupcakeshop/Resources/misc/obsidian-sync-compatibility.md -> /Users/patricksmith/obsidian/acupcakeshop/resources/misc/obsidian-sync-compatibility.md
Processing file 141: /Users/patricksmith/obsidian/acupcakeshop/Resources/misc/optimization-table.md
  Migrating: /Users/patricksmith/obsidian/acupcakeshop/Resources/misc/optimization-table.md -> /Users/patricksmith/obsidian/acupcakeshop/resources/misc/optimization-table.md
Processing file 142: /Users/patricksmith/obsidian/acupcakeshop/Resources/misc/PERFORMANCE-README.md
  Migrating: /Users/patricksmith/obsidian/acupcakeshop/Resources/misc/PERFORMANCE-README.md -> /Users/patricksmith/obsidian/acupcakeshop/resources/misc/PERFORMANCE-README.md
Processing file 143: /Users/patricksmith/obsidian/acupcakeshop/Resources/misc/phased-migration-plan.md
  Migrating: /Users/patricksmith/obsidian/acupcakeshop/Resources/misc/phased-migration-plan.md -> /Users/patricksmith/obsidian/acupcakeshop/resources/misc/phased-migration-plan.md
Processing file 144: /Users/patricksmith/obsidian/acupcakeshop/Resources/misc/plugin-installation-guide.md
  Migrating: /Users/patricksmith/obsidian/acupcakeshop/Resources/misc/plugin-installation-guide.md -> /Users/patricksmith/obsidian/acupcakeshop/resources/misc/plugin-installation-guide.md
Processing file 145: /Users/patricksmith/obsidian/acupcakeshop/Resources/misc/README-templates.md
  Migrating: /Users/patricksmith/obsidian/acupcakeshop/Resources/misc/README-templates.md -> /Users/patricksmith/obsidian/acupcakeshop/resources/misc/README-templates.md
Processing file 146: /Users/patricksmith/obsidian/acupcakeshop/Resources/misc/README.md
  Migrating: /Users/patricksmith/obsidian/acupcakeshop/Resources/misc/README.md -> /Users/patricksmith/obsidian/acupcakeshop/resources/misc/README.md
Processing file 147: /Users/patricksmith/obsidian/acupcakeshop/Resources/misc/recovery-complete.md
  Migrating: /Users/patricksmith/obsidian/acupcakeshop/Resources/misc/recovery-complete.md -> /Users/patricksmith/obsidian/acupcakeshop/resources/misc/recovery-complete.md
Processing file 148: /Users/patricksmith/obsidian/acupcakeshop/Resources/misc/recovery-successful.md
  Migrating: /Users/patricksmith/obsidian/acupcakeshop/Resources/misc/recovery-successful.md -> /Users/patricksmith/obsidian/acupcakeshop/resources/misc/recovery-successful.md
Processing file 149: /Users/patricksmith/obsidian/acupcakeshop/Resources/misc/redirection-fix-report.md
  Migrating: /Users/patricksmith/obsidian/acupcakeshop/Resources/misc/redirection-fix-report.md -> /Users/patricksmith/obsidian/acupcakeshop/resources/misc/redirection-fix-report.md
Processing file 150: /Users/patricksmith/obsidian/acupcakeshop/Resources/misc/script-consolidation-README.md
  Migrating: /Users/patricksmith/obsidian/acupcakeshop/Resources/misc/script-consolidation-README.md -> /Users/patricksmith/obsidian/acupcakeshop/resources/misc/script-consolidation-README.md
Processing file 151: /Users/patricksmith/obsidian/acupcakeshop/Resources/misc/strategic-linking-guide.md
  Migrating: /Users/patricksmith/obsidian/acupcakeshop/Resources/misc/strategic-linking-guide.md -> /Users/patricksmith/obsidian/acupcakeshop/resources/misc/strategic-linking-guide.md
Processing file 152: /Users/patricksmith/obsidian/acupcakeshop/Resources/misc/strategic-linking-implementation.md
  Migrating: /Users/patricksmith/obsidian/acupcakeshop/Resources/misc/strategic-linking-implementation.md -> /Users/patricksmith/obsidian/acupcakeshop/resources/misc/strategic-linking-implementation.md
Processing file 153: /Users/patricksmith/obsidian/acupcakeshop/Resources/misc/strategic-linking-summary.md
  Migrating: /Users/patricksmith/obsidian/acupcakeshop/Resources/misc/strategic-linking-summary.md -> /Users/patricksmith/obsidian/acupcakeshop/resources/misc/strategic-linking-summary.md
Processing file 154: /Users/patricksmith/obsidian/acupcakeshop/Resources/misc/tag-system.md
  Migrating: /Users/patricksmith/obsidian/acupcakeshop/Resources/misc/tag-system.md -> /Users/patricksmith/obsidian/acupcakeshop/resources/misc/tag-system.md
Processing file 155: /Users/patricksmith/obsidian/acupcakeshop/Resources/misc/tagging-implementation-guide.md
  Migrating: /Users/patricksmith/obsidian/acupcakeshop/Resources/misc/tagging-implementation-guide.md -> /Users/patricksmith/obsidian/acupcakeshop/resources/misc/tagging-implementation-guide.md
Processing file 156: /Users/patricksmith/obsidian/acupcakeshop/Resources/misc/template-implementation-guide.md
  Migrating: /Users/patricksmith/obsidian/acupcakeshop/Resources/misc/template-implementation-guide.md -> /Users/patricksmith/obsidian/acupcakeshop/resources/misc/template-implementation-guide.md
Processing file 157: /Users/patricksmith/obsidian/acupcakeshop/Resources/misc/vault-fix-report-20250410-075058.md
  Migrating: /Users/patricksmith/obsidian/acupcakeshop/Resources/misc/vault-fix-report-20250410-075058.md -> /Users/patricksmith/obsidian/acupcakeshop/resources/misc/vault-fix-report-20250410-075058.md
Processing file 158: /Users/patricksmith/obsidian/acupcakeshop/Resources/misc/vault-fix-report.md
  Migrating: /Users/patricksmith/obsidian/acupcakeshop/Resources/misc/vault-fix-report.md -> /Users/patricksmith/obsidian/acupcakeshop/resources/misc/vault-fix-report.md
Processing file 159: /Users/patricksmith/obsidian/acupcakeshop/Resources/misc/vault-migration-plan.md
  Migrating: /Users/patricksmith/obsidian/acupcakeshop/Resources/misc/vault-migration-plan.md -> /Users/patricksmith/obsidian/acupcakeshop/resources/misc/vault-migration-plan.md
Processing file 160: /Users/patricksmith/obsidian/acupcakeshop/Resources/misc/vault-reorganization-plan.md
  Migrating: /Users/patricksmith/obsidian/acupcakeshop/Resources/misc/vault-reorganization-plan.md -> /Users/patricksmith/obsidian/acupcakeshop/resources/misc/vault-reorganization-plan.md
Processing file 161: /Users/patricksmith/obsidian/acupcakeshop/Resources/misc/verification-report-20250409-132809.md
  Migrating: /Users/patricksmith/obsidian/acupcakeshop/Resources/misc/verification-report-20250409-132809.md -> /Users/patricksmith/obsidian/acupcakeshop/resources/misc/verification-report-20250409-132809.md
Processing file 162: /Users/patricksmith/obsidian/acupcakeshop/Resources/misc/welcome.md
  Migrating: /Users/patricksmith/obsidian/acupcakeshop/Resources/misc/welcome.md -> /Users/patricksmith/obsidian/acupcakeshop/resources/misc/welcome.md
Processing file 163: /Users/patricksmith/obsidian/acupcakeshop/Resources/misc/yaml-audit-results.md
  Migrating: /Users/patricksmith/obsidian/acupcakeshop/Resources/misc/yaml-audit-results.md -> /Users/patricksmith/obsidian/acupcakeshop/resources/misc/yaml-audit-results.md
Processing file 164: /Users/patricksmith/obsidian/acupcakeshop/Resources/misc/yaml-frontmatter-guide.md
  Migrating: /Users/patricksmith/obsidian/acupcakeshop/Resources/misc/yaml-frontmatter-guide.md -> /Users/patricksmith/obsidian/acupcakeshop/resources/misc/yaml-frontmatter-guide.md
Processing file 165: /Users/patricksmith/obsidian/acupcakeshop/Resources/misc/yaml-frontmatter-standardization.md
  Migrating: /Users/patricksmith/obsidian/acupcakeshop/Resources/misc/yaml-frontmatter-standardization.md -> /Users/patricksmith/obsidian/acupcakeshop/resources/misc/yaml-frontmatter-standardization.md
Processing file 166: /Users/patricksmith/obsidian/acupcakeshop/Resources/README.md
  Migrating: /Users/patricksmith/obsidian/acupcakeshop/Resources/README.md -> /Users/patricksmith/obsidian/acupcakeshop/resources/misc/README.md
Processing file 167: /Users/patricksmith/obsidian/acupcakeshop/Resources/Templates/agent-interview-template.md
  Migrating: /Users/patricksmith/obsidian/acupcakeshop/Resources/Templates/agent-interview-template.md -> /Users/patricksmith/obsidian/acupcakeshop/resources/templates/agent-interview-template.md
Processing file 168: /Users/patricksmith/obsidian/acupcakeshop/Resources/Templates/analysis-templates/README.md
  Migrating: /Users/patricksmith/obsidian/acupcakeshop/Resources/Templates/analysis-templates/README.md -> /Users/patricksmith/obsidian/acupcakeshop/resources/templates/analysis-templates/README.md
Processing file 169: /Users/patricksmith/obsidian/acupcakeshop/Resources/Templates/Analysis/_index.md
  Migrating: /Users/patricksmith/obsidian/acupcakeshop/Resources/Templates/Analysis/_index.md -> /Users/patricksmith/obsidian/acupcakeshop/resources/templates/Analysis/README.md
Processing file 170: /Users/patricksmith/obsidian/acupcakeshop/Resources/Templates/Analysis/competitor-profile-template.md
  Migrating: /Users/patricksmith/obsidian/acupcakeshop/Resources/Templates/Analysis/competitor-profile-template.md -> /Users/patricksmith/obsidian/acupcakeshop/resources/templates/Analysis/competitor-profile-template.md
Processing file 171: /Users/patricksmith/obsidian/acupcakeshop/Resources/Templates/Analysis/competitor-profile.md
  Migrating: /Users/patricksmith/obsidian/acupcakeshop/Resources/Templates/Analysis/competitor-profile.md -> /Users/patricksmith/obsidian/acupcakeshop/resources/templates/Analysis/competitor-profile.md
Processing file 172: /Users/patricksmith/obsidian/acupcakeshop/Resources/Templates/Analysis/fee-structure-comparison.md
  Migrating: /Users/patricksmith/obsidian/acupcakeshop/Resources/Templates/Analysis/fee-structure-comparison.md -> /Users/patricksmith/obsidian/acupcakeshop/resources/templates/Analysis/fee-structure-comparison.md
Processing file 173: /Users/patricksmith/obsidian/acupcakeshop/Resources/Templates/Analysis/README.md
  Migrating: /Users/patricksmith/obsidian/acupcakeshop/Resources/Templates/Analysis/README.md -> /Users/patricksmith/obsidian/acupcakeshop/resources/templates/Analysis/README.md
Processing file 174: /Users/patricksmith/obsidian/acupcakeshop/Resources/Templates/Analysis/service-comparison-matrix.md
  Migrating: /Users/patricksmith/obsidian/acupcakeshop/Resources/Templates/Analysis/service-comparison-matrix.md -> /Users/patricksmith/obsidian/acupcakeshop/resources/templates/Analysis/service-comparison-matrix.md
Processing file 175: /Users/patricksmith/obsidian/acupcakeshop/Resources/Templates/Analysis/standard-table-template.md
  Migrating: /Users/patricksmith/obsidian/acupcakeshop/Resources/Templates/Analysis/standard-table-template.md -> /Users/patricksmith/obsidian/acupcakeshop/resources/templates/Analysis/standard-table-template.md
Processing file 176: /Users/patricksmith/obsidian/acupcakeshop/Resources/Templates/audio-transcript-template.md
  Migrating: /Users/patricksmith/obsidian/acupcakeshop/Resources/Templates/audio-transcript-template.md -> /Users/patricksmith/obsidian/acupcakeshop/resources/templates/audio-transcript-template.md
Processing file 177: /Users/patricksmith/obsidian/acupcakeshop/Resources/Templates/cap-strategist-interview-template.md
  Migrating: /Users/patricksmith/obsidian/acupcakeshop/Resources/Templates/cap-strategist-interview-template.md -> /Users/patricksmith/obsidian/acupcakeshop/resources/templates/cap-strategist-interview-template.md
Processing file 178: /Users/patricksmith/obsidian/acupcakeshop/Resources/Templates/Client/client-analysis.md
  Migrating: /Users/patricksmith/obsidian/acupcakeshop/Resources/Templates/Client/client-analysis.md -> /Users/patricksmith/obsidian/acupcakeshop/resources/templates/Client/client-analysis.md
Processing file 179: /Users/patricksmith/obsidian/acupcakeshop/Resources/Templates/Client/industry-interview.md
  Migrating: /Users/patricksmith/obsidian/acupcakeshop/Resources/Templates/Client/industry-interview.md -> /Users/patricksmith/obsidian/acupcakeshop/resources/templates/Client/industry-interview.md
Processing file 180: /Users/patricksmith/obsidian/acupcakeshop/Resources/Templates/Client/meeting-notes.md
  Migrating: /Users/patricksmith/obsidian/acupcakeshop/Resources/Templates/Client/meeting-notes.md -> /Users/patricksmith/obsidian/acupcakeshop/resources/templates/Client/meeting-notes.md
Processing file 181: /Users/patricksmith/obsidian/acupcakeshop/Resources/Templates/Client/player-interview.md
  Migrating: /Users/patricksmith/obsidian/acupcakeshop/Resources/Templates/Client/player-interview.md -> /Users/patricksmith/obsidian/acupcakeshop/resources/templates/Client/player-interview.md
Processing file 182: /Users/patricksmith/obsidian/acupcakeshop/Resources/Templates/competitor-profile-template.md
  Migrating: /Users/patricksmith/obsidian/acupcakeshop/Resources/Templates/competitor-profile-template.md -> /Users/patricksmith/obsidian/acupcakeshop/resources/templates/competitor-profile-template.md
Processing file 183: /Users/patricksmith/obsidian/acupcakeshop/Resources/Templates/competitor-templates/competitor-profile-template.md
  Migrating: /Users/patricksmith/obsidian/acupcakeshop/Resources/Templates/competitor-templates/competitor-profile-template.md -> /Users/patricksmith/obsidian/acupcakeshop/resources/templates/competitor-templates/competitor-profile-template.md
Processing file 184: /Users/patricksmith/obsidian/acupcakeshop/Resources/Templates/former-player-interview-template.md
  Migrating: /Users/patricksmith/obsidian/acupcakeshop/Resources/Templates/former-player-interview-template.md -> /Users/patricksmith/obsidian/acupcakeshop/resources/templates/former-player-interview-template.md
Processing file 185: /Users/patricksmith/obsidian/acupcakeshop/Resources/Templates/index-template.md
  Migrating: /Users/patricksmith/obsidian/acupcakeshop/Resources/Templates/index-template.md -> /Users/patricksmith/obsidian/acupcakeshop/resources/templates/index-template.md
Processing file 186: /Users/patricksmith/obsidian/acupcakeshop/Resources/Templates/interview-summary-template.md
  Migrating: /Users/patricksmith/obsidian/acupcakeshop/Resources/Templates/interview-summary-template.md -> /Users/patricksmith/obsidian/acupcakeshop/resources/templates/interview-summary-template.md
Processing file 187: /Users/patricksmith/obsidian/acupcakeshop/Resources/Templates/interview-templates/agent-interview-template.md
  Migrating: /Users/patricksmith/obsidian/acupcakeshop/Resources/Templates/interview-templates/agent-interview-template.md -> /Users/patricksmith/obsidian/acupcakeshop/resources/templates/interview-templates/agent-interview-template.md
Processing file 188: /Users/patricksmith/obsidian/acupcakeshop/Resources/Templates/interview-templates/cap-strategist-interview-template.md
  Migrating: /Users/patricksmith/obsidian/acupcakeshop/Resources/Templates/interview-templates/cap-strategist-interview-template.md -> /Users/patricksmith/obsidian/acupcakeshop/resources/templates/interview-templates/cap-strategist-interview-template.md
Processing file 189: /Users/patricksmith/obsidian/acupcakeshop/Resources/Templates/interview-templates/former-player-interview-template.md
  Migrating: /Users/patricksmith/obsidian/acupcakeshop/Resources/Templates/interview-templates/former-player-interview-template.md -> /Users/patricksmith/obsidian/acupcakeshop/resources/templates/interview-templates/former-player-interview-template.md
Processing file 190: /Users/patricksmith/obsidian/acupcakeshop/Resources/Templates/interview-templates/interview-summary-template.md
  Migrating: /Users/patricksmith/obsidian/acupcakeshop/Resources/Templates/interview-templates/interview-summary-template.md -> /Users/patricksmith/obsidian/acupcakeshop/resources/templates/interview-templates/interview-summary-template.md
Processing file 191: /Users/patricksmith/obsidian/acupcakeshop/Resources/Templates/interview-templates/player-interview-template.md
  Migrating: /Users/patricksmith/obsidian/acupcakeshop/Resources/Templates/interview-templates/player-interview-template.md -> /Users/patricksmith/obsidian/acupcakeshop/resources/templates/interview-templates/player-interview-template.md
Processing file 192: /Users/patricksmith/obsidian/acupcakeshop/Resources/Templates/interview-templates/README.md
  Migrating: /Users/patricksmith/obsidian/acupcakeshop/Resources/Templates/interview-templates/README.md -> /Users/patricksmith/obsidian/acupcakeshop/resources/templates/interview-templates/README.md
Processing file 193: /Users/patricksmith/obsidian/acupcakeshop/Resources/Templates/Interview/_index.md
  Migrating: /Users/patricksmith/obsidian/acupcakeshop/Resources/Templates/Interview/_index.md -> /Users/patricksmith/obsidian/acupcakeshop/resources/templates/Interview/README.md
Processing file 194: /Users/patricksmith/obsidian/acupcakeshop/Resources/Templates/Interview/agent-interview-template_20250415145841.md
  Migrating: /Users/patricksmith/obsidian/acupcakeshop/Resources/Templates/Interview/agent-interview-template_20250415145841.md -> /Users/patricksmith/obsidian/acupcakeshop/resources/templates/Interview/agent-interview-template-20250415145841.md
Processing file 195: /Users/patricksmith/obsidian/acupcakeshop/Resources/Templates/Interview/agent-interview-template-20250415145841.md
  Migrating: /Users/patricksmith/obsidian/acupcakeshop/Resources/Templates/Interview/agent-interview-template-20250415145841.md -> /Users/patricksmith/obsidian/acupcakeshop/resources/templates/Interview/agent-interview-template-20250415145841.md
Processing file 196: /Users/patricksmith/obsidian/acupcakeshop/Resources/Templates/Interview/agent-interview-template.md
  Migrating: /Users/patricksmith/obsidian/acupcakeshop/Resources/Templates/Interview/agent-interview-template.md -> /Users/patricksmith/obsidian/acupcakeshop/resources/templates/Interview/agent-interview-template.md
Processing file 197: /Users/patricksmith/obsidian/acupcakeshop/Resources/Templates/Interview/audio-transcript-template.md
  Migrating: /Users/patricksmith/obsidian/acupcakeshop/Resources/Templates/Interview/audio-transcript-template.md -> /Users/patricksmith/obsidian/acupcakeshop/resources/templates/Interview/audio-transcript-template.md
Processing file 198: /Users/patricksmith/obsidian/acupcakeshop/Resources/Templates/Interview/cap-strategist-interview-template_20250415145841.md
  Migrating: /Users/patricksmith/obsidian/acupcakeshop/Resources/Templates/Interview/cap-strategist-interview-template_20250415145841.md -> /Users/patricksmith/obsidian/acupcakeshop/resources/templates/Interview/cap-strategist-interview-template-20250415145841.md
Processing file 199: /Users/patricksmith/obsidian/acupcakeshop/Resources/Templates/Interview/cap-strategist-interview-template-20250415145841.md
  Migrating: /Users/patricksmith/obsidian/acupcakeshop/Resources/Templates/Interview/cap-strategist-interview-template-20250415145841.md -> /Users/patricksmith/obsidian/acupcakeshop/resources/templates/Interview/cap-strategist-interview-template-20250415145841.md
Processing file 200: /Users/patricksmith/obsidian/acupcakeshop/Resources/Templates/Interview/cap-strategist-interview-template.md
  Migrating: /Users/patricksmith/obsidian/acupcakeshop/Resources/Templates/Interview/cap-strategist-interview-template.md -> /Users/patricksmith/obsidian/acupcakeshop/resources/templates/Interview/cap-strategist-interview-template.md
Processing file 201: /Users/patricksmith/obsidian/acupcakeshop/Resources/Templates/Interview/competitor-profile-template.md
  Migrating: /Users/patricksmith/obsidian/acupcakeshop/Resources/Templates/Interview/competitor-profile-template.md -> /Users/patricksmith/obsidian/acupcakeshop/resources/templates/Interview/competitor-profile-template.md
Processing file 202: /Users/patricksmith/obsidian/acupcakeshop/Resources/Templates/Interview/former-player-interview-template_20250415145841.md
  Migrating: /Users/patricksmith/obsidian/acupcakeshop/Resources/Templates/Interview/former-player-interview-template_20250415145841.md -> /Users/patricksmith/obsidian/acupcakeshop/resources/templates/Interview/former-player-interview-template-20250415145841.md
Processing file 203: /Users/patricksmith/obsidian/acupcakeshop/Resources/Templates/Interview/former-player-interview-template-20250415145841.md
  Migrating: /Users/patricksmith/obsidian/acupcakeshop/Resources/Templates/Interview/former-player-interview-template-20250415145841.md -> /Users/patricksmith/obsidian/acupcakeshop/resources/templates/Interview/former-player-interview-template-20250415145841.md
Processing file 204: /Users/patricksmith/obsidian/acupcakeshop/Resources/Templates/Interview/former-player-interview-template.md
  Migrating: /Users/patricksmith/obsidian/acupcakeshop/Resources/Templates/Interview/former-player-interview-template.md -> /Users/patricksmith/obsidian/acupcakeshop/resources/templates/Interview/former-player-interview-template.md
Processing file 205: /Users/patricksmith/obsidian/acupcakeshop/Resources/Templates/Interview/index-template.md
  Migrating: /Users/patricksmith/obsidian/acupcakeshop/Resources/Templates/Interview/index-template.md -> /Users/patricksmith/obsidian/acupcakeshop/resources/templates/Interview/index-template.md
Processing file 206: /Users/patricksmith/obsidian/acupcakeshop/Resources/Templates/Interview/interview-summary-template_20250415145841.md
  Migrating: /Users/patricksmith/obsidian/acupcakeshop/Resources/Templates/Interview/interview-summary-template_20250415145841.md -> /Users/patricksmith/obsidian/acupcakeshop/resources/templates/Interview/interview-summary-template-20250415145841.md
Processing file 207: /Users/patricksmith/obsidian/acupcakeshop/Resources/Templates/Interview/interview-summary-template-20250415145841.md
  Migrating: /Users/patricksmith/obsidian/acupcakeshop/Resources/Templates/Interview/interview-summary-template-20250415145841.md -> /Users/patricksmith/obsidian/acupcakeshop/resources/templates/Interview/interview-summary-template-20250415145841.md
Processing file 208: /Users/patricksmith/obsidian/acupcakeshop/Resources/Templates/Interview/interview-summary-template.md
  Migrating: /Users/patricksmith/obsidian/acupcakeshop/Resources/Templates/Interview/interview-summary-template.md -> /Users/patricksmith/obsidian/acupcakeshop/resources/templates/Interview/interview-summary-template.md
Processing file 209: /Users/patricksmith/obsidian/acupcakeshop/Resources/Templates/Interview/player-interview-template_20250415145841.md
  Migrating: /Users/patricksmith/obsidian/acupcakeshop/Resources/Templates/Interview/player-interview-template_20250415145841.md -> /Users/patricksmith/obsidian/acupcakeshop/resources/templates/Interview/player-interview-template-20250415145841.md
Processing file 210: /Users/patricksmith/obsidian/acupcakeshop/Resources/Templates/Interview/player-interview-template-20250415145841.md
  Migrating: /Users/patricksmith/obsidian/acupcakeshop/Resources/Templates/Interview/player-interview-template-20250415145841.md -> /Users/patricksmith/obsidian/acupcakeshop/resources/templates/Interview/player-interview-template-20250415145841.md
Processing file 211: /Users/patricksmith/obsidian/acupcakeshop/Resources/Templates/Interview/player-interview-template.md
  Migrating: /Users/patricksmith/obsidian/acupcakeshop/Resources/Templates/Interview/player-interview-template.md -> /Users/patricksmith/obsidian/acupcakeshop/resources/templates/Interview/player-interview-template.md
Processing file 212: /Users/patricksmith/obsidian/acupcakeshop/Resources/Templates/Interview/README.md
  Migrating: /Users/patricksmith/obsidian/acupcakeshop/Resources/Templates/Interview/README.md -> /Users/patricksmith/obsidian/acupcakeshop/resources/templates/Interview/README.md
Processing file 213: /Users/patricksmith/obsidian/acupcakeshop/Resources/Templates/Interview/task-template.md
  Migrating: /Users/patricksmith/obsidian/acupcakeshop/Resources/Templates/Interview/task-template.md -> /Users/patricksmith/obsidian/acupcakeshop/resources/templates/Interview/task-template.md
Processing file 214: /Users/patricksmith/obsidian/acupcakeshop/Resources/Templates/player-interview-template.md
  Migrating: /Users/patricksmith/obsidian/acupcakeshop/Resources/Templates/player-interview-template.md -> /Users/patricksmith/obsidian/acupcakeshop/resources/templates/player-interview-template.md
Processing file 215: /Users/patricksmith/obsidian/acupcakeshop/Resources/Templates/Project/kanban-card.md
  Migrating: /Users/patricksmith/obsidian/acupcakeshop/Resources/Templates/Project/kanban-card.md -> /Users/patricksmith/obsidian/acupcakeshop/resources/templates/Project/kanban-card.md
Processing file 216: /Users/patricksmith/obsidian/acupcakeshop/Resources/Templates/Project/README.md
  Migrating: /Users/patricksmith/obsidian/acupcakeshop/Resources/Templates/Project/README.md -> /Users/patricksmith/obsidian/acupcakeshop/resources/templates/Project/README.md
Processing file 217: /Users/patricksmith/obsidian/acupcakeshop/Resources/Templates/Project/task-template.md
  Migrating: /Users/patricksmith/obsidian/acupcakeshop/Resources/Templates/Project/task-template.md -> /Users/patricksmith/obsidian/acupcakeshop/resources/templates/Project/task-template.md
Processing file 218: /Users/patricksmith/obsidian/acupcakeshop/Resources/Templates/Project/weekly-note.md
  Migrating: /Users/patricksmith/obsidian/acupcakeshop/Resources/Templates/Project/weekly-note.md -> /Users/patricksmith/obsidian/acupcakeshop/resources/templates/Project/weekly-note.md
Processing file 219: /Users/patricksmith/obsidian/acupcakeshop/Resources/Templates/Project/weekly-status.md
  Migrating: /Users/patricksmith/obsidian/acupcakeshop/Resources/Templates/Project/weekly-status.md -> /Users/patricksmith/obsidian/acupcakeshop/resources/templates/Project/weekly-status.md
Processing file 220: /Users/patricksmith/obsidian/acupcakeshop/Resources/Templates/README.md
  Migrating: /Users/patricksmith/obsidian/acupcakeshop/Resources/Templates/README.md -> /Users/patricksmith/obsidian/acupcakeshop/resources/templates/README.md
Processing file 221: /Users/patricksmith/obsidian/acupcakeshop/Resources/Templates/System/agent-interview-template-20250415145841.md
  Migrating: /Users/patricksmith/obsidian/acupcakeshop/Resources/Templates/System/agent-interview-template-20250415145841.md -> /Users/patricksmith/obsidian/acupcakeshop/docs/system/agent-interview-template-20250415145841.md
Processing file 222: /Users/patricksmith/obsidian/acupcakeshop/Resources/Templates/System/agent-interview-template.md
  Migrating: /Users/patricksmith/obsidian/acupcakeshop/Resources/Templates/System/agent-interview-template.md -> /Users/patricksmith/obsidian/acupcakeshop/docs/system/agent-interview-template.md
Processing file 223: /Users/patricksmith/obsidian/acupcakeshop/Resources/Templates/System/audio-transcript-template.md
  Migrating: /Users/patricksmith/obsidian/acupcakeshop/Resources/Templates/System/audio-transcript-template.md -> /Users/patricksmith/obsidian/acupcakeshop/docs/system/audio-transcript-template.md
Processing file 224: /Users/patricksmith/obsidian/acupcakeshop/Resources/Templates/System/cap-strategist-interview-template-20250415145841.md
  Migrating: /Users/patricksmith/obsidian/acupcakeshop/Resources/Templates/System/cap-strategist-interview-template-20250415145841.md -> /Users/patricksmith/obsidian/acupcakeshop/docs/system/cap-strategist-interview-template-20250415145841.md
Processing file 225: /Users/patricksmith/obsidian/acupcakeshop/Resources/Templates/System/cap-strategist-interview-template.md
  Migrating: /Users/patricksmith/obsidian/acupcakeshop/Resources/Templates/System/cap-strategist-interview-template.md -> /Users/patricksmith/obsidian/acupcakeshop/docs/system/cap-strategist-interview-template.md
Processing file 226: /Users/patricksmith/obsidian/acupcakeshop/Resources/Templates/System/client-analysis.md
  Migrating: /Users/patricksmith/obsidian/acupcakeshop/Resources/Templates/System/client-analysis.md -> /Users/patricksmith/obsidian/acupcakeshop/docs/system/client-analysis.md
Processing file 227: /Users/patricksmith/obsidian/acupcakeshop/Resources/Templates/System/competitor_profile_template.md
  Migrating: /Users/patricksmith/obsidian/acupcakeshop/Resources/Templates/System/competitor_profile_template.md -> /Users/patricksmith/obsidian/acupcakeshop/docs/system/competitor-profile-template.md
Processing file 228: /Users/patricksmith/obsidian/acupcakeshop/Resources/Templates/System/competitor-profile-template_20250415145842.md
  Migrating: /Users/patricksmith/obsidian/acupcakeshop/Resources/Templates/System/competitor-profile-template_20250415145842.md -> /Users/patricksmith/obsidian/acupcakeshop/docs/system/competitor-profile-template-20250415145842.md
Processing file 229: /Users/patricksmith/obsidian/acupcakeshop/Resources/Templates/System/competitor-profile-template-20250415145842.md
  Migrating: /Users/patricksmith/obsidian/acupcakeshop/Resources/Templates/System/competitor-profile-template-20250415145842.md -> /Users/patricksmith/obsidian/acupcakeshop/docs/system/competitor-profile-template-20250415145842.md
Processing file 230: /Users/patricksmith/obsidian/acupcakeshop/Resources/Templates/System/competitor-profile-template.md
  Migrating: /Users/patricksmith/obsidian/acupcakeshop/Resources/Templates/System/competitor-profile-template.md -> /Users/patricksmith/obsidian/acupcakeshop/docs/system/competitor-profile-template.md
Processing file 231: /Users/patricksmith/obsidian/acupcakeshop/Resources/Templates/System/competitor-profile.md
  Migrating: /Users/patricksmith/obsidian/acupcakeshop/Resources/Templates/System/competitor-profile.md -> /Users/patricksmith/obsidian/acupcakeshop/docs/system/competitor-profile.md
Processing file 232: /Users/patricksmith/obsidian/acupcakeshop/Resources/Templates/System/fee-structure-comparison.md
  Migrating: /Users/patricksmith/obsidian/acupcakeshop/Resources/Templates/System/fee-structure-comparison.md -> /Users/patricksmith/obsidian/acupcakeshop/docs/system/fee-structure-comparison.md
Processing file 233: /Users/patricksmith/obsidian/acupcakeshop/Resources/Templates/System/former-player-interview-template-20250415145841.md
  Migrating: /Users/patricksmith/obsidian/acupcakeshop/Resources/Templates/System/former-player-interview-template-20250415145841.md -> /Users/patricksmith/obsidian/acupcakeshop/docs/system/former-player-interview-template-20250415145841.md
Processing file 234: /Users/patricksmith/obsidian/acupcakeshop/Resources/Templates/System/former-player-interview-template.md
  Migrating: /Users/patricksmith/obsidian/acupcakeshop/Resources/Templates/System/former-player-interview-template.md -> /Users/patricksmith/obsidian/acupcakeshop/docs/system/former-player-interview-template.md
Processing file 235: /Users/patricksmith/obsidian/acupcakeshop/Resources/Templates/System/index-template_20250415145842.md
  Migrating: /Users/patricksmith/obsidian/acupcakeshop/Resources/Templates/System/index-template_20250415145842.md -> /Users/patricksmith/obsidian/acupcakeshop/docs/system/index-template-20250415145842.md
Processing file 236: /Users/patricksmith/obsidian/acupcakeshop/Resources/Templates/System/index-template-20250415145842.md
  Migrating: /Users/patricksmith/obsidian/acupcakeshop/Resources/Templates/System/index-template-20250415145842.md -> /Users/patricksmith/obsidian/acupcakeshop/docs/system/index-template-20250415145842.md
Processing file 237: /Users/patricksmith/obsidian/acupcakeshop/Resources/Templates/System/index-template.md
  Migrating: /Users/patricksmith/obsidian/acupcakeshop/Resources/Templates/System/index-template.md -> /Users/patricksmith/obsidian/acupcakeshop/docs/system/index-template.md
Processing file 238: /Users/patricksmith/obsidian/acupcakeshop/Resources/Templates/System/index.md
  Migrating: /Users/patricksmith/obsidian/acupcakeshop/Resources/Templates/System/index.md -> /Users/patricksmith/obsidian/acupcakeshop/docs/system/index.md
Processing file 239: /Users/patricksmith/obsidian/acupcakeshop/Resources/Templates/System/industry-interview.md
  Migrating: /Users/patricksmith/obsidian/acupcakeshop/Resources/Templates/System/industry-interview.md -> /Users/patricksmith/obsidian/acupcakeshop/docs/system/industry-interview.md
Processing file 240: /Users/patricksmith/obsidian/acupcakeshop/Resources/Templates/System/interview-summary-template-20250415145841.md
  Migrating: /Users/patricksmith/obsidian/acupcakeshop/Resources/Templates/System/interview-summary-template-20250415145841.md -> /Users/patricksmith/obsidian/acupcakeshop/docs/system/interview-summary-template-20250415145841.md
Processing file 241: /Users/patricksmith/obsidian/acupcakeshop/Resources/Templates/System/interview-summary-template.md
  Migrating: /Users/patricksmith/obsidian/acupcakeshop/Resources/Templates/System/interview-summary-template.md -> /Users/patricksmith/obsidian/acupcakeshop/docs/system/interview-summary-template.md
Processing file 242: /Users/patricksmith/obsidian/acupcakeshop/Resources/Templates/System/kanban-card.md
  Migrating: /Users/patricksmith/obsidian/acupcakeshop/Resources/Templates/System/kanban-card.md -> /Users/patricksmith/obsidian/acupcakeshop/docs/system/kanban-card.md
Processing file 243: /Users/patricksmith/obsidian/acupcakeshop/Resources/Templates/System/meeting-notes.md
  Migrating: /Users/patricksmith/obsidian/acupcakeshop/Resources/Templates/System/meeting-notes.md -> /Users/patricksmith/obsidian/acupcakeshop/docs/system/meeting-notes.md
Processing file 244: /Users/patricksmith/obsidian/acupcakeshop/Resources/Templates/System/moc-template.md
  Migrating: /Users/patricksmith/obsidian/acupcakeshop/Resources/Templates/System/moc-template.md -> /Users/patricksmith/obsidian/acupcakeshop/docs/system/moc-template.md
Processing file 245: /Users/patricksmith/obsidian/acupcakeshop/Resources/Templates/System/player_interview_template.md
  Migrating: /Users/patricksmith/obsidian/acupcakeshop/Resources/Templates/System/player_interview_template.md -> /Users/patricksmith/obsidian/acupcakeshop/docs/system/player-interview-template.md
Processing file 246: /Users/patricksmith/obsidian/acupcakeshop/Resources/Templates/System/player-interview-template_20250415145842.md
  Migrating: /Users/patricksmith/obsidian/acupcakeshop/Resources/Templates/System/player-interview-template_20250415145842.md -> /Users/patricksmith/obsidian/acupcakeshop/docs/system/player-interview-template-20250415145842.md
Processing file 247: /Users/patricksmith/obsidian/acupcakeshop/Resources/Templates/System/player-interview-template-20250415145841.md
  Migrating: /Users/patricksmith/obsidian/acupcakeshop/Resources/Templates/System/player-interview-template-20250415145841.md -> /Users/patricksmith/obsidian/acupcakeshop/docs/system/player-interview-template-20250415145841.md
Processing file 248: /Users/patricksmith/obsidian/acupcakeshop/Resources/Templates/System/player-interview-template-20250415145842.md
  Migrating: /Users/patricksmith/obsidian/acupcakeshop/Resources/Templates/System/player-interview-template-20250415145842.md -> /Users/patricksmith/obsidian/acupcakeshop/docs/system/player-interview-template-20250415145842.md
Processing file 249: /Users/patricksmith/obsidian/acupcakeshop/Resources/Templates/System/player-interview-template.md
  Migrating: /Users/patricksmith/obsidian/acupcakeshop/Resources/Templates/System/player-interview-template.md -> /Users/patricksmith/obsidian/acupcakeshop/docs/system/player-interview-template.md
Processing file 250: /Users/patricksmith/obsidian/acupcakeshop/Resources/Templates/System/player-interview.md
  Migrating: /Users/patricksmith/obsidian/acupcakeshop/Resources/Templates/System/player-interview.md -> /Users/patricksmith/obsidian/acupcakeshop/docs/system/player-interview.md
Processing file 251: /Users/patricksmith/obsidian/acupcakeshop/Resources/Templates/System/README.md
  Migrating: /Users/patricksmith/obsidian/acupcakeshop/Resources/Templates/System/README.md -> /Users/patricksmith/obsidian/acupcakeshop/docs/system/README.md
Processing file 252: /Users/patricksmith/obsidian/acupcakeshop/Resources/Templates/System/service-comparison-matrix.md
  Migrating: /Users/patricksmith/obsidian/acupcakeshop/Resources/Templates/System/service-comparison-matrix.md -> /Users/patricksmith/obsidian/acupcakeshop/docs/system/service-comparison-matrix.md
Processing file 253: /Users/patricksmith/obsidian/acupcakeshop/Resources/Templates/System/standard_note_template.md
  Migrating: /Users/patricksmith/obsidian/acupcakeshop/Resources/Templates/System/standard_note_template.md -> /Users/patricksmith/obsidian/acupcakeshop/docs/system/standard-note-template.md
Processing file 254: /Users/patricksmith/obsidian/acupcakeshop/Resources/Templates/System/standard-note-template_20250415145842.md
  Migrating: /Users/patricksmith/obsidian/acupcakeshop/Resources/Templates/System/standard-note-template_20250415145842.md -> /Users/patricksmith/obsidian/acupcakeshop/docs/system/standard-note-template-20250415145842.md
Processing file 255: /Users/patricksmith/obsidian/acupcakeshop/Resources/Templates/System/standard-note-template-20250415145842.md
  Migrating: /Users/patricksmith/obsidian/acupcakeshop/Resources/Templates/System/standard-note-template-20250415145842.md -> /Users/patricksmith/obsidian/acupcakeshop/docs/system/standard-note-template-20250415145842.md
Processing file 256: /Users/patricksmith/obsidian/acupcakeshop/Resources/Templates/System/standard-note-template.md
  Migrating: /Users/patricksmith/obsidian/acupcakeshop/Resources/Templates/System/standard-note-template.md -> /Users/patricksmith/obsidian/acupcakeshop/docs/system/standard-note-template.md
Processing file 257: /Users/patricksmith/obsidian/acupcakeshop/Resources/Templates/System/standard-table-template.md
  Migrating: /Users/patricksmith/obsidian/acupcakeshop/Resources/Templates/System/standard-table-template.md -> /Users/patricksmith/obsidian/acupcakeshop/docs/system/standard-table-template.md
Processing file 258: /Users/patricksmith/obsidian/acupcakeshop/Resources/Templates/System/task-template_20250415145842.md
  Migrating: /Users/patricksmith/obsidian/acupcakeshop/Resources/Templates/System/task-template_20250415145842.md -> /Users/patricksmith/obsidian/acupcakeshop/docs/system/task-template-20250415145842.md
Processing file 259: /Users/patricksmith/obsidian/acupcakeshop/Resources/Templates/System/task-template-20250415145842.md
  Migrating: /Users/patricksmith/obsidian/acupcakeshop/Resources/Templates/System/task-template-20250415145842.md -> /Users/patricksmith/obsidian/acupcakeshop/docs/system/task-template-20250415145842.md
Processing file 260: /Users/patricksmith/obsidian/acupcakeshop/Resources/Templates/System/task-template.md
  Migrating: /Users/patricksmith/obsidian/acupcakeshop/Resources/Templates/System/task-template.md -> /Users/patricksmith/obsidian/acupcakeshop/docs/system/task-template.md
Processing file 261: /Users/patricksmith/obsidian/acupcakeshop/Resources/Templates/System/test-template.md
  Migrating: /Users/patricksmith/obsidian/acupcakeshop/Resources/Templates/System/test-template.md -> /Users/patricksmith/obsidian/acupcakeshop/docs/system/test-template.md
Processing file 262: /Users/patricksmith/obsidian/acupcakeshop/Resources/Templates/System/weekly-note.md
  Migrating: /Users/patricksmith/obsidian/acupcakeshop/Resources/Templates/System/weekly-note.md -> /Users/patricksmith/obsidian/acupcakeshop/docs/system/weekly-note.md
Processing file 263: /Users/patricksmith/obsidian/acupcakeshop/Resources/Templates/System/weekly-status.md
  Migrating: /Users/patricksmith/obsidian/acupcakeshop/Resources/Templates/System/weekly-status.md -> /Users/patricksmith/obsidian/acupcakeshop/docs/system/weekly-status.md
Processing file 264: /Users/patricksmith/obsidian/acupcakeshop/Resources/Templates/System/yaml-frontmatter-template.md
  Migrating: /Users/patricksmith/obsidian/acupcakeshop/Resources/Templates/System/yaml-frontmatter-template.md -> /Users/patricksmith/obsidian/acupcakeshop/docs/system/yaml-frontmatter-template.md
Processing file 265: /Users/patricksmith/obsidian/acupcakeshop/Resources/Templates/task-template.md
  Migrating: /Users/patricksmith/obsidian/acupcakeshop/Resources/Templates/task-template.md -> /Users/patricksmith/obsidian/acupcakeshop/resources/templates/task-template.md
Processing file 266: /Users/patricksmith/obsidian/acupcakeshop/Resources/Templates/task-templates/README.md
  Migrating: /Users/patricksmith/obsidian/acupcakeshop/Resources/Templates/task-templates/README.md -> /Users/patricksmith/obsidian/acupcakeshop/resources/templates/task-templates/README.md
Processing file 267: /Users/patricksmith/obsidian/acupcakeshop/Resources/Templates/task-templates/task-template.md
  Migrating: /Users/patricksmith/obsidian/acupcakeshop/Resources/Templates/task-templates/task-template.md -> /Users/patricksmith/obsidian/acupcakeshop/resources/templates/task-templates/task-template.md
Processing file 268: /Users/patricksmith/obsidian/acupcakeshop/Resources/Templates/Task/_index.md
  Migrating: /Users/patricksmith/obsidian/acupcakeshop/Resources/Templates/Task/_index.md -> /Users/patricksmith/obsidian/acupcakeshop/resources/templates/Task/README.md
Processing file 269: /Users/patricksmith/obsidian/acupcakeshop/Resources/Templates/Task/README.md
  Migrating: /Users/patricksmith/obsidian/acupcakeshop/Resources/Templates/Task/README.md -> /Users/patricksmith/obsidian/acupcakeshop/resources/templates/Task/README.md
Processing file 270: /Users/patricksmith/obsidian/acupcakeshop/Resources/Templates/Task/task-template.md
  Migrating: /Users/patricksmith/obsidian/acupcakeshop/Resources/Templates/Task/task-template.md -> /Users/patricksmith/obsidian/acupcakeshop/resources/templates/Task/task-template.md
Processing file 271: /Users/patricksmith/obsidian/acupcakeshop/Resources/Visualizations/athlete-financial-lifecycle.excalidraw.md
  Migrating: /Users/patricksmith/obsidian/acupcakeshop/Resources/Visualizations/athlete-financial-lifecycle.excalidraw.md -> /Users/patricksmith/obsidian/acupcakeshop/resources/visualizations/athlete-financial-lifecycle.excalidraw.md
Processing file 272: /Users/patricksmith/obsidian/acupcakeshop/Resources/Visualizations/README-templates.md
  Migrating: /Users/patricksmith/obsidian/acupcakeshop/Resources/Visualizations/README-templates.md -> /Users/patricksmith/obsidian/acupcakeshop/resources/visualizations/README-templates.md
Processing file 273: /Users/patricksmith/obsidian/acupcakeshop/Resources/Visualizations/README.md
  Migrating: /Users/patricksmith/obsidian/acupcakeshop/Resources/Visualizations/README.md -> /Users/patricksmith/obsidian/acupcakeshop/resources/visualizations/README.md
Processing file 274: /Users/patricksmith/obsidian/acupcakeshop/Scripts/Automation.md
  Migrating: /Users/patricksmith/obsidian/acupcakeshop/Scripts/Automation.md -> /Users/patricksmith/obsidian/acupcakeshop/resources/scripts/Automation.md
Processing file 275: /Users/patricksmith/obsidian/acupcakeshop/Scripts/Installation.md
  Migrating: /Users/patricksmith/obsidian/acupcakeshop/Scripts/Installation.md -> /Users/patricksmith/obsidian/acupcakeshop/resources/scripts/Installation.md
Processing file 276: /Users/patricksmith/obsidian/acupcakeshop/Scripts/Maintenance.md
  Migrating: /Users/patricksmith/obsidian/acupcakeshop/Scripts/Maintenance.md -> /Users/patricksmith/obsidian/acupcakeshop/resources/scripts/Maintenance.md
Processing file 277: /Users/patricksmith/obsidian/acupcakeshop/Scripts/Readme.md
  Migrating: /Users/patricksmith/obsidian/acupcakeshop/Scripts/Readme.md -> /Users/patricksmith/obsidian/acupcakeshop/resources/scripts/Readme.md
Processing file 278: /Users/patricksmith/obsidian/acupcakeshop/System/directory_structure_log.md
  Migrating: /Users/patricksmith/obsidian/acupcakeshop/System/directory_structure_log.md -> /Users/patricksmith/obsidian/acupcakeshop/docs/system/directory-structure-log.md
Processing file 279: /Users/patricksmith/obsidian/acupcakeshop/System/index.md
  Migrating: /Users/patricksmith/obsidian/acupcakeshop/System/index.md -> /Users/patricksmith/obsidian/acupcakeshop/docs/system/index.md
Processing file 280: /Users/patricksmith/obsidian/acupcakeshop/System/PerformanceReports/optimization_table.md
  Migrating: /Users/patricksmith/obsidian/acupcakeshop/System/PerformanceReports/optimization_table.md -> /Users/patricksmith/obsidian/acupcakeshop/docs/system/PerformanceReports/optimization-table.md
Processing file 281: /Users/patricksmith/obsidian/acupcakeshop/System/Scripts/strategic_linking_implementation.md
  Migrating: /Users/patricksmith/obsidian/acupcakeshop/System/Scripts/strategic_linking_implementation.md -> /Users/patricksmith/obsidian/acupcakeshop/docs/system/Scripts/strategic-linking-implementation.md
Processing file 282: /Users/patricksmith/obsidian/acupcakeshop/System/verification_report_20250409_132809.md
  Migrating: /Users/patricksmith/obsidian/acupcakeshop/System/verification_report_20250409_132809.md -> /Users/patricksmith/obsidian/acupcakeshop/docs/system/verification-report-20250409-132809.md
Processing file 283: /Users/patricksmith/obsidian/acupcakeshop/welcome.md
  Migrating: /Users/patricksmith/obsidian/acupcakeshop/welcome.md -> /Users/patricksmith/obsidian/acupcakeshop/docs/welcome.md
Processed 283 files total (283 migrated, 0 skipped)
Enhanced direct migration completed successfully
========================================
Migration completed: Tue Apr 15 15:20:22 MDT 2025
========================================
