========================================
Enhanced Frontmatter Standardization Log
Started: Tue Apr 15 15:25:19 MDT 2025
========================================
Found existing frontmatter issues inventory, processing...
Processing files with frontmatter issues...
File not found, skipping: 04-analysis/service-model-diagram.md
File not found, skipping: 04-analysis/interview-insights.md
File not found, skipping: 04-analysis/competitor-positioning-diagram.md
File not found, skipping: competitor-analysis/agent-advisor-models.md
Processing file: /Users/patricksmith/obsidian/acupcakeshop/content/research/market-analysis/README.md
  Standardized frontmatter in: /Users/patricksmith/obsidian/acupcakeshop/content/research/market-analysis/README.md
Processing file: /Users/patricksmith/obsidian/acupcakeshop/content/compliance/registration/README.md
  Standardized frontmatter in: /Users/patricksmith/obsidian/acupcakeshop/content/compliance/registration/README.md
Processing file: /Users/patricksmith/obsidian/acupcakeshop/content/compliance/advisory-board/README.md
  Standardized frontmatter in: /Users/patricksmith/obsidian/acupcakeshop/content/compliance/advisory-board/README.md
File not found, skipping: 05-compliance/advisory-board-research.md
File not found, skipping: 05-compliance/registration-requirements.md
Processing file: /Users/patricksmith/obsidian/acupcakeshop/content/compliance/standards/README.md
  Standardized frontmatter in: /Users/patricksmith/obsidian/acupcakeshop/content/compliance/standards/README.md
Processing file: /Users/patricksmith/obsidian/acupcakeshop/content/interviews/players/smith-roquan-ravens.md
  Standardized frontmatter in: /Users/patricksmith/obsidian/acupcakeshop/content/interviews/players/smith-roquan-ravens.md
Processing file: /Users/patricksmith/obsidian/acupcakeshop/content/interviews/players/active/2025/04_april/2025-04-06-smith-roquan-ravens-linebacker.md
  Standardized frontmatter in: /Users/patricksmith/obsidian/acupcakeshop/content/interviews/players/active/2025/04_april/2025-04-06-smith-roquan-ravens-linebacker.md
Processing file: /Users/patricksmith/obsidian/acupcakeshop/content/interviews/agents/README.md
  Standardized frontmatter in: /Users/patricksmith/obsidian/acupcakeshop/content/interviews/agents/README.md
File not found, skipping: 02-interviews/INTERVIEW-GUIDE.md
Processing file: /Users/patricksmith/obsidian/acupcakeshop/content/strategy/business-model/README.md
  Standardized frontmatter in: /Users/patricksmith/obsidian/acupcakeshop/content/strategy/business-model/README.md
File not found, skipping: 06-planning/mckinsey-analysis.md
File not found, skipping: 06-planning/working-sessions.md
File not found, skipping: 06-planning/key-hypotheses.md
File not found, skipping: 06-planning/business-model-framework.md
File not found, skipping: 00-project-overview/key-project-areas.md
File not found, skipping: 00-project-overview/current-status.md
File not found, skipping: 00-project-overview/project-vision.md
File not found, skipping: kanban/competitor-research.md
File not found, skipping: kanban/interview-pipeline.md
File not found, skipping: kanban/service-development.md
File not found, skipping: calls/call-list.md
File not found, skipping: calls/tonight-guide.md
File not found, skipping: calls/conversation-guide.md
File not found, skipping: 07-team/task-guidelines.md
File not found, skipping: 07-team/tasks-dashboard.md
Processing file: /Users/patricksmith/obsidian/acupcakeshop/content/strategy/implementation/README.md
  Standardized frontmatter in: /Users/patricksmith/obsidian/acupcakeshop/content/strategy/implementation/README.md
File not found, skipping: 03-strategy/business-model.md
File not found, skipping: 03-strategy/research-roadmap.md
File not found, skipping: 03-strategy/competitive-positioning.md
Processing file: /Users/patricksmith/obsidian/acupcakeshop/resources/Maps/README.md
  Standardized frontmatter in: /Users/patricksmith/obsidian/acupcakeshop/resources/Maps/README.md
Processing file: /Users/patricksmith/obsidian/acupcakeshop/resources/misc/optimization-table.md
  Standardized frontmatter in: /Users/patricksmith/obsidian/acupcakeshop/resources/misc/optimization-table.md
Processing file: /Users/patricksmith/obsidian/acupcakeshop/resources/misc/tagging-implementation-guide.md
  Standardized frontmatter in: /Users/patricksmith/obsidian/acupcakeshop/resources/misc/tagging-implementation-guide.md
File not found, skipping: tags
Processing file: /Users/patricksmith/obsidian/acupcakeshop/resources/misc/README.md
  Standardized frontmatter in: /Users/patricksmith/obsidian/acupcakeshop/resources/misc/README.md
Processing file: /Users/patricksmith/obsidian/acupcakeshop/resources/misc/consolidation-next-steps.md
  Standardized frontmatter in: /Users/patricksmith/obsidian/acupcakeshop/resources/misc/consolidation-next-steps.md
Processing file: /Users/patricksmith/obsidian/acupcakeshop/resources/misc/template-implementation-guide.md
  Standardized frontmatter in: /Users/patricksmith/obsidian/acupcakeshop/resources/misc/template-implementation-guide.md
Processing file: /Users/patricksmith/obsidian/acupcakeshop/resources/misc/yaml-frontmatter-standardization.md
  Standardized frontmatter in: /Users/patricksmith/obsidian/acupcakeshop/resources/misc/yaml-frontmatter-standardization.md
Processing file: /Users/patricksmith/obsidian/acupcakeshop/resources/misc/yaml-frontmatter-guide.md
  Standardized frontmatter in: /Users/patricksmith/obsidian/acupcakeshop/resources/misc/yaml-frontmatter-guide.md
Processing file: /Users/patricksmith/obsidian/acupcakeshop/resources/misc/obsidian-sync-compatibility.md
  Standardized frontmatter in: /Users/patricksmith/obsidian/acupcakeshop/resources/misc/obsidian-sync-compatibility.md
Processing file: /Users/patricksmith/obsidian/acupcakeshop/resources/misc/README-templates.md
  Standardized frontmatter in: /Users/patricksmith/obsidian/acupcakeshop/resources/misc/README-templates.md
Processing file: /Users/patricksmith/obsidian/acupcakeshop/resources/misc/obsidian-performance-guide.md
  Standardized frontmatter in: /Users/patricksmith/obsidian/acupcakeshop/resources/misc/obsidian-performance-guide.md
Processing file: /Users/patricksmith/obsidian/acupcakeshop/resources/README.md
  Standardized frontmatter in: /Users/patricksmith/obsidian/acupcakeshop/resources/README.md
Processing file: /Users/patricksmith/obsidian/acupcakeshop/resources/Visualizations/README.md
  Standardized frontmatter in: /Users/patricksmith/obsidian/acupcakeshop/resources/Visualizations/README.md
Processing file: /Users/patricksmith/obsidian/acupcakeshop/resources/Visualizations/README-templates.md
  Standardized frontmatter in: /Users/patricksmith/obsidian/acupcakeshop/resources/Visualizations/README-templates.md
Processing file: /Users/patricksmith/obsidian/acupcakeshop/resources/Dashboards/competitor/README.md
  Standardized frontmatter in: /Users/patricksmith/obsidian/acupcakeshop/resources/Dashboards/competitor/README.md
Processing file: /Users/patricksmith/obsidian/acupcakeshop/resources/Dashboards/financial/README.md
  Standardized frontmatter in: /Users/patricksmith/obsidian/acupcakeshop/resources/Dashboards/financial/README.md
Processing file: /Users/patricksmith/obsidian/acupcakeshop/resources/Dashboards/README.md
  Standardized frontmatter in: /Users/patricksmith/obsidian/acupcakeshop/resources/Dashboards/README.md
Processing file: /Users/patricksmith/obsidian/acupcakeshop/resources/Dashboards/project/README.md
  Standardized frontmatter in: /Users/patricksmith/obsidian/acupcakeshop/resources/Dashboards/project/README.md
Processing file: /Users/patricksmith/obsidian/acupcakeshop/resources/Dashboards/System/obsidian-compatibility-summary.md
  Standardized frontmatter in: /Users/patricksmith/obsidian/acupcakeshop/resources/Dashboards/System/obsidian-compatibility-summary.md
Processing file: /Users/patricksmith/obsidian/acupcakeshop/resources/Dashboards/System/optimization-table-link.md
  Standardized frontmatter in: /Users/patricksmith/obsidian/acupcakeshop/resources/Dashboards/System/optimization-table-link.md
Processing file: /Users/patricksmith/obsidian/acupcakeshop/resources/Dashboards/System/script-consolidation-report.md
  Standardized frontmatter in: /Users/patricksmith/obsidian/acupcakeshop/resources/Dashboards/System/script-consolidation-report.md
Processing file: /Users/patricksmith/obsidian/acupcakeshop/resources/Dashboards/System/script-consolidation-summary.md
  Standardized frontmatter in: /Users/patricksmith/obsidian/acupcakeshop/resources/Dashboards/System/script-consolidation-summary.md
Processing file: /Users/patricksmith/obsidian/acupcakeshop/resources/Dashboards/System/consolidation-success.md
  Standardized frontmatter in: /Users/patricksmith/obsidian/acupcakeshop/resources/Dashboards/System/consolidation-success.md
Processing file: /Users/patricksmith/obsidian/acupcakeshop/resources/Dashboards/interview/README.md
  Standardized frontmatter in: /Users/patricksmith/obsidian/acupcakeshop/resources/Dashboards/interview/README.md
Processing file: /Users/patricksmith/obsidian/acupcakeshop/resources/Templates/Analysis/competitor-profile.md
  Standardized frontmatter in: /Users/patricksmith/obsidian/acupcakeshop/resources/Templates/Analysis/competitor-profile.md
Processing file: /Users/patricksmith/obsidian/acupcakeshop/resources/Templates/Analysis/standard-table-template.md
  Standardized frontmatter in: /Users/patricksmith/obsidian/acupcakeshop/resources/Templates/Analysis/standard-table-template.md
Processing file: /Users/patricksmith/obsidian/acupcakeshop/resources/Templates/Analysis/README.md
  Standardized frontmatter in: /Users/patricksmith/obsidian/acupcakeshop/resources/Templates/Analysis/README.md
Processing file: /Users/patricksmith/obsidian/acupcakeshop/resources/Templates/Analysis/fee-structure-comparison.md
  Standardized frontmatter in: /Users/patricksmith/obsidian/acupcakeshop/resources/Templates/Analysis/fee-structure-comparison.md
Processing file: /Users/patricksmith/obsidian/acupcakeshop/resources/Templates/Analysis/_index.md
  Standardized frontmatter in: /Users/patricksmith/obsidian/acupcakeshop/resources/Templates/Analysis/_index.md
Processing file: /Users/patricksmith/obsidian/acupcakeshop/resources/Templates/Analysis/service-comparison-matrix.md
  Standardized frontmatter in: /Users/patricksmith/obsidian/acupcakeshop/resources/Templates/Analysis/service-comparison-matrix.md
Processing file: /Users/patricksmith/obsidian/acupcakeshop/resources/Templates/Project/README.md
  Standardized frontmatter in: /Users/patricksmith/obsidian/acupcakeshop/resources/Templates/Project/README.md
Processing file: /Users/patricksmith/obsidian/acupcakeshop/resources/Templates/Project/weekly-status.md
  Standardized frontmatter in: /Users/patricksmith/obsidian/acupcakeshop/resources/Templates/Project/weekly-status.md
Processing file: /Users/patricksmith/obsidian/acupcakeshop/resources/Templates/Project/kanban-card.md
  Standardized frontmatter in: /Users/patricksmith/obsidian/acupcakeshop/resources/Templates/Project/kanban-card.md
Processing file: /Users/patricksmith/obsidian/acupcakeshop/resources/Templates/Project/task-template.md
  Standardized frontmatter in: /Users/patricksmith/obsidian/acupcakeshop/resources/Templates/Project/task-template.md
Processing file: /Users/patricksmith/obsidian/acupcakeshop/resources/Templates/Project/weekly-note.md
  Standardized frontmatter in: /Users/patricksmith/obsidian/acupcakeshop/resources/Templates/Project/weekly-note.md
Processing file: /Users/patricksmith/obsidian/acupcakeshop/resources/Templates/System/competitor-profile-template.md
  Standardized frontmatter in: /Users/patricksmith/obsidian/acupcakeshop/resources/Templates/System/competitor-profile-template.md
Processing file: /Users/patricksmith/obsidian/acupcakeshop/resources/Templates/System/player-interview-template.md
  Standardized frontmatter in: /Users/patricksmith/obsidian/acupcakeshop/resources/Templates/System/player-interview-template.md
Processing file: /Users/patricksmith/obsidian/acupcakeshop/resources/Templates/System/index-template.md
  Standardized frontmatter in: /Users/patricksmith/obsidian/acupcakeshop/resources/Templates/System/index-template.md
Processing file: /Users/patricksmith/obsidian/acupcakeshop/resources/Templates/System/competitor_profile_template.md
  Standardized frontmatter in: /Users/patricksmith/obsidian/acupcakeshop/resources/Templates/System/competitor_profile_template.md
Processing file: /Users/patricksmith/obsidian/acupcakeshop/resources/Templates/System/standard_note_template.md
  Standardized frontmatter in: /Users/patricksmith/obsidian/acupcakeshop/resources/Templates/System/standard_note_template.md
Processing file: /Users/patricksmith/obsidian/acupcakeshop/resources/Templates/System/README.md
  Standardized frontmatter in: /Users/patricksmith/obsidian/acupcakeshop/resources/Templates/System/README.md
Processing file: /Users/patricksmith/obsidian/acupcakeshop/resources/Templates/System/player_interview_template.md
  Standardized frontmatter in: /Users/patricksmith/obsidian/acupcakeshop/resources/Templates/System/player_interview_template.md
Processing file: /Users/patricksmith/obsidian/acupcakeshop/resources/Templates/System/interview-summary-template.md
  Standardized frontmatter in: /Users/patricksmith/obsidian/acupcakeshop/resources/Templates/System/interview-summary-template.md
Processing file: /Users/patricksmith/obsidian/acupcakeshop/resources/Templates/System/yaml-frontmatter-template.md
  Standardized frontmatter in: /Users/patricksmith/obsidian/acupcakeshop/resources/Templates/System/yaml-frontmatter-template.md
Processing file: /Users/patricksmith/obsidian/acupcakeshop/resources/Templates/System/index.md
  Standardized frontmatter in: /Users/patricksmith/obsidian/acupcakeshop/resources/Templates/System/index.md
Processing file: /Users/patricksmith/obsidian/acupcakeshop/resources/Templates/System/test-template.md
  Standardized frontmatter in: /Users/patricksmith/obsidian/acupcakeshop/resources/Templates/System/test-template.md
Processing file: /Users/patricksmith/obsidian/acupcakeshop/resources/Templates/System/moc-template.md
  Standardized frontmatter in: /Users/patricksmith/obsidian/acupcakeshop/resources/Templates/System/moc-template.md
Processing file: /Users/patricksmith/obsidian/acupcakeshop/resources/Templates/System/audio-transcript-template.md
  Standardized frontmatter in: /Users/patricksmith/obsidian/acupcakeshop/resources/Templates/System/audio-transcript-template.md
Processing file: /Users/patricksmith/obsidian/acupcakeshop/resources/Templates/System/standard-note-template.md
  Standardized frontmatter in: /Users/patricksmith/obsidian/acupcakeshop/resources/Templates/System/standard-note-template.md
Processing file: /Users/patricksmith/obsidian/acupcakeshop/resources/Templates/Interview/README.md
  Standardized frontmatter in: /Users/patricksmith/obsidian/acupcakeshop/resources/Templates/Interview/README.md
Processing file: /Users/patricksmith/obsidian/acupcakeshop/resources/Templates/Interview/_index.md
  Standardized frontmatter in: /Users/patricksmith/obsidian/acupcakeshop/resources/Templates/Interview/_index.md
Processing file: /Users/patricksmith/obsidian/acupcakeshop/resources/Templates/Task/README.md
  Standardized frontmatter in: /Users/patricksmith/obsidian/acupcakeshop/resources/Templates/Task/README.md
Processing file: /Users/patricksmith/obsidian/acupcakeshop/resources/Templates/Task/_index.md
  Standardized frontmatter in: /Users/patricksmith/obsidian/acupcakeshop/resources/Templates/Task/_index.md
Processing file: /Users/patricksmith/obsidian/acupcakeshop/resources/Templates/Client/player-interview.md
  Standardized frontmatter in: /Users/patricksmith/obsidian/acupcakeshop/resources/Templates/Client/player-interview.md
Processing file: /Users/patricksmith/obsidian/acupcakeshop/resources/Templates/Client/industry-interview.md
  Standardized frontmatter in: /Users/patricksmith/obsidian/acupcakeshop/resources/Templates/Client/industry-interview.md
Processing file: /Users/patricksmith/obsidian/acupcakeshop/resources/Templates/Client/meeting-notes.md
  Standardized frontmatter in: /Users/patricksmith/obsidian/acupcakeshop/resources/Templates/Client/meeting-notes.md
Processing file: /Users/patricksmith/obsidian/acupcakeshop/resources/Templates/Client/client-analysis.md
  Standardized frontmatter in: /Users/patricksmith/obsidian/acupcakeshop/resources/Templates/Client/client-analysis.md
  Skipping file in excluded directory: /Users/patricksmith/obsidian/acupcakeshop/resources/assets/images/README.md
  Skipping file in excluded directory: /Users/patricksmith/obsidian/acupcakeshop/resources/assets/diagrams/README.md
Processing file: /Users/patricksmith/obsidian/acupcakeshop/resources/assets/README.md
  Standardized frontmatter in: /Users/patricksmith/obsidian/acupcakeshop/resources/assets/README.md
  Skipping file in excluded directory: /Users/patricksmith/obsidian/acupcakeshop/resources/assets/documents/README.md
Processing file: /Users/patricksmith/obsidian/acupcakeshop/atlas/compliance-map.md
  Standardized frontmatter in: /Users/patricksmith/obsidian/acupcakeshop/atlas/compliance-map.md
Processing file: /Users/patricksmith/obsidian/acupcakeshop/atlas/interview-map.md
  Standardized frontmatter in: /Users/patricksmith/obsidian/acupcakeshop/atlas/interview-map.md
Processing file: /Users/patricksmith/obsidian/acupcakeshop/atlas/research-map.md
  Standardized frontmatter in: /Users/patricksmith/obsidian/acupcakeshop/atlas/research-map.md
Processing file: /Users/patricksmith/obsidian/acupcakeshop/atlas/README.md
  Standardized frontmatter in: /Users/patricksmith/obsidian/acupcakeshop/atlas/README.md
Processing file: /Users/patricksmith/obsidian/acupcakeshop/atlas/strategy-map.md
  Standardized frontmatter in: /Users/patricksmith/obsidian/acupcakeshop/atlas/strategy-map.md
Processing file: /Users/patricksmith/obsidian/acupcakeshop/docs/migration-plan.md
  Standardized frontmatter in: /Users/patricksmith/obsidian/acupcakeshop/docs/migration-plan.md
Processing file: /Users/patricksmith/obsidian/acupcakeshop/docs/vault-guide.md
  Standardized frontmatter in: /Users/patricksmith/obsidian/acupcakeshop/docs/vault-guide.md
Processing file: /Users/patricksmith/obsidian/acupcakeshop/docs/migration_summary.md
  Standardized frontmatter in: /Users/patricksmith/obsidian/acupcakeshop/docs/migration_summary.md
Processing file: /Users/patricksmith/obsidian/acupcakeshop/docs/tagging-implementation-guide.md
  Standardized frontmatter in: /Users/patricksmith/obsidian/acupcakeshop/docs/tagging-implementation-guide.md
Processing file: /Users/patricksmith/obsidian/acupcakeshop/docs/migration-executive-summary.md
  Standardized frontmatter in: /Users/patricksmith/obsidian/acupcakeshop/docs/migration-executive-summary.md
Processing file: /Users/patricksmith/obsidian/acupcakeshop/docs/README.md
  Standardized frontmatter in: /Users/patricksmith/obsidian/acupcakeshop/docs/README.md
Processing file: /Users/patricksmith/obsidian/acupcakeshop/docs/system/PerformanceReports/optimization-table.md
  Standardized frontmatter in: /Users/patricksmith/obsidian/acupcakeshop/docs/system/PerformanceReports/optimization-table.md
Processing file: /Users/patricksmith/obsidian/acupcakeshop/docs/system/competitor-profile-template.md
  Standardized frontmatter in: /Users/patricksmith/obsidian/acupcakeshop/docs/system/competitor-profile-template.md
Processing file: /Users/patricksmith/obsidian/acupcakeshop/docs/system/obsidian-compatibility-summary.md
  Standardized frontmatter in: /Users/patricksmith/obsidian/acupcakeshop/docs/system/obsidian-compatibility-summary.md
Processing file: /Users/patricksmith/obsidian/acupcakeshop/docs/system/player-interview-template.md
  Standardized frontmatter in: /Users/patricksmith/obsidian/acupcakeshop/docs/system/player-interview-template.md
Processing file: /Users/patricksmith/obsidian/acupcakeshop/docs/system/index-template.md
  Standardized frontmatter in: /Users/patricksmith/obsidian/acupcakeshop/docs/system/index-template.md
Processing file: /Users/patricksmith/obsidian/acupcakeshop/docs/system/optimization-table-link.md
  Standardized frontmatter in: /Users/patricksmith/obsidian/acupcakeshop/docs/system/optimization-table-link.md
Processing file: /Users/patricksmith/obsidian/acupcakeshop/docs/system/README.md
  Standardized frontmatter in: /Users/patricksmith/obsidian/acupcakeshop/docs/system/README.md
Processing file: /Users/patricksmith/obsidian/acupcakeshop/docs/system/interview-summary-template.md
  Standardized frontmatter in: /Users/patricksmith/obsidian/acupcakeshop/docs/system/interview-summary-template.md
Processing file: /Users/patricksmith/obsidian/acupcakeshop/docs/system/yaml-frontmatter-template.md
  Standardized frontmatter in: /Users/patricksmith/obsidian/acupcakeshop/docs/system/yaml-frontmatter-template.md
Processing file: /Users/patricksmith/obsidian/acupcakeshop/docs/system/consolidation-next-steps.md
  Standardized frontmatter in: /Users/patricksmith/obsidian/acupcakeshop/docs/system/consolidation-next-steps.md
Processing file: /Users/patricksmith/obsidian/acupcakeshop/docs/system/script-consolidation-report.md
  Standardized frontmatter in: /Users/patricksmith/obsidian/acupcakeshop/docs/system/script-consolidation-report.md
Processing file: /Users/patricksmith/obsidian/acupcakeshop/docs/system/script-consolidation-summary.md
  Standardized frontmatter in: /Users/patricksmith/obsidian/acupcakeshop/docs/system/script-consolidation-summary.md
Processing file: /Users/patricksmith/obsidian/acupcakeshop/docs/system/test-template.md
  Standardized frontmatter in: /Users/patricksmith/obsidian/acupcakeshop/docs/system/test-template.md
Processing file: /Users/patricksmith/obsidian/acupcakeshop/docs/system/moc-template.md
  Standardized frontmatter in: /Users/patricksmith/obsidian/acupcakeshop/docs/system/moc-template.md
Processing file: /Users/patricksmith/obsidian/acupcakeshop/docs/system/consolidation-success.md
  Standardized frontmatter in: /Users/patricksmith/obsidian/acupcakeshop/docs/system/consolidation-success.md
Processing file: /Users/patricksmith/obsidian/acupcakeshop/docs/system/audio-transcript-template.md
  Standardized frontmatter in: /Users/patricksmith/obsidian/acupcakeshop/docs/system/audio-transcript-template.md
Processing file: /Users/patricksmith/obsidian/acupcakeshop/docs/system/obsidian-sync-compatibility.md
  Standardized frontmatter in: /Users/patricksmith/obsidian/acupcakeshop/docs/system/obsidian-sync-compatibility.md
Processing file: /Users/patricksmith/obsidian/acupcakeshop/docs/system/obsidian-performance-guide.md
  Standardized frontmatter in: /Users/patricksmith/obsidian/acupcakeshop/docs/system/obsidian-performance-guide.md
Processing file: /Users/patricksmith/obsidian/acupcakeshop/docs/system/standard-note-template.md
  Standardized frontmatter in: /Users/patricksmith/obsidian/acupcakeshop/docs/system/standard-note-template.md
Processing file: /Users/patricksmith/obsidian/acupcakeshop/docs/index.md
  Standardized frontmatter in: /Users/patricksmith/obsidian/acupcakeshop/docs/index.md
Processing file: /Users/patricksmith/obsidian/acupcakeshop/docs/migration_verification_report.md
  Standardized frontmatter in: /Users/patricksmith/obsidian/acupcakeshop/docs/migration_verification_report.md
Processing file: /Users/patricksmith/obsidian/acupcakeshop/docs/detailed-migration-implementation-plan.md
  Standardized frontmatter in: /Users/patricksmith/obsidian/acupcakeshop/docs/detailed-migration-implementation-plan.md
Processing file: /Users/patricksmith/obsidian/acupcakeshop/docs/migration-execution-guide.md
  Standardized frontmatter in: /Users/patricksmith/obsidian/acupcakeshop/docs/migration-execution-guide.md
Processing file: /Users/patricksmith/obsidian/acupcakeshop/docs/organization-standards.md
  Standardized frontmatter in: /Users/patricksmith/obsidian/acupcakeshop/docs/organization-standards.md
Processing file: /Users/patricksmith/obsidian/acupcakeshop/docs/migration_completion_report.md
  Standardized frontmatter in: /Users/patricksmith/obsidian/acupcakeshop/docs/migration_completion_report.md
Processing file: /Users/patricksmith/obsidian/acupcakeshop/docs/template-implementation-guide.md
  Standardized frontmatter in: /Users/patricksmith/obsidian/acupcakeshop/docs/template-implementation-guide.md
Processing file: /Users/patricksmith/obsidian/acupcakeshop/docs/vault_user_guide.md
  Standardized frontmatter in: /Users/patricksmith/obsidian/acupcakeshop/docs/vault_user_guide.md
Processing file: /Users/patricksmith/obsidian/acupcakeshop/docs/yaml-frontmatter-standardization.md
  Standardized frontmatter in: /Users/patricksmith/obsidian/acupcakeshop/docs/yaml-frontmatter-standardization.md
Processing file: /Users/patricksmith/obsidian/acupcakeshop/docs/dataview-implementation-guide.md
  Standardized frontmatter in: /Users/patricksmith/obsidian/acupcakeshop/docs/dataview-implementation-guide.md
Processing file: /Users/patricksmith/obsidian/acupcakeshop/docs/yaml-frontmatter-guide.md
  Standardized frontmatter in: /Users/patricksmith/obsidian/acupcakeshop/docs/yaml-frontmatter-guide.md
Processed 111 files with frontmatter issues
========================================
Frontmatter standardization completed: Tue Apr 15 15:25:23 MDT 2025
========================================
