========================================
Link Repair Log
Started: Tue Apr 15 15:11:50 MDT 2025
========================================
Starting link fixes in 4 directories...
Processing directory: /Users/patricksmith/obsidian/acupcakeshop/content
Checking file: /Users/patricksmith/obsidian/acupcakeshop/content/-.md
  No wiki links found, skipping
Checking file: /Users/patricksmith/obsidian/acupcakeshop/content/research/Athlete
  No wiki links found, skipping
Checking file: Financial
  No wiki links found, skipping
Checking file: 04-analysis/service-model-diagram.md
  No wiki links found, skipping
Checking file: /Users/patricksmith/obsidian/acupcakeshop/content/research/Athlete
  No wiki links found, skipping
Checking file: Financial
  No wiki links found, skipping
Checking file: 04-analysis/interview-insights.md
  No wiki links found, skipping
Checking file: /Users/patricksmith/obsidian/acupcakeshop/content/research/Athlete
  No wiki links found, skipping
Checking file: Financial
  No wiki links found, skipping
Checking file: 04-analysis/competitor-positioning-diagram.md
  No wiki links found, skipping
Checking file: /Users/patricksmith/obsidian/acupcakeshop/content/research/research-summary.md
  No wiki links found, skipping
Checking file: /Users/patricksmith/obsidian/acupcakeshop/content/research/service-model-diagram.md
  No wiki links found, skipping
Checking file: /Users/patricksmith/obsidian/acupcakeshop/content/research/interview-insights.md
  No wiki links found, skipping
Checking file: /Users/patricksmith/obsidian/acupcakeshop/content/research/competitor-profiles/research-summary.md
  No wiki links found, skipping
Checking file: /Users/patricksmith/obsidian/acupcakeshop/content/research/competitor-profiles/advisors/research-summary.md
  No wiki links found, skipping
Checking file: /Users/patricksmith/obsidian/acupcakeshop/content/research/competitor-profiles/advisors/README.md
  No wiki links found, skipping
Checking file: /Users/patricksmith/obsidian/acupcakeshop/content/research/competitor-profiles/agents/kevin-conner.md
  No wiki links found, skipping
Checking file: /Users/patricksmith/obsidian/acupcakeshop/content/research/competitor-profiles/agents/README.md
  No wiki links found, skipping
Checking file: /Users/patricksmith/obsidian/acupcakeshop/content/research/competitor-profiles/README.md
  No wiki links found, skipping
Checking file: /Users/patricksmith/obsidian/acupcakeshop/content/research/competitor-profiles/team-personnel/README.md
  No wiki links found, skipping
Checking file: /Users/patricksmith/obsidian/acupcakeshop/content/research/education/README.md
  No wiki links found, skipping
Checking file: /Users/patricksmith/obsidian/acupcakeshop/content/research/agents/kevin-conner.md
  No wiki links found, skipping
Checking file: /Users/patricksmith/obsidian/acupcakeshop/content/research/Athlete
  No wiki links found, skipping
Checking file: Financial
  No wiki links found, skipping
Checking file: competitor-analysis/agent-advisor-models.md
  No wiki links found, skipping
Checking file: /Users/patricksmith/obsidian/acupcakeshop/content/research/market-analysis/README.md
  No wiki links found, skipping
Checking file: /Users/patricksmith/obsidian/acupcakeshop/content/research/kevin-conner.md
  No wiki links found, skipping
Checking file: /Users/patricksmith/obsidian/acupcakeshop/content/research/README.md
  No wiki links found, skipping
Checking file: /Users/patricksmith/obsidian/acupcakeshop/content/research/competitor-analysis/institutional-firms/README.md
  No wiki links found, skipping
Checking file: /Users/patricksmith/obsidian/acupcakeshop/content/research/competitor-analysis/README.md
  No wiki links found, skipping
Checking file: /Users/patricksmith/obsidian/acupcakeshop/content/research/competitor-analysis/boutique-firms/README.md
  No wiki links found, skipping
Checking file: /Users/patricksmith/obsidian/acupcakeshop/content/research/competitor-analysis/agent-advisor-models.md
  No wiki links found, skipping
Checking file: /Users/patricksmith/obsidian/acupcakeshop/content/research/industry-analysis/README.md
  No wiki links found, skipping
Checking file: /Users/patricksmith/obsidian/acupcakeshop/content/research/competitor-positioning-diagram.md
  No wiki links found, skipping
Checking file: /Users/patricksmith/obsidian/acupcakeshop/content/research/market-trends/README.md
  No wiki links found, skipping
Checking file: /Users/patricksmith/obsidian/acupcakeshop/content/research/agent-advisor-models.md
  No wiki links found, skipping
Checking file: /Users/patricksmith/obsidian/acupcakeshop/content/campbell-lamar.md
  No wiki links found, skipping
Checking file: /Users/patricksmith/obsidian/acupcakeshop/content/competitor-research.md
  No wiki links found, skipping
Checking file: /Users/patricksmith/obsidian/acupcakeshop/content/mckinsey-analysis.md
  No wiki links found, skipping
Checking file: /Users/patricksmith/obsidian/acupcakeshop/content/jenkins-john-raiders-defensive-tackle.md
  No wiki links found, skipping
Checking file: /Users/patricksmith/obsidian/acupcakeshop/content/competitor-profile-template.md
  No wiki links found, skipping
Checking file: /Users/patricksmith/obsidian/acupcakeshop/content/call-list.md
  No wiki links found, skipping
Checking file: /Users/patricksmith/obsidian/acupcakeshop/content/interview-pipeline.md
  No wiki links found, skipping
Checking file: /Users/patricksmith/obsidian/acupcakeshop/content/player-interview-template.md
  No wiki links found, skipping
Checking file: /Users/patricksmith/obsidian/acupcakeshop/content/research-summary.md
  No wiki links found, skipping
Checking file: /Users/patricksmith/obsidian/acupcakeshop/content/index-template.md
  No wiki links found, skipping
Checking file: /Users/patricksmith/obsidian/acupcakeshop/content/service-development.md
  No wiki links found, skipping
Checking file: /Users/patricksmith/obsidian/acupcakeshop/content/tonight-guide.md
  No wiki links found, skipping
Checking file: /Users/patricksmith/obsidian/acupcakeshop/content/advisory-board-research.md
  No wiki links found, skipping
Checking file: /Users/patricksmith/obsidian/acupcakeshop/content/task-guidelines.md
  No wiki links found, skipping
Checking file: /Users/patricksmith/obsidian/acupcakeshop/content/nelson-daryl.md
  No wiki links found, skipping
Checking file: /Users/patricksmith/obsidian/acupcakeshop/content/lynn-nicole.md
  No wiki links found, skipping
Checking file: /Users/patricksmith/obsidian/acupcakeshop/content/cap-strategist-interview-template.md
  No wiki links found, skipping
Checking file: /Users/patricksmith/obsidian/acupcakeshop/content/conner-kevin.md
  No wiki links found, skipping
Checking file: /Users/patricksmith/obsidian/acupcakeshop/content/key-project-areas.md
  No wiki links found, skipping
Checking file: /Users/patricksmith/obsidian/acupcakeshop/content/registration-requirements.md
  No wiki links found, skipping
Checking file: /Users/patricksmith/obsidian/acupcakeshop/content/service-model-diagram.md
  No wiki links found, skipping
Checking file: /Users/patricksmith/obsidian/acupcakeshop/content/interview-insights.md
  No wiki links found, skipping
Checking file: /Users/patricksmith/obsidian/acupcakeshop/content/conversation-guide.md
  No wiki links found, skipping
Checking file: /Users/patricksmith/obsidian/acupcakeshop/content/tasks-dashboard.md
  No wiki links found, skipping
Checking file: /Users/patricksmith/obsidian/acupcakeshop/content/business-model.md
  No wiki links found, skipping
Checking file: /Users/patricksmith/obsidian/acupcakeshop/content/compliance/registration/README.md
  No wiki links found, skipping
Checking file: /Users/patricksmith/obsidian/acupcakeshop/content/compliance/advisory-board-research.md
  No wiki links found, skipping
Checking file: /Users/patricksmith/obsidian/acupcakeshop/content/compliance/advisory-board/README.md
  No wiki links found, skipping
Checking file: /Users/patricksmith/obsidian/acupcakeshop/content/compliance/registration-requirements.md
  No wiki links found, skipping
Checking file: /Users/patricksmith/obsidian/acupcakeshop/content/compliance/Athlete
  No wiki links found, skipping
Checking file: Financial
  No wiki links found, skipping
Checking file: 05-compliance/advisory-board-research.md
  No wiki links found, skipping
Checking file: /Users/patricksmith/obsidian/acupcakeshop/content/compliance/Athlete
  No wiki links found, skipping
Checking file: Financial
  No wiki links found, skipping
Checking file: 05-compliance/registration-requirements.md
  No wiki links found, skipping
Checking file: /Users/patricksmith/obsidian/acupcakeshop/content/compliance/README.md
  No wiki links found, skipping
Checking file: /Users/patricksmith/obsidian/acupcakeshop/content/compliance/standards/README.md
  No wiki links found, skipping
Checking file: /Users/patricksmith/obsidian/acupcakeshop/content/kevin-conner.md
  No wiki links found, skipping
Checking file: /Users/patricksmith/obsidian/acupcakeshop/content/working-sessions.md
  No wiki links found, skipping
Checking file: /Users/patricksmith/obsidian/acupcakeshop/content/README.md
  No wiki links found, skipping
Checking file: /Users/patricksmith/obsidian/acupcakeshop/content/research-roadmap.md
  No wiki links found, skipping
Checking file: /Users/patricksmith/obsidian/acupcakeshop/content/agent-interview-template.md
  No wiki links found, skipping
Checking file: /Users/patricksmith/obsidian/acupcakeshop/content/competitive-positioning.md
  No wiki links found, skipping
Checking file: /Users/patricksmith/obsidian/acupcakeshop/content/former-player-interview-template.md
  No wiki links found, skipping
Checking file: /Users/patricksmith/obsidian/acupcakeshop/content/interview-summary-template.md
  No wiki links found, skipping
Checking file: /Users/patricksmith/obsidian/acupcakeshop/content/key-hypotheses.md
  No wiki links found, skipping
Checking file: /Users/patricksmith/obsidian/acupcakeshop/content/index.md
  No wiki links found, skipping
Checking file: /Users/patricksmith/obsidian/acupcakeshop/content/johnson-jaylen-bears-safety.md
  No wiki links found, skipping
Checking file: /Users/patricksmith/obsidian/acupcakeshop/content/INTERVIEW-GUIDE.md
  No wiki links found, skipping
Checking file: /Users/patricksmith/obsidian/acupcakeshop/content/task-template.md
  No wiki links found, skipping
Checking file: /Users/patricksmith/obsidian/acupcakeshop/content/current-status.md
  No wiki links found, skipping
Checking file: /Users/patricksmith/obsidian/acupcakeshop/content/competitor-positioning-diagram.md
  No wiki links found, skipping
Checking file: /Users/patricksmith/obsidian/acupcakeshop/content/agent-advisor-models.md
  No wiki links found, skipping
Checking file: /Users/patricksmith/obsidian/acupcakeshop/content/audio-transcript-template.md
  No wiki links found, skipping
Checking file: /Users/patricksmith/obsidian/acupcakeshop/content/smith-roquan-ravens-linebacker.md
  No wiki links found, skipping
Checking file: /Users/patricksmith/obsidian/acupcakeshop/content/interviews/-.md
  No wiki links found, skipping
Checking file: /Users/patricksmith/obsidian/acupcakeshop/content/interviews/campbell-lamar.md
  No wiki links found, skipping
Checking file: /Users/patricksmith/obsidian/acupcakeshop/content/interviews/jenkins-john-raiders-defensive-tackle.md
  No wiki links found, skipping
Checking file: /Users/patricksmith/obsidian/acupcakeshop/content/interviews/players/jenkins-john-raiders.md
  No wiki links found, skipping
Checking file: /Users/patricksmith/obsidian/acupcakeshop/content/interviews/players/smith-roquan-ravens.md
  No wiki links found, skipping
Checking file: /Users/patricksmith/obsidian/acupcakeshop/content/interviews/players/README.md
  No wiki links found, skipping
Checking file: /Users/patricksmith/obsidian/acupcakeshop/content/interviews/players/johnson-jaylen-bears.md
  No wiki links found, skipping
Checking file: /Users/patricksmith/obsidian/acupcakeshop/content/interviews/players/.md
  No wiki links found, skipping
Checking file: /Users/patricksmith/obsidian/acupcakeshop/content/interviews/players/active/2025/04_april/2025-04-06-jenkins-john-raiders-defensive-tackle.md
  No wiki links found, skipping
Checking file: /Users/patricksmith/obsidian/acupcakeshop/content/interviews/players/active/2025/04_april/2025-04-06-smith-roquan-ravens-linebacker.md
  No wiki links found, skipping
Checking file: /Users/patricksmith/obsidian/acupcakeshop/content/interviews/players/active/2025/04_april/2025-04-06-oconnell-aidan-raiders-quarterback.md
  No wiki links found, skipping
Checking file: /Users/patricksmith/obsidian/acupcakeshop/content/interviews/players/active/2025/04_april/2025-04-06-johnson-jaylen-bears-safety.md
  No wiki links found, skipping
Checking file: /Users/patricksmith/obsidian/acupcakeshop/content/interviews/players/active/jenkins-john-raiders-defensive-tackle.md
  No wiki links found, skipping
Checking file: /Users/patricksmith/obsidian/acupcakeshop/content/interviews/players/active/README.md
  No wiki links found, skipping
Checking file: /Users/patricksmith/obsidian/acupcakeshop/content/interviews/players/active/johnson-jaylen-bears-safety.md
  No wiki links found, skipping
Checking file: /Users/patricksmith/obsidian/acupcakeshop/content/interviews/players/active/smith-roquan-ravens-linebacker.md
  No wiki links found, skipping
Checking file: /Users/patricksmith/obsidian/acupcakeshop/content/interviews/players/active/oconnell-aidan-raiders-quarterback.md
  No wiki links found, skipping
Checking file: /Users/patricksmith/obsidian/acupcakeshop/content/interviews/players/former/README.md
  No wiki links found, skipping
Checking file: /Users/patricksmith/obsidian/acupcakeshop/content/interviews/players/oconnell-aidan-raiders.md
  No wiki links found, skipping
Checking file: /Users/patricksmith/obsidian/acupcakeshop/content/interviews/nelson-daryl.md
  No wiki links found, skipping
Checking file: /Users/patricksmith/obsidian/acupcakeshop/content/interviews/lynn-nicole.md
  No wiki links found, skipping
Checking file: /Users/patricksmith/obsidian/acupcakeshop/content/interviews/conner-kevin.md
  No wiki links found, skipping
Checking file: /Users/patricksmith/obsidian/acupcakeshop/content/interviews/agents/lynn-nicole.md
  No wiki links found, skipping
Checking file: /Users/patricksmith/obsidian/acupcakeshop/content/interviews/agents/conner-kevin.md
  No wiki links found, skipping
Checking file: /Users/patricksmith/obsidian/acupcakeshop/content/interviews/agents/README.md
  No wiki links found, skipping
Checking file: /Users/patricksmith/obsidian/acupcakeshop/content/interviews/Athlete
  No wiki links found, skipping
Checking file: Financial
  No wiki links found, skipping
Checking file: 02-interviews/INTERVIEW-GUIDE.md
  No wiki links found, skipping
Checking file: /Users/patricksmith/obsidian/acupcakeshop/content/interviews/README.md
  No wiki links found, skipping
Checking file: /Users/patricksmith/obsidian/acupcakeshop/content/interviews/industry-professionals/-.md
  No wiki links found, skipping
Checking file: /Users/patricksmith/obsidian/acupcakeshop/content/interviews/industry-professionals/campbell-lamar.md
  No wiki links found, skipping
Checking file: /Users/patricksmith/obsidian/acupcakeshop/content/interviews/industry-professionals/nelson-daryl.md
  No wiki links found, skipping
Checking file: /Users/patricksmith/obsidian/acupcakeshop/content/interviews/industry-professionals/agents/README.md
  No wiki links found, skipping
Checking file: /Users/patricksmith/obsidian/acupcakeshop/content/interviews/industry-professionals/by-role/agents/lynn-nicole.md
  No wiki links found, skipping
Checking file: /Users/patricksmith/obsidian/acupcakeshop/content/interviews/industry-professionals/by-role/agents/conner-kevin.md
  No wiki links found, skipping
Checking file: /Users/patricksmith/obsidian/acupcakeshop/content/interviews/industry-professionals/by-role/agents/README.md
  No wiki links found, skipping
Checking file: /Users/patricksmith/obsidian/acupcakeshop/content/interviews/industry-professionals/by-role/team-personnel/player-development/campbell-lamar.md
  No wiki links found, skipping
Checking file: /Users/patricksmith/obsidian/acupcakeshop/content/interviews/industry-professionals/by-role/team-personnel/player-development/nelson-daryl.md
  No wiki links found, skipping
Checking file: /Users/patricksmith/obsidian/acupcakeshop/content/interviews/industry-professionals/by-role/team-personnel/.md
  No wiki links found, skipping
Checking file: /Users/patricksmith/obsidian/acupcakeshop/content/interviews/industry-professionals/README.md
  No wiki links found, skipping
Checking file: /Users/patricksmith/obsidian/acupcakeshop/content/interviews/johnson-jaylen-bears-safety.md
  No wiki links found, skipping
Checking file: /Users/patricksmith/obsidian/acupcakeshop/content/interviews/INTERVIEW-GUIDE.md
  No wiki links found, skipping
Checking file: /Users/patricksmith/obsidian/acupcakeshop/content/interviews/smith-roquan-ravens-linebacker.md
  No wiki links found, skipping
Checking file: /Users/patricksmith/obsidian/acupcakeshop/content/interviews/oconnell-aidan-raiders-quarterback.md
  No wiki links found, skipping
Checking file: /Users/patricksmith/obsidian/acupcakeshop/content/business-model-framework.md
  No wiki links found, skipping
Checking file: /Users/patricksmith/obsidian/acupcakeshop/content/oconnell-aidan-raiders-quarterback.md
  No wiki links found, skipping
Checking file: /Users/patricksmith/obsidian/acupcakeshop/content/strategy/business-model/README.md
  No wiki links found, skipping
Checking file: /Users/patricksmith/obsidian/acupcakeshop/content/strategy/key-project-areas.md
  No wiki links found, skipping
Checking file: /Users/patricksmith/obsidian/acupcakeshop/content/strategy/planning/mckinsey-analysis.md
  No wiki links found, skipping
Checking file: /Users/patricksmith/obsidian/acupcakeshop/content/strategy/planning/working-sessions.md
  No wiki links found, skipping
Checking file: /Users/patricksmith/obsidian/acupcakeshop/content/strategy/planning/README.md
  No wiki links found, skipping
Checking file: /Users/patricksmith/obsidian/acupcakeshop/content/strategy/planning/key-hypotheses.md
  No wiki links found, skipping
Checking file: /Users/patricksmith/obsidian/acupcakeshop/content/strategy/planning/business-model-framework.md
  No wiki links found, skipping
Checking file: /Users/patricksmith/obsidian/acupcakeshop/content/strategy/planning/Athlete
  No wiki links found, skipping
Checking file: Financial
  No wiki links found, skipping
Checking file: 06-planning/mckinsey-analysis.md
  No wiki links found, skipping
Checking file: /Users/patricksmith/obsidian/acupcakeshop/content/strategy/planning/Athlete
  No wiki links found, skipping
Checking file: Financial
  No wiki links found, skipping
Checking file: 06-planning/working-sessions.md
  No wiki links found, skipping
Checking file: /Users/patricksmith/obsidian/acupcakeshop/content/strategy/planning/Athlete
  No wiki links found, skipping
Checking file: Financial
  No wiki links found, skipping
Checking file: 06-planning/key-hypotheses.md
  No wiki links found, skipping
Checking file: /Users/patricksmith/obsidian/acupcakeshop/content/strategy/planning/Athlete
  No wiki links found, skipping
Checking file: Financial
  No wiki links found, skipping
Checking file: 06-planning/business-model-framework.md
  No wiki links found, skipping
Checking file: /Users/patricksmith/obsidian/acupcakeshop/content/strategy/business-model.md
  No wiki links found, skipping
Checking file: /Users/patricksmith/obsidian/acupcakeshop/content/strategy/README.md
  No wiki links found, skipping
Checking file: /Users/patricksmith/obsidian/acupcakeshop/content/strategy/research-roadmap.md
  No wiki links found, skipping
Checking file: /Users/patricksmith/obsidian/acupcakeshop/content/strategy/competitive-positioning.md
  No wiki links found, skipping
Checking file: /Users/patricksmith/obsidian/acupcakeshop/content/strategy/Athlete
  No wiki links found, skipping
Checking file: Financial
  No wiki links found, skipping
Checking file: 00-project-overview/key-project-areas.md
  No wiki links found, skipping
Checking file: /Users/patricksmith/obsidian/acupcakeshop/content/strategy/Athlete
  No wiki links found, skipping
Checking file: Financial
  No wiki links found, skipping
Checking file: 00-project-overview/current-status.md
  No wiki links found, skipping
Checking file: /Users/patricksmith/obsidian/acupcakeshop/content/strategy/Athlete
  No wiki links found, skipping
Checking file: Financial
  No wiki links found, skipping
Checking file: 00-project-overview/project-vision.md
  No wiki links found, skipping
Checking file: /Users/patricksmith/obsidian/acupcakeshop/content/strategy/team/calls/call-list.md
  No wiki links found, skipping
Checking file: /Users/patricksmith/obsidian/acupcakeshop/content/strategy/team/calls/tonight-guide.md
  No wiki links found, skipping
Checking file: /Users/patricksmith/obsidian/acupcakeshop/content/strategy/team/calls/conversation-guide.md
  No wiki links found, skipping
Checking file: /Users/patricksmith/obsidian/acupcakeshop/content/strategy/team/calls/README.md
  No wiki links found, skipping
Checking file: /Users/patricksmith/obsidian/acupcakeshop/content/strategy/team/competitor-research.md
  No wiki links found, skipping
Checking file: /Users/patricksmith/obsidian/acupcakeshop/content/strategy/team/call-list.md
  No wiki links found, skipping
Checking file: /Users/patricksmith/obsidian/acupcakeshop/content/strategy/team/interview-pipeline.md
  No wiki links found, skipping
Checking file: /Users/patricksmith/obsidian/acupcakeshop/content/strategy/team/service-development.md
  No wiki links found, skipping
Checking file: /Users/patricksmith/obsidian/acupcakeshop/content/strategy/team/Athlete
  No wiki links found, skipping
Checking file: Financial
  No wiki links found, skipping
Checking file: kanban/competitor-research.md
  No wiki links found, skipping
Checking file: /Users/patricksmith/obsidian/acupcakeshop/content/strategy/team/Athlete
  No wiki links found, skipping
Checking file: Financial
  No wiki links found, skipping
Checking file: kanban/interview-pipeline.md
  No wiki links found, skipping
Checking file: /Users/patricksmith/obsidian/acupcakeshop/content/strategy/team/Athlete
  No wiki links found, skipping
Checking file: Financial
  No wiki links found, skipping
Checking file: kanban/service-development.md
  No wiki links found, skipping
Checking file: /Users/patricksmith/obsidian/acupcakeshop/content/strategy/team/Athlete
  No wiki links found, skipping
Checking file: Financial
  No wiki links found, skipping
Checking file: calls/call-list.md
  No wiki links found, skipping
Checking file: /Users/patricksmith/obsidian/acupcakeshop/content/strategy/team/Athlete
  No wiki links found, skipping
Checking file: Financial
  No wiki links found, skipping
Checking file: calls/tonight-guide.md
  No wiki links found, skipping
Checking file: /Users/patricksmith/obsidian/acupcakeshop/content/strategy/team/Athlete
  No wiki links found, skipping
Checking file: Financial
  No wiki links found, skipping
Checking file: calls/conversation-guide.md
  No wiki links found, skipping
Checking file: /Users/patricksmith/obsidian/acupcakeshop/content/strategy/team/tonight-guide.md
  No wiki links found, skipping
Checking file: /Users/patricksmith/obsidian/acupcakeshop/content/strategy/team/task-guidelines.md
  No wiki links found, skipping
Checking file: /Users/patricksmith/obsidian/acupcakeshop/content/strategy/team/Athlete
  No wiki links found, skipping
Checking file: Financial
  No wiki links found, skipping
Checking file: 07-team/task-guidelines.md
  No wiki links found, skipping
Checking file: /Users/patricksmith/obsidian/acupcakeshop/content/strategy/team/Athlete
  No wiki links found, skipping
Checking file: Financial
  No wiki links found, skipping
Checking file: 07-team/tasks-dashboard.md
  No wiki links found, skipping
Checking file: /Users/patricksmith/obsidian/acupcakeshop/content/strategy/team/conversation-guide.md
  No wiki links found, skipping
Checking file: /Users/patricksmith/obsidian/acupcakeshop/content/strategy/team/tasks-dashboard.md
  No wiki links found, skipping
Checking file: /Users/patricksmith/obsidian/acupcakeshop/content/strategy/team/README.md
  No wiki links found, skipping
Checking file: /Users/patricksmith/obsidian/acupcakeshop/content/strategy/team/kanban/competitor-research.md
  No wiki links found, skipping
Checking file: /Users/patricksmith/obsidian/acupcakeshop/content/strategy/team/kanban/interview-pipeline.md
  No wiki links found, skipping
Checking file: /Users/patricksmith/obsidian/acupcakeshop/content/strategy/team/kanban/service-development.md
  No wiki links found, skipping
Checking file: /Users/patricksmith/obsidian/acupcakeshop/content/strategy/team/kanban/README.md
  No wiki links found, skipping
Checking file: /Users/patricksmith/obsidian/acupcakeshop/content/strategy/team/meetings/README.md
  No wiki links found, skipping
Checking file: /Users/patricksmith/obsidian/acupcakeshop/content/strategy/team/project-plan/README.md
  No wiki links found, skipping
Checking file: /Users/patricksmith/obsidian/acupcakeshop/content/strategy/implementation/README.md
  No wiki links found, skipping
Checking file: /Users/patricksmith/obsidian/acupcakeshop/content/strategy/Athlete
  No wiki links found, skipping
Checking file: Financial
  No wiki links found, skipping
Checking file: 03-strategy/business-model.md
  No wiki links found, skipping
Checking file: /Users/patricksmith/obsidian/acupcakeshop/content/strategy/Athlete
  No wiki links found, skipping
Checking file: Financial
  No wiki links found, skipping
Checking file: 03-strategy/research-roadmap.md
  No wiki links found, skipping
Checking file: /Users/patricksmith/obsidian/acupcakeshop/content/strategy/Athlete
  No wiki links found, skipping
Checking file: Financial
  No wiki links found, skipping
Checking file: 03-strategy/competitive-positioning.md
  No wiki links found, skipping
Checking file: /Users/patricksmith/obsidian/acupcakeshop/content/strategy/current-status.md
  No wiki links found, skipping
Checking file: /Users/patricksmith/obsidian/acupcakeshop/content/strategy/project-vision.md
  No wiki links found, skipping
Checking file: /Users/patricksmith/obsidian/acupcakeshop/content/project-vision.md
  No wiki links found, skipping
Processing directory: /Users/patricksmith/obsidian/acupcakeshop/resources
Checking file: /Users/patricksmith/obsidian/acupcakeshop/resources/Maps/map-service-models.md
  No wiki links found, skipping
Checking file: /Users/patricksmith/obsidian/acupcakeshop/resources/Maps/README.md
  No wiki links found, skipping
Checking file: /Users/patricksmith/obsidian/acupcakeshop/resources/Maps/map-athlete-interviews.md
  No wiki links found, skipping
Checking file: /Users/patricksmith/obsidian/acupcakeshop/resources/Maps/map-competitor-landscape.md
  No wiki links found, skipping
Checking file: /Users/patricksmith/obsidian/acupcakeshop/resources/Maps/map-strategic-planning.md
  No wiki links found, skipping
Checking file: /Users/patricksmith/obsidian/acupcakeshop/resources/Maps/mind-map-athlete-financial-lifecycle.md
  No wiki links found, skipping
Checking file: /Users/patricksmith/obsidian/acupcakeshop/resources/Maps/mind-map-service-model.md
  No wiki links found, skipping
Checking file: /Users/patricksmith/obsidian/acupcakeshop/resources/misc/optimization-table.md
  No wiki links found, skipping
Checking file: /Users/patricksmith/obsidian/acupcakeshop/resources/misc/automation-scripts-guide.md
  No wiki links found, skipping
Checking file: /Users/patricksmith/obsidian/acupcakeshop/resources/misc/recovery-complete.md
  No wiki links found, skipping
Checking file: /Users/patricksmith/obsidian/acupcakeshop/resources/misc/deployment-package.md
  No wiki links found, skipping
Checking file: /Users/patricksmith/obsidian/acupcakeshop/resources/misc/vault-fix-report.md
  No wiki links found, skipping
Checking file: /Users/patricksmith/obsidian/acupcakeshop/resources/misc/vault-reorganization-plan.md
  No wiki links found, skipping
Checking file: /Users/patricksmith/obsidian/acupcakeshop/resources/misc/implementation-status.md
  No wiki links found, skipping
Checking file: /Users/patricksmith/obsidian/acupcakeshop/resources/misc/migration-dashboard.md
  No wiki links found, skipping
Checking file: /Users/patricksmith/obsidian/acupcakeshop/resources/misc/tagging-implementation-guide.md
  No wiki links found, skipping
Checking file: /Users/patricksmith/obsidian/acupcakeshop/resources/misc/athlete-financial-lifecycle.excalidraw.md
  No wiki links found, skipping
Checking file: /Users/patricksmith/obsidian/acupcakeshop/resources/misc/cleanup-summary.md
  No wiki links found, skipping
Checking file: /Users/patricksmith/obsidian/acupcakeshop/resources/misc/strategic-linking-summary.md
  No wiki links found, skipping
Checking file: /Users/patricksmith/obsidian/acupcakeshop/resources/misc/strategic-linking-implementation.md
  No wiki links found, skipping
Checking file: /Users/patricksmith/obsidian/acupcakeshop/resources/misc/documentation-dashboard.md
  No wiki links found, skipping
Checking file: /Users/patricksmith/obsidian/acupcakeshop/resources/misc/fix-next-steps.md
  No wiki links found, skipping
Checking file: /Users/patricksmith/obsidian/acupcakeshop/resources/misc/welcome.md
  No wiki links found, skipping
Checking file: /Users/patricksmith/obsidian/acupcakeshop/resources/misc/directory-structure-log.md
  No wiki links found, skipping
Checking file: /Users/patricksmith/obsidian/acupcakeshop/resources/misc/mermaid-implementation-guide.md
  No wiki links found, skipping
Checking file: /Users/patricksmith/obsidian/acupcakeshop/resources/misc/script-consolidation-README.md
  No wiki links found, skipping
Checking file: /Users/patricksmith/obsidian/acupcakeshop/resources/misc/migration-verification-status.md
  No wiki links found, skipping
Checking file: /Users/patricksmith/obsidian/acupcakeshop/resources/misc/phased-migration-plan.md
  No wiki links found, skipping
Checking file: /Users/patricksmith/obsidian/acupcakeshop/resources/misc/migration-verification-report.md
  No wiki links found, skipping
Checking file: /Users/patricksmith/obsidian/acupcakeshop/resources/misc/enhanced-implementation-plan.md
  No wiki links found, skipping
Checking file: /Users/patricksmith/obsidian/acupcakeshop/resources/misc/yaml-audit-results.md
  No wiki links found, skipping
Checking file: /Users/patricksmith/obsidian/acupcakeshop/resources/misc/first-phase-plugin-guide.md
  No wiki links found, skipping
Checking file: /Users/patricksmith/obsidian/acupcakeshop/resources/misc/migration-completion-report.md
  No wiki links found, skipping
Checking file: /Users/patricksmith/obsidian/acupcakeshop/resources/misc/README.md
  No wiki links found, skipping
Checking file: /Users/patricksmith/obsidian/acupcakeshop/resources/misc/final-recovery-report.md
  No wiki links found, skipping
Checking file: /Users/patricksmith/obsidian/acupcakeshop/resources/misc/obsidian-enhancement-summary.md
  No wiki links found, skipping
Checking file: /Users/patricksmith/obsidian/acupcakeshop/resources/misc/implementation-plan.md
  No wiki links found, skipping
Checking file: /Users/patricksmith/obsidian/acupcakeshop/resources/misc/redirection-fix-report.md
  No wiki links found, skipping
Checking file: /Users/patricksmith/obsidian/acupcakeshop/resources/misc/implementation-roadmap.md
  No wiki links found, skipping
Checking file: /Users/patricksmith/obsidian/acupcakeshop/resources/misc/index.md
  No wiki links found, skipping
Checking file: /Users/patricksmith/obsidian/acupcakeshop/resources/misc/consolidation-next-steps.md
  No wiki links found, skipping
Checking file: /Users/patricksmith/obsidian/acupcakeshop/resources/misc/strategic-linking-guide.md
  No wiki links found, skipping
Checking file: /Users/patricksmith/obsidian/acupcakeshop/resources/misc/PERFORMANCE-README.md
  No wiki links found, skipping
Checking file: /Users/patricksmith/obsidian/acupcakeshop/resources/misc/vault-migration-plan.md
  No wiki links found, skipping
Checking file: /Users/patricksmith/obsidian/acupcakeshop/resources/misc/advanced-enhancement-recommendations.md
  No wiki links found, skipping
Checking file: /Users/patricksmith/obsidian/acupcakeshop/resources/misc/recovery-successful.md
  No wiki links found, skipping
Checking file: /Users/patricksmith/obsidian/acupcakeshop/resources/misc/knowledge-graph-enhancement-guide.md
  No links needed updating in /Users/patricksmith/obsidian/acupcakeshop/resources/misc/knowledge-graph-enhancement-guide.md
Checking file: /Users/patricksmith/obsidian/acupcakeshop/resources/misc/enhancement-summary.md
  No wiki links found, skipping
Checking file: /Users/patricksmith/obsidian/acupcakeshop/resources/misc/migration-report.md
  No wiki links found, skipping
Checking file: /Users/patricksmith/obsidian/acupcakeshop/resources/misc/template-implementation-guide.md
  No links needed updating in /Users/patricksmith/obsidian/acupcakeshop/resources/misc/template-implementation-guide.md
Checking file: /Users/patricksmith/obsidian/acupcakeshop/resources/misc/verification-report-20250409-132809.md
  No wiki links found, skipping
Checking file: /Users/patricksmith/obsidian/acupcakeshop/resources/misc/yaml-frontmatter-standardization.md
  No wiki links found, skipping
Checking file: /Users/patricksmith/obsidian/acupcakeshop/resources/misc/graph-view-optimization.md
  No wiki links found, skipping
Checking file: /Users/patricksmith/obsidian/acupcakeshop/resources/misc/Installation.md
  No wiki links found, skipping
Checking file: /Users/patricksmith/obsidian/acupcakeshop/resources/misc/vault-fix-report-20250410-075058.md
  No wiki links found, skipping
Checking file: /Users/patricksmith/obsidian/acupcakeshop/resources/misc/plugin-installation-guide.md
  No wiki links found, skipping
Checking file: /Users/patricksmith/obsidian/acupcakeshop/resources/misc/dataview-implementation-guide.md
  No wiki links found, skipping
Checking file: /Users/patricksmith/obsidian/acupcakeshop/resources/misc/Maintenance.md
  No wiki links found, skipping
Checking file: /Users/patricksmith/obsidian/acupcakeshop/resources/misc/yaml-frontmatter-guide.md
  No wiki links found, skipping
Checking file: /Users/patricksmith/obsidian/acupcakeshop/resources/misc/obsidian-sync-compatibility.md
  No wiki links found, skipping
Checking file: /Users/patricksmith/obsidian/acupcakeshop/resources/misc/README-templates.md
  No wiki links found, skipping
Checking file: /Users/patricksmith/obsidian/acupcakeshop/resources/misc/obsidian-performance-guide.md
  No wiki links found, skipping
Checking file: /Users/patricksmith/obsidian/acupcakeshop/resources/misc/tag-system.md
  No wiki links found, skipping
Checking file: /Users/patricksmith/obsidian/acupcakeshop/resources/misc/Automation.md
  No wiki links found, skipping
Checking file: /Users/patricksmith/obsidian/acupcakeshop/resources/README.md
  No links needed updating in /Users/patricksmith/obsidian/acupcakeshop/resources/README.md
Checking file: /Users/patricksmith/obsidian/acupcakeshop/resources/Visualizations/athlete-financial-lifecycle.excalidraw.md
  No wiki links found, skipping
Checking file: /Users/patricksmith/obsidian/acupcakeshop/resources/Visualizations/README.md
  No wiki links found, skipping
Checking file: /Users/patricksmith/obsidian/acupcakeshop/resources/Visualizations/README-templates.md
  No wiki links found, skipping
Checking file: /Users/patricksmith/obsidian/acupcakeshop/resources/index.md
  No wiki links found, skipping
Checking file: /Users/patricksmith/obsidian/acupcakeshop/resources/Dashboards/competitor-analysis.md
  No wiki links found, skipping
Checking file: /Users/patricksmith/obsidian/acupcakeshop/resources/Dashboards/competitor/README.md
  No wiki links found, skipping
Checking file: /Users/patricksmith/obsidian/acupcakeshop/resources/Dashboards/financial/README.md
  No wiki links found, skipping
Checking file: /Users/patricksmith/obsidian/acupcakeshop/resources/Dashboards/project-status.md
  No wiki links found, skipping
Checking file: /Users/patricksmith/obsidian/acupcakeshop/resources/Dashboards/interview-insights.md
  No wiki links found, skipping
Checking file: /Users/patricksmith/obsidian/acupcakeshop/resources/Dashboards/content-status.md
  No wiki links found, skipping
Checking file: /Users/patricksmith/obsidian/acupcakeshop/resources/Dashboards/README.md
  No wiki links found, skipping
Checking file: /Users/patricksmith/obsidian/acupcakeshop/resources/Dashboards/project/obsidian-compatibility-summary.md
  No wiki links found, skipping
Checking file: /Users/patricksmith/obsidian/acupcakeshop/resources/Dashboards/project/competitor-analysis.md
  No wiki links found, skipping
Checking file: /Users/patricksmith/obsidian/acupcakeshop/resources/Dashboards/project/project-status.md
  No wiki links found, skipping
Checking file: /Users/patricksmith/obsidian/acupcakeshop/resources/Dashboards/project/interview-insights.md
  No wiki links found, skipping
Checking file: /Users/patricksmith/obsidian/acupcakeshop/resources/Dashboards/project/content-status.md
  No wiki links found, skipping
Checking file: /Users/patricksmith/obsidian/acupcakeshop/resources/Dashboards/project/optimization-table-link.md
  No wiki links found, skipping
Checking file: /Users/patricksmith/obsidian/acupcakeshop/resources/Dashboards/project/README.md
  No wiki links found, skipping
Checking file: /Users/patricksmith/obsidian/acupcakeshop/resources/Dashboards/project/project-progress.md
  No wiki links found, skipping
Checking file: /Users/patricksmith/obsidian/acupcakeshop/resources/Dashboards/project/index.md
  No wiki links found, skipping
Checking file: /Users/patricksmith/obsidian/acupcakeshop/resources/Dashboards/project/script-consolidation-report.md
  No wiki links found, skipping
Checking file: /Users/patricksmith/obsidian/acupcakeshop/resources/Dashboards/project/script-consolidation-summary.md
  No wiki links found, skipping
Checking file: /Users/patricksmith/obsidian/acupcakeshop/resources/Dashboards/project/athlete-financial-needs.md
  No wiki links found, skipping
Checking file: /Users/patricksmith/obsidian/acupcakeshop/resources/Dashboards/project/advanced-service-model-analysis.md
  No wiki links found, skipping
Checking file: /Users/patricksmith/obsidian/acupcakeshop/resources/Dashboards/project/consolidation-success.md
  No wiki links found, skipping
Checking file: /Users/patricksmith/obsidian/acupcakeshop/resources/Dashboards/project/advanced-queries-dashboard.md
  No wiki links found, skipping
Checking file: /Users/patricksmith/obsidian/acupcakeshop/resources/Dashboards/System/obsidian-compatibility-summary.md
  No wiki links found, skipping
Checking file: /Users/patricksmith/obsidian/acupcakeshop/resources/Dashboards/System/optimization-table-link.md
  No wiki links found, skipping
Checking file: /Users/patricksmith/obsidian/acupcakeshop/resources/Dashboards/System/script-consolidation-report.md
  No wiki links found, skipping
Checking file: /Users/patricksmith/obsidian/acupcakeshop/resources/Dashboards/System/script-consolidation-summary.md
  No wiki links found, skipping
Checking file: /Users/patricksmith/obsidian/acupcakeshop/resources/Dashboards/System/consolidation-success.md
  No wiki links found, skipping
Checking file: /Users/patricksmith/obsidian/acupcakeshop/resources/Dashboards/project-progress.md
  No wiki links found, skipping
Checking file: /Users/patricksmith/obsidian/acupcakeshop/resources/Dashboards/index.md
  No wiki links found, skipping
Checking file: /Users/patricksmith/obsidian/acupcakeshop/resources/Dashboards/interview/README.md
  No wiki links found, skipping
Checking file: /Users/patricksmith/obsidian/acupcakeshop/resources/Dashboards/athlete-financial-needs.md
  No wiki links found, skipping
Checking file: /Users/patricksmith/obsidian/acupcakeshop/resources/Dashboards/advanced-service-model-analysis.md
  No wiki links found, skipping
Checking file: /Users/patricksmith/obsidian/acupcakeshop/resources/Dashboards/advanced-queries-dashboard.md
  No wiki links found, skipping
Checking file: /Users/patricksmith/obsidian/acupcakeshop/resources/Templates/interview-templates/player-interview-template.md
  No wiki links found, skipping
Checking file: /Users/patricksmith/obsidian/acupcakeshop/resources/Templates/interview-templates/cap-strategist-interview-template.md
  No wiki links found, skipping
Checking file: /Users/patricksmith/obsidian/acupcakeshop/resources/Templates/interview-templates/README.md
  No wiki links found, skipping
Checking file: /Users/patricksmith/obsidian/acupcakeshop/resources/Templates/interview-templates/agent-interview-template.md
  No wiki links found, skipping
Checking file: /Users/patricksmith/obsidian/acupcakeshop/resources/Templates/interview-templates/former-player-interview-template.md
  No wiki links found, skipping
Checking file: /Users/patricksmith/obsidian/acupcakeshop/resources/Templates/interview-templates/interview-summary-template.md
  No wiki links found, skipping
Checking file: /Users/patricksmith/obsidian/acupcakeshop/resources/Templates/competitor-profile-template.md
  No wiki links found, skipping
Checking file: /Users/patricksmith/obsidian/acupcakeshop/resources/Templates/competitor-templates/competitor-profile-template.md
  No wiki links found, skipping
Checking file: /Users/patricksmith/obsidian/acupcakeshop/resources/Templates/player-interview-template.md
  No wiki links found, skipping
Checking file: /Users/patricksmith/obsidian/acupcakeshop/resources/Templates/index-template.md
  No wiki links found, skipping
Checking file: /Users/patricksmith/obsidian/acupcakeshop/resources/Templates/Analysis/competitor-profile-template.md
  No wiki links found, skipping
Checking file: /Users/patricksmith/obsidian/acupcakeshop/resources/Templates/Analysis/competitor-profile.md
  No wiki links found, skipping
Checking file: /Users/patricksmith/obsidian/acupcakeshop/resources/Templates/Analysis/standard-table-template.md
  No wiki links found, skipping
Checking file: /Users/patricksmith/obsidian/acupcakeshop/resources/Templates/Analysis/README.md
  No wiki links found, skipping
Checking file: /Users/patricksmith/obsidian/acupcakeshop/resources/Templates/Analysis/fee-structure-comparison.md
  No wiki links found, skipping
Checking file: /Users/patricksmith/obsidian/acupcakeshop/resources/Templates/Analysis/_index.md
  No wiki links found, skipping
Checking file: /Users/patricksmith/obsidian/acupcakeshop/resources/Templates/Analysis/service-comparison-matrix.md
  No wiki links found, skipping
Checking file: /Users/patricksmith/obsidian/acupcakeshop/resources/Templates/cap-strategist-interview-template.md
  No wiki links found, skipping
Checking file: /Users/patricksmith/obsidian/acupcakeshop/resources/Templates/analysis-templates/README.md
  No wiki links found, skipping
Checking file: /Users/patricksmith/obsidian/acupcakeshop/resources/Templates/README.md
  No wiki links found, skipping
Checking file: /Users/patricksmith/obsidian/acupcakeshop/resources/Templates/Project/README.md
  No wiki links found, skipping
Checking file: /Users/patricksmith/obsidian/acupcakeshop/resources/Templates/Project/weekly-status.md
  No wiki links found, skipping
Checking file: /Users/patricksmith/obsidian/acupcakeshop/resources/Templates/Project/kanban-card.md
  No wiki links found, skipping
Checking file: /Users/patricksmith/obsidian/acupcakeshop/resources/Templates/Project/task-template.md
  No links needed updating in /Users/patricksmith/obsidian/acupcakeshop/resources/Templates/Project/task-template.md
Checking file: /Users/patricksmith/obsidian/acupcakeshop/resources/Templates/Project/weekly-note.md
  No wiki links found, skipping
Checking file: /Users/patricksmith/obsidian/acupcakeshop/resources/Templates/agent-interview-template.md
  No wiki links found, skipping
Checking file: /Users/patricksmith/obsidian/acupcakeshop/resources/Templates/System/competitor-profile-template-20250415145842.md
  No wiki links found, skipping
Checking file: /Users/patricksmith/obsidian/acupcakeshop/resources/Templates/System/competitor-profile-template.md
  No wiki links found, skipping
Checking file: /Users/patricksmith/obsidian/acupcakeshop/resources/Templates/System/index-template_20250415145842.md
  No wiki links found, skipping
Checking file: /Users/patricksmith/obsidian/acupcakeshop/resources/Templates/System/cap-strategist-interview-template-20250415145841.md
  No wiki links found, skipping
Checking file: /Users/patricksmith/obsidian/acupcakeshop/resources/Templates/System/player-interview-template.md
  No wiki links found, skipping
Checking file: /Users/patricksmith/obsidian/acupcakeshop/resources/Templates/System/index-template.md
  No wiki links found, skipping
Checking file: /Users/patricksmith/obsidian/acupcakeshop/resources/Templates/System/standard-note-template_20250415145842.md
  No wiki links found, skipping
Checking file: /Users/patricksmith/obsidian/acupcakeshop/resources/Templates/System/competitor_profile_template.md
  No wiki links found, skipping
Checking file: /Users/patricksmith/obsidian/acupcakeshop/resources/Templates/System/competitor-profile.md
  No wiki links found, skipping
Checking file: /Users/patricksmith/obsidian/acupcakeshop/resources/Templates/System/task-template_20250415145842.md
  No wiki links found, skipping
Checking file: /Users/patricksmith/obsidian/acupcakeshop/resources/Templates/System/cap-strategist-interview-template.md
  No wiki links found, skipping
Checking file: /Users/patricksmith/obsidian/acupcakeshop/resources/Templates/System/standard_note_template.md
  No wiki links found, skipping
Checking file: /Users/patricksmith/obsidian/acupcakeshop/resources/Templates/System/former-player-interview-template-20250415145841.md
  No wiki links found, skipping
Checking file: /Users/patricksmith/obsidian/acupcakeshop/resources/Templates/System/player-interview.md
  No wiki links found, skipping
Checking file: /Users/patricksmith/obsidian/acupcakeshop/resources/Templates/System/standard-table-template.md
  No wiki links found, skipping
Checking file: /Users/patricksmith/obsidian/acupcakeshop/resources/Templates/System/player-interview-template-20250415145842.md
  No wiki links found, skipping
Checking file: /Users/patricksmith/obsidian/acupcakeshop/resources/Templates/System/README.md
  No wiki links found, skipping
Checking file: /Users/patricksmith/obsidian/acupcakeshop/resources/Templates/System/agent-interview-template.md
  No wiki links found, skipping
Checking file: /Users/patricksmith/obsidian/acupcakeshop/resources/Templates/System/player_interview_template.md
  No wiki links found, skipping
Checking file: /Users/patricksmith/obsidian/acupcakeshop/resources/Templates/System/player-interview-template-20250415145841.md
  No wiki links found, skipping
Checking file: /Users/patricksmith/obsidian/acupcakeshop/resources/Templates/System/weekly-status.md
  No wiki links found, skipping
Checking file: /Users/patricksmith/obsidian/acupcakeshop/resources/Templates/System/former-player-interview-template.md
  No wiki links found, skipping
Checking file: /Users/patricksmith/obsidian/acupcakeshop/resources/Templates/System/player-interview-template_20250415145842.md
  No wiki links found, skipping
Checking file: /Users/patricksmith/obsidian/acupcakeshop/resources/Templates/System/interview-summary-template.md
  No wiki links found, skipping
Checking file: /Users/patricksmith/obsidian/acupcakeshop/resources/Templates/System/agent-interview-template-20250415145841.md
  No wiki links found, skipping
Checking file: /Users/patricksmith/obsidian/acupcakeshop/resources/Templates/System/industry-interview.md
  No wiki links found, skipping
Checking file: /Users/patricksmith/obsidian/acupcakeshop/resources/Templates/System/interview-summary-template-20250415145841.md
  No wiki links found, skipping
Checking file: /Users/patricksmith/obsidian/acupcakeshop/resources/Templates/System/yaml-frontmatter-template.md
  No wiki links found, skipping
Checking file: /Users/patricksmith/obsidian/acupcakeshop/resources/Templates/System/index.md
  No wiki links found, skipping
Checking file: /Users/patricksmith/obsidian/acupcakeshop/resources/Templates/System/meeting-notes.md
  No wiki links found, skipping
Checking file: /Users/patricksmith/obsidian/acupcakeshop/resources/Templates/System/kanban-card.md
  No wiki links found, skipping
Checking file: /Users/patricksmith/obsidian/acupcakeshop/resources/Templates/System/task-template-20250415145842.md
  No wiki links found, skipping
Checking file: /Users/patricksmith/obsidian/acupcakeshop/resources/Templates/System/test-template.md
  No wiki links found, skipping
Checking file: /Users/patricksmith/obsidian/acupcakeshop/resources/Templates/System/fee-structure-comparison.md
  No wiki links found, skipping
Checking file: /Users/patricksmith/obsidian/acupcakeshop/resources/Templates/System/task-template.md
  No links needed updating in /Users/patricksmith/obsidian/acupcakeshop/resources/Templates/System/task-template.md
Checking file: /Users/patricksmith/obsidian/acupcakeshop/resources/Templates/System/moc-template.md
  No wiki links found, skipping
Checking file: /Users/patricksmith/obsidian/acupcakeshop/resources/Templates/System/standard-note-template-20250415145842.md
  No wiki links found, skipping
Checking file: /Users/patricksmith/obsidian/acupcakeshop/resources/Templates/System/weekly-note.md
  No wiki links found, skipping
Checking file: /Users/patricksmith/obsidian/acupcakeshop/resources/Templates/System/audio-transcript-template.md
  No wiki links found, skipping
Checking file: /Users/patricksmith/obsidian/acupcakeshop/resources/Templates/System/competitor-profile-template_20250415145842.md
  No wiki links found, skipping
Checking file: /Users/patricksmith/obsidian/acupcakeshop/resources/Templates/System/index-template-20250415145842.md
  No wiki links found, skipping
Checking file: /Users/patricksmith/obsidian/acupcakeshop/resources/Templates/System/client-analysis.md
  No wiki links found, skipping
Checking file: /Users/patricksmith/obsidian/acupcakeshop/resources/Templates/System/standard-note-template.md
  No wiki links found, skipping
Checking file: /Users/patricksmith/obsidian/acupcakeshop/resources/Templates/System/service-comparison-matrix.md
  No wiki links found, skipping
Checking file: /Users/patricksmith/obsidian/acupcakeshop/resources/Templates/former-player-interview-template.md
  No wiki links found, skipping
Checking file: /Users/patricksmith/obsidian/acupcakeshop/resources/Templates/interview-summary-template.md
  No wiki links found, skipping
Checking file: /Users/patricksmith/obsidian/acupcakeshop/resources/Templates/Interview/competitor-profile-template.md
  No wiki links found, skipping
Checking file: /Users/patricksmith/obsidian/acupcakeshop/resources/Templates/Interview/cap-strategist-interview-template-20250415145841.md
  No wiki links found, skipping
Checking file: /Users/patricksmith/obsidian/acupcakeshop/resources/Templates/Interview/player-interview-template.md
  No wiki links found, skipping
Checking file: /Users/patricksmith/obsidian/acupcakeshop/resources/Templates/Interview/index-template.md
  No wiki links found, skipping
Checking file: /Users/patricksmith/obsidian/acupcakeshop/resources/Templates/Interview/cap-strategist-interview-template.md
  No wiki links found, skipping
Checking file: /Users/patricksmith/obsidian/acupcakeshop/resources/Templates/Interview/former-player-interview-template-20250415145841.md
  No wiki links found, skipping
Checking file: /Users/patricksmith/obsidian/acupcakeshop/resources/Templates/Interview/interview-summary-template_20250415145841.md
  No wiki links found, skipping
Checking file: /Users/patricksmith/obsidian/acupcakeshop/resources/Templates/Interview/agent-interview-template_20250415145841.md
  No wiki links found, skipping
Checking file: /Users/patricksmith/obsidian/acupcakeshop/resources/Templates/Interview/player-interview-template_20250415145841.md
  No wiki links found, skipping
Checking file: /Users/patricksmith/obsidian/acupcakeshop/resources/Templates/Interview/README.md
  No wiki links found, skipping
Checking file: /Users/patricksmith/obsidian/acupcakeshop/resources/Templates/Interview/agent-interview-template.md
  No wiki links found, skipping
Checking file: /Users/patricksmith/obsidian/acupcakeshop/resources/Templates/Interview/player-interview-template-20250415145841.md
  No wiki links found, skipping
Checking file: /Users/patricksmith/obsidian/acupcakeshop/resources/Templates/Interview/former-player-interview-template_20250415145841.md
  No wiki links found, skipping
Checking file: /Users/patricksmith/obsidian/acupcakeshop/resources/Templates/Interview/former-player-interview-template.md
  No wiki links found, skipping
Checking file: /Users/patricksmith/obsidian/acupcakeshop/resources/Templates/Interview/interview-summary-template.md
  No wiki links found, skipping
Checking file: /Users/patricksmith/obsidian/acupcakeshop/resources/Templates/Interview/agent-interview-template-20250415145841.md
  No wiki links found, skipping
Checking file: /Users/patricksmith/obsidian/acupcakeshop/resources/Templates/Interview/interview-summary-template-20250415145841.md
  No wiki links found, skipping
Checking file: /Users/patricksmith/obsidian/acupcakeshop/resources/Templates/Interview/task-template.md
  No wiki links found, skipping
Checking file: /Users/patricksmith/obsidian/acupcakeshop/resources/Templates/Interview/cap-strategist-interview-template_20250415145841.md
  No wiki links found, skipping
Checking file: /Users/patricksmith/obsidian/acupcakeshop/resources/Templates/Interview/audio-transcript-template.md
  No wiki links found, skipping
Checking file: /Users/patricksmith/obsidian/acupcakeshop/resources/Templates/Interview/_index.md
  No wiki links found, skipping
Checking file: /Users/patricksmith/obsidian/acupcakeshop/resources/Templates/Task/README.md
  No wiki links found, skipping
Checking file: /Users/patricksmith/obsidian/acupcakeshop/resources/Templates/Task/task-template.md
  No wiki links found, skipping
Checking file: /Users/patricksmith/obsidian/acupcakeshop/resources/Templates/Task/_index.md
  No wiki links found, skipping
Checking file: /Users/patricksmith/obsidian/acupcakeshop/resources/Templates/task-template.md
  No wiki links found, skipping
Checking file: /Users/patricksmith/obsidian/acupcakeshop/resources/Templates/task-templates/README.md
  No wiki links found, skipping
Checking file: /Users/patricksmith/obsidian/acupcakeshop/resources/Templates/task-templates/task-template.md
  No wiki links found, skipping
Checking file: /Users/patricksmith/obsidian/acupcakeshop/resources/Templates/audio-transcript-template.md
  No wiki links found, skipping
Checking file: /Users/patricksmith/obsidian/acupcakeshop/resources/Templates/Client/player-interview.md
  No wiki links found, skipping
Checking file: /Users/patricksmith/obsidian/acupcakeshop/resources/Templates/Client/industry-interview.md
  No wiki links found, skipping
Checking file: /Users/patricksmith/obsidian/acupcakeshop/resources/Templates/Client/meeting-notes.md
  No wiki links found, skipping
Checking file: /Users/patricksmith/obsidian/acupcakeshop/resources/Templates/Client/client-analysis.md
  No wiki links found, skipping
Checking file: /Users/patricksmith/obsidian/acupcakeshop/resources/assets/images/README.md
  No wiki links found, skipping
Checking file: /Users/patricksmith/obsidian/acupcakeshop/resources/assets/diagrams/README.md
  No wiki links found, skipping
Checking file: /Users/patricksmith/obsidian/acupcakeshop/resources/assets/README.md
  No wiki links found, skipping
Checking file: /Users/patricksmith/obsidian/acupcakeshop/resources/assets/documents/README.md
  No wiki links found, skipping
Processing directory: /Users/patricksmith/obsidian/acupcakeshop/atlas
Checking file: /Users/patricksmith/obsidian/acupcakeshop/atlas/map-competitor-landscape_20250415145843.md
  No wiki links found, skipping
Checking file: /Users/patricksmith/obsidian/acupcakeshop/atlas/compliance-map.md
  No links needed updating in /Users/patricksmith/obsidian/acupcakeshop/atlas/compliance-map.md
Checking file: /Users/patricksmith/obsidian/acupcakeshop/atlas/map-service-models.md
  No wiki links found, skipping
Checking file: /Users/patricksmith/obsidian/acupcakeshop/atlas/interview-map.md
  No links needed updating in /Users/patricksmith/obsidian/acupcakeshop/atlas/interview-map.md
Checking file: /Users/patricksmith/obsidian/acupcakeshop/atlas/research-map.md
  No links needed updating in /Users/patricksmith/obsidian/acupcakeshop/atlas/research-map.md
Checking file: /Users/patricksmith/obsidian/acupcakeshop/atlas/map-service-models_20250415145843.md
  No wiki links found, skipping
Checking file: /Users/patricksmith/obsidian/acupcakeshop/atlas/README.md
  No links needed updating in /Users/patricksmith/obsidian/acupcakeshop/atlas/README.md
Checking file: /Users/patricksmith/obsidian/acupcakeshop/atlas/map-athlete-interviews_20250415145843.md
  No wiki links found, skipping
Checking file: /Users/patricksmith/obsidian/acupcakeshop/atlas/strategy-map.md
  No links needed updating in /Users/patricksmith/obsidian/acupcakeshop/atlas/strategy-map.md
Checking file: /Users/patricksmith/obsidian/acupcakeshop/atlas/map-strategic-planning_20250415145843.md
  No wiki links found, skipping
Checking file: /Users/patricksmith/obsidian/acupcakeshop/atlas/map-athlete-interviews.md
  No wiki links found, skipping
Checking file: /Users/patricksmith/obsidian/acupcakeshop/atlas/map-competitor-landscape.md
  Updated: [[/Athlete Financial Empowerment/04-analysis/competitor-analysis/_index|Competitor Analysis Hub]] -> [[/content/research/competitor-analysis/README|Competitor Analysis Hub]]
  Updated: [[/Athlete Financial Empowerment/04-analysis/competitor-analysis/agent-advisor-models|Agent-Advisor Models]] -> [[/content/research/competitor-analysis/agent-advisor-models|Agent-Advisor Models]]
  Updated: [[/Athlete Financial Empowerment/04-analysis/competitor-positioning-diagram|Competitor Positioning Visual Analysis]] -> [[/content/research/competitor-positioning-diagram|Competitor Positioning Visual Analysis]]
  Updated: [[/Athlete Financial Empowerment/01-market-research/key-insights|Market Research Key Insights]] -> [[/content/research/key-insights|Market Research Key Insights]]
  Updated: [[/Dashboards/project-progress|Project Progress Dashboard]] -> [[/resources/dashboards/project-progress|Project Progress Dashboard]]
  Updated: [[/Athlete Financial Empowerment/01-market-research/competitor-profiles/advisors/integra-wealth-management|Integra Private Wealth Management]] -> [[/content/research/competitor-profiles/advisors/integra-wealth-management|Integra Private Wealth Management]]
  Updated: [[/Athlete Financial Empowerment/01-market-research/competitor-profiles/advisors/ubs-mainsail|UBS Mainsail]] -> [[/content/research/competitor-profiles/advisors/ubs-mainsail|UBS Mainsail]]
  Updated: [[/Athlete Financial Empowerment/01-market-research/competitor-profiles/advisors/km-capital-management|KM Capital Management]] -> [[/content/research/competitor-profiles/advisors/km-capital-management|KM Capital Management]]
  Updated: [[/Athlete Financial Empowerment/01-market-research/competitor-profiles/advisors/wme-joel-segal|WME Joel Segal]] -> [[/content/research/competitor-profiles/advisors/wme-joel-segal|WME Joel Segal]]
  Updated: [[/Athlete Financial Empowerment/01-market-research/competitor-profiles/agents/kevin-conner|Kevin Conner (Agent)]] -> [[/content/research/competitor-profiles/agents/kevin-conner|Kevin Conner (Agent)]]
  Updated: [[/Athlete Financial Empowerment/01-market-research/competitor-profiles/advisors/integra-wealth-management|Integra Private Wealth Management]] -> [[/content/research/competitor-profiles/advisors/integra-wealth-management|Integra Private Wealth Management]]
  Updated: [[/Athlete Financial Empowerment/01-market-research/competitor-profiles/advisors/ubs-mainsail|UBS Mainsail]] -> [[/content/research/competitor-profiles/advisors/ubs-mainsail|UBS Mainsail]]
  Updated: [[/Athlete Financial Empowerment/01-market-research/competitor-profiles/advisors/km-capital-management|KM Capital Management]] -> [[/content/research/competitor-profiles/advisors/km-capital-management|KM Capital Management]]
  Updated: [[/Athlete Financial Empowerment/01-market-research/competitor-profiles/advisors/wme-joel-segal|WME Joel Segal]] -> [[/content/research/competitor-profiles/advisors/wme-joel-segal|WME Joel Segal]]
  Updated: [[/Athlete Financial Empowerment/04-analysis/competitor-analysis/agent-advisor-models|Agent-Advisor Models]] -> [[/content/research/competitor-analysis/agent-advisor-models|Agent-Advisor Models]]
  Updated: [[/Athlete Financial Empowerment/01-market-research/competitor-profiles/agents/kevin-conner|Kevin Conner (Universal)]] -> [[/content/research/competitor-profiles/agents/kevin-conner|Kevin Conner (Universal)]]
  Updated: [[/Athlete Financial Empowerment/02-interviews/industry-professionals/2025/04_april/2025-04-06_lynn-nicole_klutch_agent|Nicole Lynn (Klutch)]] -> [[/content/interviews/industry-professionals/2025/04-april/2025-04-06-lynn-nicole-klutch-agent|Nicole Lynn (Klutch)]]
  Updated: [[/Athlete Financial Empowerment/02-interviews/industry-professionals/2025/04_april/2025-04-06_cabott-chris_steinberg_agent|Chris Cabott (Steinberg)]] -> [[/content/interviews/industry-professionals/2025/04-april/2025-04-06-cabott-chris-steinberg-agent|Chris Cabott (Steinberg)]]
  Updated: [[/Athlete Financial Empowerment/02-interviews/industry-professionals/2025/04_april/2025-04-06_conner-kevin_universal_agent|Kevin Conner (Universal)]] -> [[/content/interviews/industry-professionals/2025/04-april/2025-04-06-conner-kevin-universal-agent|Kevin Conner (Universal)]]
  Updated: [[/Athlete Financial Empowerment/04-analysis/competitor-analysis/boutique-firms/_index|Boutique Advisory Firms]] -> [[/content/research/competitor-analysis/boutique-firms/README|Boutique Advisory Firms]]
  Updated: [[/Athlete Financial Empowerment/04-analysis/competitor-analysis/institutional-firms/_index|Institutional Firms]] -> [[/content/research/competitor-analysis/institutional-firms/README|Institutional Firms]]
  Updated: [[/Athlete Financial Empowerment/03-strategy/competitive-positioning|Competitive Positioning Strategy]] -> [[/content/strategy/competitive-positioning|Competitive Positioning Strategy]]
  Updated: [[/Dashboards/competitor-analysis|Competitor Analysis Dashboard]] -> [[/resources/dashboards/competitor-analysis|Competitor Analysis Dashboard]]
  Updated: [[/Athlete Financial Empowerment/02-interviews/players/active/2025/04_april/2025-04-06_smith-roquan_ravens_linebacker|Roquan Smith - Advisor Selection]] -> [[/content/interviews/players/active/2025/04-april/2025-04-06-smith-roquan-ravens-linebacker|Roquan Smith - Advisor Selection]]
  Updated: [[/Athlete Financial Empowerment/02-interviews/players/active/2025/04_april/2025-04-06_jenkins-john_raiders_defensive-tackle|John Jenkins - Negative Advisor Experience]] -> [[/content/interviews/players/active/2025/04-april/2025-04-06-jenkins-john-raiders-defensive-tackle|John Jenkins - Negative Advisor Experience]]
  Updated: [[/Athlete Financial Empowerment/02-interviews/players/former/2025/04_april/2025-04-06_harris-chris_broncos_cornerback|Chris Harris - Post-Career Perspective]] -> [[/content/interviews/players/former/2025/04-april/2025-04-06-harris-chris-broncos-cornerback|Chris Harris - Post-Career Perspective]]
  No links needed updating in /Users/patricksmith/obsidian/acupcakeshop/atlas/map-competitor-landscape.md
Checking file: /Users/patricksmith/obsidian/acupcakeshop/atlas/map-strategic-planning.md
  No wiki links found, skipping
Checking file: /Users/patricksmith/obsidian/acupcakeshop/atlas/mind-map-athlete-financial-lifecycle.md
  No wiki links found, skipping
Checking file: /Users/patricksmith/obsidian/acupcakeshop/atlas/mind-map-service-model.md
  No wiki links found, skipping
Processing directory: /Users/patricksmith/obsidian/acupcakeshop/docs
Checking file: /Users/patricksmith/obsidian/acupcakeshop/docs/migration-plan.md
  No wiki links found, skipping
Checking file: /Users/patricksmith/obsidian/acupcakeshop/docs/vault-guide.md
  No links needed updating in /Users/patricksmith/obsidian/acupcakeshop/docs/vault-guide.md
Checking file: /Users/patricksmith/obsidian/acupcakeshop/docs/migration_summary.md
  No links needed updating in /Users/patricksmith/obsidian/acupcakeshop/docs/migration_summary.md
Checking file: /Users/patricksmith/obsidian/acupcakeshop/docs/migration-executive-summary.md
  No wiki links found, skipping
Checking file: /Users/patricksmith/obsidian/acupcakeshop/docs/README.md
  No links needed updating in /Users/patricksmith/obsidian/acupcakeshop/docs/README.md
Checking file: /Users/patricksmith/obsidian/acupcakeshop/docs/migration_verification_report.md
  No wiki links found, skipping
Checking file: /Users/patricksmith/obsidian/acupcakeshop/docs/detailed-migration-implementation-plan.md
  Updated: [[ "$filename" == "_index.md" || "$filename" == "README.md" ]] -> [[ "$filename" == "README.md" || "$filename" == "README.md" ]]
  Updated: [[ "$filename" == "_index.md" || "$filename" == "README.md" ]] -> [[ "$filename" == "README.md" || "$filename" == "README.md" ]]
  Updated: [[ "$filename" == "_index.md" || "$filename" == "README.md" ]] -> [[ "$filename" == "README.md" || "$filename" == "README.md" ]]
  Updated: [[ "$filename" == "_index.md" || "$filename" == "README.md" ]] -> [[ "$filename" == "README.md" || "$filename" == "README.md" ]]
  Updated: [[ "$filename" == "_index.md" || "$filename" == "README.md" ]] -> [[ "$filename" == "README.md" || "$filename" == "README.md" ]]
  No links needed updating in /Users/patricksmith/obsidian/acupcakeshop/docs/detailed-migration-implementation-plan.md
Checking file: /Users/patricksmith/obsidian/acupcakeshop/docs/migration-execution-guide.md
  No wiki links found, skipping
Checking file: /Users/patricksmith/obsidian/acupcakeshop/docs/organization-standards.md
  No links needed updating in /Users/patricksmith/obsidian/acupcakeshop/docs/organization-standards.md
Checking file: /Users/patricksmith/obsidian/acupcakeshop/docs/migration_completion_report.md
  No wiki links found, skipping
Checking file: /Users/patricksmith/obsidian/acupcakeshop/docs/vault_user_guide.md
  No links needed updating in /Users/patricksmith/obsidian/acupcakeshop/docs/vault_user_guide.md
========================================
Link fixing completed: Tue Apr 15 15:11:53 MDT 2025
========================================
