========================================
Simple Link Repair Log
Started: Tue Apr 15 16:06:54 MDT 2025
========================================
Creating placeholder files for common broken links...
Created placeholder: /Users/patricksmith/obsidian/acupcakeshop/content/research/misc/fee-only-advisory-model.md
Created placeholder: /Users/patricksmith/obsidian/acupcakeshop/content/research/misc/aum-based-model.md
Created placeholder: /Users/patricksmith/obsidian/acupcakeshop/content/research/misc/hybrid-service-model.md
Created placeholder: /Users/patricksmith/obsidian/acupcakeshop/content/research/competitor-profiles/ubs-mainsail.md
Created placeholder: /Users/patricksmith/obsidian/acupcakeshop/content/research/industry-analysis/service-model-comparison-matrix.md
Created placeholder: /Users/patricksmith/obsidian/acupcakeshop/content/interviews/players/active/smith-roquan-advisory-preferences.md
Created placeholder: /Users/patricksmith/obsidian/acupcakeshop/content/interviews/players/active/harris-chris-post-career-advisory-needs.md
Created placeholder: /Users/patricksmith/obsidian/acupcakeshop/content/research/misc/athlete-risk-factors.md
Created placeholder: /Users/patricksmith/obsidian/acupcakeshop/content/research/misc/risk-assessment-framework.md
Created placeholder: /Users/patricksmith/obsidian/acupcakeshop/content/research/misc/career-stage-risk-variables.md
Created placeholder: /Users/patricksmith/obsidian/acupcakeshop/content/research/misc/case-study-nfl-rookie-risk-profile.md
Created placeholder: /Users/patricksmith/obsidian/acupcakeshop/content/interviews/misc/financial-risk-perceptions.md
Created placeholder: /Users/patricksmith/obsidian/acupcakeshop/content/interviews/players/active/smith-roquan.md
Created placeholder: /Users/patricksmith/obsidian/acupcakeshop/content/research/misc/trust-framework-in-advisory-relationships.md
Created placeholder: /Users/patricksmith/obsidian/acupcakeshop/content/research/misc/background-verification-methods.md
Created placeholder: /Users/patricksmith/obsidian/acupcakeshop/content/research/misc/advisor-selection-checklist.md
Created placeholder: /Users/patricksmith/obsidian/acupcakeshop/content/research/misc/red-flags-in-advisory-relationships.md
Created placeholder: /Users/patricksmith/obsidian/acupcakeshop/docs/guides/template-guide.md
Created placeholder: /Users/patricksmith/obsidian/acupcakeshop/docs/guides/utilities-guide.md
Created placeholder: /Users/patricksmith/obsidian/acupcakeshop/docs/guides/frontmatter-standards.md
