[2025-04-16 11:14:39] [0;34mℹ Starting tags script[0m
[2025-04-16 11:14:39] [0;34mℹ Vault root: /Users/patricksmith/obsidian/acupcakeshop[0m
[2025-04-16 11:14:39] [0;34mℹ Log file: /Users/patricksmith/obsidian/acupcakeshop/_utilities/logs/tags_20250416_111439.log[0m
[2025-04-16 11:14:39] [0;34mℹ Listing all tags used in the vault[0m
[2025-04-16 11:14:57] [0;34mℹ Tag: tags: - Used in 933 files[0m
[2025-04-16 11:14:57] [0;34mℹ Tag: documentation - Used in 219 files[0m
[2025-04-16 11:14:57] [0;34mℹ Tag: content - Used in 118 files[0m
[2025-04-16 11:14:57] [0;34mℹ Tag: migration - Used in 97 files[0m
[2025-04-16 11:14:57] [0;34mℹ Tag: placeholder - Used in 88 files[0m
[2025-04-16 11:14:57] [0;34mℹ Tag: guide - Used in 80 files[0m
[2025-04-16 11:14:57] [0;34mℹ Tag: strategy - Used in 64 files[0m
[2025-04-16 11:14:57] [0;34mℹ Tag: athlete - Used in 63 files[0m
[2025-04-16 11:14:57] [0;34mℹ Tag: restored - Used in 61 files[0m
[2025-04-16 11:14:57] [0;34mℹ Tag: interview - Used in 61 files[0m
[2025-04-16 11:14:57] [0;34mℹ Tag: research - Used in 50 files[0m
[2025-04-16 11:14:57] [0;34mℹ Tag: system - Used in 42 files[0m
[2025-04-16 11:14:57] [0;34mℹ Tag: scripts - Used in 36 files[0m
[2025-04-16 11:14:57] [0;34mℹ Tag: moc - Used in 25 files[0m
[2025-04-16 11:14:57] [0;34mℹ Tag: summary - Used in 21 files[0m
[2025-04-16 11:14:57] [0;34mℹ Tag: navigation - Used in 20 files[0m
[2025-04-16 11:14:57] [0;34mℹ Tag: consolidation - Used in 19 files[0m
[2025-04-16 11:14:57] [0;34mℹ Tag: compliance - Used in 18 files[0m
[2025-04-16 11:14:57] [0;34mℹ Tag: map - Used in 15 files[0m
[2025-04-16 11:14:57] [0;34mℹ Tag: atlas - Used in 15 files[0m
[2025-04-16 11:14:57] [0;34mℹ Tag: analysis - Used in 14 files[0m
[2025-04-16 11:14:57] [0;34mℹ Tag: obsidian - Used in 13 files[0m
[2025-04-16 11:14:57] [0;34mℹ Tag: dashboard - Used in 13 files[0m
[2025-04-16 11:14:57] [0;34mℹ Tag: rookie - Used in 10 files[0m
[2025-04-16 11:14:57] [0;34mℹ Tag: financial - Used in 10 files[0m
[2025-04-16 11:14:57] [0;34mℹ Tag: competitor - Used in 10 files[0m
[2025-04-16 11:14:57] [0;34mℹ Tag: task - Used in 9 files[0m
[2025-04-16 11:14:57] [0;34mℹ Tag: tag2 - Used in 9 files[0m
[2025-04-16 11:14:57] [0;34mℹ Tag: tag1 - Used in 9 files[0m
[2025-04-16 11:14:57] [0;34mℹ Tag: sync - Used in 9 files[0m
[2025-04-16 11:14:57] [0;34mℹ Tag: report - Used in 9 files[0m
[2025-04-16 11:14:57] [0;34mℹ Tag: optimization - Used in 9 files[0m
[2025-04-16 11:14:57] [0;34mℹ Tag: comparison - Used in 9 files[0m
[2025-04-16 11:14:57] [0;34mℹ Tag: troubleshooting - Used in 8 files[0m
[2025-04-16 11:14:57] [0;34mℹ Tag: planning - Used in 8 files[0m
[2025-04-16 11:14:57] [0;34mℹ Tag: implementation - Used in 8 files[0m
[2025-04-16 11:14:57] [0;34mℹ Tag: tag3 - Used in 7 files[0m
[2025-04-16 11:14:57] [0;34mℹ Tag: market-research - Used in 7 files[0m
[2025-04-16 11:14:57] [0;34mℹ Tag: investment - Used in 7 files[0m
[2025-04-16 11:14:57] [0;34mℹ Tag: football - Used in 7 files[0m
[2025-04-16 11:14:57] [0;34mℹ Tag: archived - Used in 7 files[0m
[2025-04-16 11:14:57] [0;34mℹ Tag: advisor - Used in 7 files[0m
[2025-04-16 11:14:57] [0;34mℹ Tag: vault - Used in 6 files[0m
[2025-04-16 11:14:57] [0;34mℹ Tag: service - Used in 6 files[0m
[2025-04-16 11:14:57] [0;34mℹ Tag: education - Used in 6 files[0m
[2025-04-16 11:14:57] [0;34mℹ Tag: business-model - Used in 6 files[0m
[2025-04-16 11:14:57] [0;34mℹ Tag: basketball - Used in 6 files[0m
[2025-04-16 11:14:57] [0;34mℹ Tag: ravens - Used in 5 files[0m
[2025-04-16 11:14:57] [0;34mℹ Tag: interviews - Used in 5 files[0m
[2025-04-16 11:14:57] [0;34mℹ Tag: weekly - Used in 4 files[0m
[2025-04-16 11:14:57] [0;34mℹ Tag: veteran - Used in 4 files[0m
[2025-04-16 11:14:57] [0;34mℹ Tag: status:draft - Used in 4 files[0m
[2025-04-16 11:14:57] [0;34mℹ Tag: standards - Used in 4 files[0m
[2025-04-16 11:14:57] [0;34mℹ Tag: service-model - Used in 4 files[0m
[2025-04-16 11:14:57] [0;34mℹ Tag: retirement - Used in 4 files[0m
[2025-04-16 11:14:57] [0;34mℹ Tag: relationship - Used in 4 files[0m
[2025-04-16 11:14:57] [0;34mℹ Tag: profile - Used in 4 files[0m
[2025-04-16 11:14:57] [0;34mℹ Tag: player - Used in 4 files[0m
[2025-04-16 11:14:57] [0;34mℹ Tag: performance - Used in 4 files[0m
[2025-04-16 11:14:57] [0;34mℹ Tag: maintenance - Used in 4 files[0m
[2025-04-16 11:14:57] [0;34mℹ Tag: in-progress - Used in 4 files[0m
[2025-04-16 11:14:57] [0;34mℹ Tag: estate - Used in 4 files[0m
[2025-04-16 11:14:57] [0;34mℹ Tag: complete - Used in 4 files[0m
[2025-04-16 11:14:57] [0;34mℹ Tag: business - Used in 4 files[0m
[2025-04-16 11:14:57] [0;34mℹ Tag: brand - Used in 4 files[0m
[2025-04-16 11:14:57] [0;34mℹ Tag: active - Used in 4 files[0m
[2025-04-16 11:14:57] [0;34mℹ Tag: verification - Used in 3 files[0m
[2025-04-16 11:14:57] [0;34mℹ Tag: templates - Used in 3 files[0m
[2025-04-16 11:14:57] [0;34mℹ Tag: registration - Used in 3 files[0m
[2025-04-16 11:14:57] [0;34mℹ Tag: organization - Used in 3 files[0m
[2025-04-16 11:14:57] [0;34mℹ Tag: meeting - Used in 3 files[0m
[2025-04-16 11:14:57] [0;34mℹ Tag: market-analysis - Used in 3 files[0m
[2025-04-16 11:14:57] [0;34mℹ Tag: index - Used in 3 files[0m
[2025-04-16 11:14:57] [0;34mℹ Tag: home - Used in 3 files[0m
[2025-04-16 11:14:57] [0;34mℹ Tag: directory - Used in 3 files[0m
[2025-04-16 11:14:57] [0;34mℹ Tag: boutique - Used in 3 files[0m
[2025-04-16 11:14:57] [0;34mℹ Tag: athlete-financial - Used in 3 files[0m
[2025-04-16 11:14:57] [0;34mℹ Tag: advisory-board - Used in 3 files[0m
[2025-04-16 11:14:57] [0;34mℹ Tag: tax - Used in 2 files[0m
[2025-04-16 11:14:57] [0;34mℹ Tag: status:completed - Used in 2 files[0m
[2025-04-16 11:14:57] [0;34mℹ Tag: status - Used in 2 files[0m
[2025-04-16 11:14:57] [0;34mℹ Tag: specific-tags - Used in 2 files[0m
[2025-04-16 11:14:57] [0;34mℹ Tag: roadmap - Used in 2 files[0m
[2025-04-16 11:14:57] [0;34mℹ Tag: resources - Used in 2 files[0m
[2025-04-16 11:14:57] [0;34mℹ Tag: resource - Used in 2 files[0m
[2025-04-16 11:14:57] [0;34mℹ Tag: requirements - Used in 2 files[0m
[2025-04-16 11:14:57] [0;34mℹ Tag: raiders - Used in 2 files[0m
[2025-04-16 11:14:57] [0;34mℹ Tag: process - Used in 2 files[0m
[2025-04-16 11:14:57] [0;34mℹ Tag: priority - Used in 2 files[0m
[2025-04-16 11:14:57] [0;34mℹ Tag: plan - Used in 2 files[0m
[2025-04-16 11:14:57] [0;34mℹ Tag: industry-professional - Used in 2 files[0m
[2025-04-16 11:14:57] [0;34mℹ Tag: industry - Used in 2 files[0m
[2025-04-16 11:14:57] [0;34mℹ Tag: financial-advisory - Used in 2 files[0m
[2025-04-16 11:14:57] [0;34mℹ Tag: financial-advisor - Used in 2 files[0m
[2025-04-16 11:14:57] [0;34mℹ Tag: endorsement - Used in 2 files[0m
[2025-04-16 11:14:57] [0;34mℹ Tag: dashboards - Used in 2 files[0m
[2025-04-16 11:14:57] [0;34mℹ Tag: contract - Used in 2 files[0m
[2025-04-16 11:14:58] [0;34mℹ Tag: client - Used in 2 files[0m
[2025-04-16 11:14:58] [0;34mℹ Tag: assets - Used in 2 files[0m
[2025-04-16 11:14:58] [0;34mℹ Tag: agent - Used in 2 files[0m
[2025-04-16 11:14:58] [0;34mℹ Tag: admin - Used in 2 files[0m
[2025-04-16 11:14:58] [0;34mℹ Tag: workflow - Used in 1 files[0m
[2025-04-16 11:14:58] [0;34mℹ Tag: vision - Used in 1 files[0m
[2025-04-16 11:14:58] [0;34mℹ Tag: utilities - Used in 1 files[0m
[2025-04-16 11:14:58] [0;34mℹ Tag: universal - Used in 1 files[0m
[2025-04-16 11:14:58] [0;34mℹ Tag: the - Used in 1 files[0m
[2025-04-16 11:14:58] [0;34mℹ Tag: template-type - Used in 1 files[0m
[2025-04-16 11:14:58] [0;34mℹ Tag: template - Used in 1 files[0m
[2025-04-16 11:14:58] [0;34mℹ Tag: tagging - Used in 1 files[0m
[2025-04-16 11:14:58] [0;34mℹ Tag: tag - Used in 1 files[0m
[2025-04-16 11:14:58] [0;34mℹ Tag: success - Used in 1 files[0m
[2025-04-16 11:14:58] [0;34mℹ Tag: structure - Used in 1 files[0m
[2025-04-16 11:14:58] [0;34mℹ Tag: services - Used in 1 files[0m
[2025-04-16 11:14:58] [0;34mℹ Tag: service-models - Used in 1 files[0m
[2025-04-16 11:14:58] [0;34mℹ Tag: service-gaps - Used in 1 files[0m
[2025-04-16 11:14:58] [0;34mℹ Tag: section - Used in 1 files[0m
[2025-04-16 11:14:58] [0;34mℹ Tag: secondary-tag - Used in 1 files[0m
[2025-04-16 11:14:58] [0;34mℹ Tag: safety - Used in 1 files[0m
[2025-04-16 11:14:58] [0;34mℹ Tag: revenue - Used in 1 files[0m
[2025-04-16 11:14:58] [0;34mℹ Tag: resources/assets - Used in 1 files[0m
[2025-04-16 11:14:58] [0;34mℹ Tag: resources-templates/project - Used in 1 files[0m
[2025-04-16 11:14:58] [0;34mℹ Tag: resources-dashboards/project - Used in 1 files[0m
[2025-04-16 11:14:58] [0;34mℹ Tag: resources-dashboards/interview - Used in 1 files[0m
[2025-04-16 11:14:58] [0;34mℹ Tag: resources-dashboards/financial - Used in 1 files[0m
[2025-04-16 11:14:58] [0;34mℹ Tag: resources-dashboards/competitor - Used in 1 files[0m
[2025-04-16 11:14:58] [0;34mℹ Tag: resources-assets/images - Used in 1 files[0m
[2025-04-16 11:14:58] [0;34mℹ Tag: resources-assets/documents - Used in 1 files[0m
[2025-04-16 11:14:58] [0;34mℹ Tag: resources-assets/diagrams - Used in 1 files[0m
[2025-04-16 11:14:58] [0;34mℹ Tag: reference - Used in 1 files[0m
[2025-04-16 11:14:58] [0;34mℹ Tag: recordkeeping - Used in 1 files[0m
[2025-04-16 11:14:58] [0;34mℹ Tag: quarterback - Used in 1 files[0m
[2025-04-16 11:14:58] [0;34mℹ Tag: priority:high - Used in 1 files[0m
[2025-04-16 11:14:58] [0;34mℹ Tag: primary-tag - Used in 1 files[0m
[2025-04-16 11:14:58] [0;34mℹ Tag: phase-two - Used in 1 files[0m
[2025-04-16 11:14:58] [0;34mℹ Tag: phase-three - Used in 1 files[0m
[2025-04-16 11:14:58] [0;34mℹ Tag: phase-one - Used in 1 files[0m
[2025-04-16 11:14:58] [0;34mℹ Tag: one - Used in 1 files[0m
[2025-04-16 11:14:58] [0;34mℹ Tag: mission - Used in 1 files[0m
[2025-04-16 11:14:58] [0;34mℹ Tag: market-size - Used in 1 files[0m
[2025-04-16 11:14:58] [0;34mℹ Tag: linebacker - Used in 1 files[0m
[2025-04-16 11:14:58] [0;34mℹ Tag: least - Used in 1 files[0m
[2025-04-16 11:14:58] [0;34mℹ Tag: klutch - Used in 1 files[0m
[2025-04-16 11:14:58] [0;34mℹ Tag: high-priority - Used in 1 files[0m
[2025-04-16 11:14:58] [0;34mℹ Tag: guides - Used in 1 files[0m
[2025-04-16 11:14:58] [0;34mℹ Tag: governance - Used in 1 files[0m
[2025-04-16 11:14:58] [0;34mℹ Tag: from - Used in 1 files[0m
[2025-04-16 11:14:58] [0;34mℹ Tag: financial-needs - Used in 1 files[0m
[2025-04-16 11:14:58] [0;34mℹ Tag: fiduciary - Used in 1 files[0m
[2025-04-16 11:14:58] [0;34mℹ Tag: fee-structure - Used in 1 files[0m
[2025-04-16 11:14:58] [0;34mℹ Tag: executive - Used in 1 files[0m
[2025-04-16 11:14:58] [0;34mℹ Tag: execution - Used in 1 files[0m
[2025-04-16 11:14:58] [0;34mℹ Tag: disclosure - Used in 1 files[0m
[2025-04-16 11:14:58] [0;34mℹ Tag: detailed - Used in 1 files[0m
[2025-04-16 11:14:58] [0;34mℹ Tag: defensive-tackle - Used in 1 files[0m
[2025-04-16 11:14:58] [0;34mℹ Tag: content-strategy/implementation - Used in 1 files[0m
[2025-04-16 11:14:58] [0;34mℹ Tag: content-strategy/business-model - Used in 1 files[0m
[2025-04-16 11:14:58] [0;34mℹ Tag: content-research/market-analysis - Used in 1 files[0m
[2025-04-16 11:14:58] [0;34mℹ Tag: content-interviews/agents - Used in 1 files[0m
[2025-04-16 11:14:58] [0;34mℹ Tag: content-compliance/standards - Used in 1 files[0m
[2025-04-16 11:14:58] [0;34mℹ Tag: content-compliance/registration - Used in 1 files[0m
[2025-04-16 11:14:58] [0;34mℹ Tag: content-compliance/advisory-board - Used in 1 files[0m
[2025-04-16 11:14:58] [0;34mℹ Tag: configuration - Used in 1 files[0m
[2025-04-16 11:14:58] [0;34mℹ Tag: completion - Used in 1 files[0m
[2025-04-16 11:14:58] [0;34mℹ Tag: competition - Used in 1 files[0m
[2025-04-16 11:14:58] [0;34mℹ Tag: candidates - Used in 1 files[0m
[2025-04-16 11:14:58] [0;34mℹ Tag: bears - Used in 1 files[0m
[2025-04-16 11:14:58] [0;34mℹ Tag: at - Used in 1 files[0m
[2025-04-16 11:14:58] [0;34mℹ Tag: application - Used in 1 files[0m
[2025-04-16 11:14:58] [0;34mℹ Tag: # - Used in 1 files[0m
[2025-04-16 11:14:58] [0;34mℹ Tag: {{project-tag}} - Used in 1 files[0m
[2025-04-16 11:14:58] [0;34mℹ Tag: -utilities/scripts - Used in 1 files[0m
[2025-04-16 11:14:58] [0;34mℹ Tag: -utilities/config - Used in 1 files[0m
[2025-04-16 11:14:58] [0;32m✓ Tag inventory saved to: /Users/patricksmith/obsidian/acupcakeshop/_utilities/inventory/tag_inventory.csv[0m
[2025-04-16 11:14:58] [0;34mℹ Tags script completed[0m
