Starting final cleanup...
Cleaning up duplicated Documentation files...
Removing duplicate in Documentation root: advanced_enhancement_recommendations.md (exists in Implementation)
Removing duplicate in Documentation root: automation_scripts_guide.md (exists in Reference)
Removing duplicate in Documentation root: dataview_implementation_guide.md (exists in Implementation)
Removing duplicate in Documentation root: enhanced_implementation_plan.md (exists in Implementation)
Removing duplicate in Documentation root: first_phase_plugin_guide.md (exists in Guides)
Removing duplicate in Documentation root: graph_view_optimization.md (exists in Guides)
Removing duplicate in Documentation root: implementation-plan.md (exists in Implementation)
Removing duplicate in Documentation root: implementation_roadmap.md (exists in Implementation)
Removing duplicate in Documentation root: knowledge_graph_enhancement_guide.md (exists in Guides)
Removing duplicate in Documentation root: mermaid_implementation_guide.md (exists in Implementation)
Removing duplicate in Documentation root: obsidian_enhancement_summary.md (exists in Implementation)
Removing duplicate in Documentation root: tagging_implementation_guide.md (exists in Implementation)
Removing duplicate in Documentation root: template_implementation_guide.md (exists in Implementation)
Removing duplicate in Documentation root: yaml_frontmatter_guide.md (exists in Reference)
Removing duplicate in Documentation root: yaml_frontmatter_standardization.md (exists in System)
Fixing duplicate Maps files in Resources...
Removing duplicate Maps.md file
Removing duplicate Maps 1.md file
Moving documentation_dashboard.md to proper location
Final cleanup completed.
Final cleanup log: /Users/patricksmith/obsidian/acupcakeshop/System/Logs/final_cleanup_20250409_213712.log
